Log file open, 04/25/17 17:14:24
LogInit:Display: Running engine for game: MyProject
LogPlatformFile: Not using cached read wrapper
LogInit:Display: RandInit(1717652471) SRandInit(1717652471).
LogTaskGraph: Started task graph with 5 named threads and 8 total threads with 1 sets of task threads.
LogStats: Stats thread started at 0.090948
LogInit: Using libcurl 7.47.1
LogInit:  - built for x86_64-pc-win32
LogInit:  - supports SSL with OpenSSL/1.0.2g
LogInit:  - supports HTTP deflate (compression) using libz 1.2.8
LogInit:  - other features:
LogInit:      CURL_VERSION_SSL
LogInit:      CURL_VERSION_LIBZ
LogInit:      CURL_VERSION_IPV6
LogInit:      CURL_VERSION_ASYNCHDNS
LogInit:      CURL_VERSION_LARGEFILE
LogInit:      CURL_VERSION_IDN
LogInit:  CurlRequestOptions (configurable via config and command line):
LogInit:  - bVerifyPeer = false  - Libcurl will NOT verify peer certificate
LogInit:  - bUseHttpProxy = false  - Libcurl will NOT use HTTP proxy
LogInit:  - bDontReuseConnections = false  - Libcurl will reuse connections
LogInit:  - CertBundlePath = nullptr  - Libcurl will use whatever was configured at build time.
LogInit: Build: ++UE4+Release-4.15-CL-3299760
LogInit: Engine Version: 4.15.0-3299760+++UE4+Release-4.15
LogInit: Compatible Engine Version: 4.15.0-3299760+++UE4+Release-4.15
LogInit: Net CL: 3299760
LogDevObjectVersion: Number of dev versions registered: 14
LogDevObjectVersion:   Dev-Blueprints (B0D832E4-1F89-4F0D-ACCF-7EB736FD4AA2): 8
LogDevObjectVersion:   Dev-Build (E1C64328-A22C-4D53-A36C-8E866417BD8C): 0
LogDevObjectVersion:   Dev-Core (375EC13C-06E4-48FB-B500-84F0262A717E): 2
LogDevObjectVersion:   Dev-Editor (E4B068ED-F494-42E9-A231-DA0B2E46BB41): 14
LogDevObjectVersion:   Dev-Framework (CFFC743F-43B0-4480-9391-14DF171D2073): 22
LogDevObjectVersion:   Dev-Mobile (B02B49B5-BB20-44E9-A304-32B752E40360): 0
LogDevObjectVersion:   Dev-Networking (A4E4105C-59A1-49B5-A7C5-40C4547EDFEE): 0
LogDevObjectVersion:   Dev-Online (39C831C9-5AE6-47DC-9A44-9C173E1C8E7C): 0
LogDevObjectVersion:   Dev-Physics (78F01B33-EBEA-4F98-B9B4-84EACCB95AA2): 0
LogDevObjectVersion:   Dev-Platform (6631380F-2D4D-43E0-8009-CF276956A95A): 0
LogDevObjectVersion:   Dev-Rendering (12F88B9F-8875-4AFC-A67C-D90C383ABD29): 12
LogDevObjectVersion:   Dev-Sequencer (7B5AE74C-D270-4C10-A958-57980B212A5A): 3
LogDevObjectVersion:   Dev-VR (D7296918-1DD6-4BDD-9DE2-64A83CC13884): 0
LogDevObjectVersion:   Dev-LoadTimes (C2A15278-BFE7-4AFE-6C17-90FF531DF755): 1
LogInit: Compiled (64-bit): Feb 14 2017 02:04:14
LogInit: Compiled with Visual C++: 19.00.23026.00
LogInit: Build Configuration: Development
LogInit: Branch Name: ++UE4+Release-4.15
LogInit: Command line: -EpicPortal 
LogInit: Base directory: C:/Program Files/Epic Games/UE_4.15/Engine/Binaries/Win64/
LogInit: Installed Engine Build: 1
LogInit: Presizing for max 8388607 objects, including 0 objects not considered by GC, pre-allocating 0 bytes for permanent pool.
LogInit: Object subsystem initialized
[2017.04.25-15.14.25:375][  0]LogInit: Selected Device Profile: [Windows]
[2017.04.25-15.14.25:375][  0]LogInit: Applying CVar settings loaded from the selected device profile: [Windows]
[2017.04.25-15.14.25:385][  0]LogInit: Computer: THOBIAS
[2017.04.25-15.14.25:385][  0]LogInit: User: Thobias
[2017.04.25-15.14.25:385][  0]LogInit: CPU Page size=65536, Cores=4
[2017.04.25-15.14.25:385][  0]LogInit: High frequency timer resolution =3.215356 MHz
[2017.04.25-15.14.25:386][  0]LogMemory: Memory total: Physical=7.9GB (8GB approx)
[2017.04.25-15.14.25:386][  0]LogMemory: Platform Memory Stats for Windows
[2017.04.25-15.14.25:386][  0]LogMemory: Process Physical Memory: 263.73 MB used, 263.73 MB peak
[2017.04.25-15.14.25:386][  0]LogMemory: Process Virtual Memory: 262.55 MB used, 262.55 MB peak
[2017.04.25-15.14.25:386][  0]LogMemory: Physical Memory: 5018.30 MB used,  3090.81 MB free, 8109.11 MB total
[2017.04.25-15.14.25:386][  0]LogMemory: Virtual Memory: 629.43 MB used,  3090.81 MB free, 134217728.00 MB total
[2017.04.25-15.14.25:496][  0]LogTextLocalizationManager: No translations for ('sv-SE') exist, falling back to 'en' for localization and internationalization data.
[2017.04.25-15.14.26:270][  0]LogD3D11RHI: D3D11 adapters:
[2017.04.25-15.14.26:293][  0]LogD3D11RHI:    0. 'NVIDIA GeForce GTX 560 Ti' (Feature Level 11_0)
[2017.04.25-15.14.26:293][  0]LogD3D11RHI:       978/0/4054 MB DedicatedVideo/DedicatedSystem/SharedSystem, Outputs:2, VendorId:0x10de
[2017.04.25-15.14.26:296][  0]LogD3D11RHI:    1. 'Intel(R) HD Graphics' (Feature Level 10_0)
[2017.04.25-15.14.26:296][  0]LogD3D11RHI:       32/0/1632 MB DedicatedVideo/DedicatedSystem/SharedSystem, Outputs:0, VendorId:0x8086
[2017.04.25-15.14.26:298][  0]LogD3D11RHI:    2. 'Microsoft Basic Render Driver' (Feature Level 11_0)
[2017.04.25-15.14.26:298][  0]LogD3D11RHI:       0/0/4054 MB DedicatedVideo/DedicatedSystem/SharedSystem, Outputs:0, VendorId:0x1414
[2017.04.25-15.14.26:298][  0]LogD3D11RHI: Chosen D3D11 Adapter: 0
[2017.04.25-15.14.26:302][  0]LogD3D11RHI: Creating new Direct3DDevice
[2017.04.25-15.14.26:302][  0]LogD3D11RHI:     GPU DeviceId: 0x1200 (for the marketing name, search the web for "GPU Device Id")
[2017.04.25-15.14.26:302][  0]LogWindows: EnumDisplayDevices:
[2017.04.25-15.14.26:302][  0]LogWindows:    0. 'NVIDIA GeForce GTX 560 Ti' (P:0 D:1)
[2017.04.25-15.14.26:302][  0]LogWindows:    1. 'NVIDIA GeForce GTX 560 Ti' (P:1 D:1)
[2017.04.25-15.14.26:302][  0]LogWindows:    2. 'Intel(R) HD Graphics' (P:0 D:0)
[2017.04.25-15.14.26:303][  0]LogWindows:    3. 'Intel(R) HD Graphics' (P:0 D:0)
[2017.04.25-15.14.26:303][  0]LogWindows: DebugString: PrimaryIsNotTheChoosenAdapter PrimaryIsNotTheChoosenAdapter FoundDriverCount:2 
[2017.04.25-15.14.26:303][  0]LogD3D11RHI:     Adapter Name: NVIDIA GeForce GTX 560 Ti
[2017.04.25-15.14.26:303][  0]LogD3D11RHI:   Driver Version: 376.53 (internal:21.21.13.7653, unified:376.53)
[2017.04.25-15.14.26:303][  0]LogD3D11RHI:      Driver Date: 12-29-2016
[2017.04.25-15.14.26:303][  0]LogRHI: Texture pool is 684 MB (70% of 978 MB)
[2017.04.25-15.14.26:318][  0]LogD3D11RHI:Warning: Timestamp queries are currently disabled on this hardware due to instability. Realtime GPU stats will not be available. You can override this behaviour by setting r.NVIDIATimestampWorkaround to 0
[2017.04.25-15.14.26:319][  0]LogD3D11RHI: Async texture creation enabled
[2017.04.25-15.14.26:329][  0]LogD3D11RHI: GPU Timing Frequency: 1000.000000 (Debug: 2 1)
[2017.04.25-15.14.26:430][  0]LogShaderCompilers: Guid format shader working directory is -34 characters bigger than the processId version (../../../../../../Users/Thobias/Documents/Unreal Projects/project1.3/MyProject 1.2/Intermediate/Shaders/WorkingDirectory/2664/).
[2017.04.25-15.14.26:430][  0]LogShaderCompilers: Cleaned the shader compiler working directory 'C:/Users/Thobias/AppData/Local/Temp/UnrealShaderWorkingDir/2F053EFB402A7D281CB3D89E0370F919/'.
[2017.04.25-15.14.26:430][  0]LogShaderCompilers:Display: Using Local Shader Compiler.
[2017.04.25-15.14.30:477][  0]LogTemp:Display: Loaded TP AllDesktopTargetPlatform
[2017.04.25-15.14.30:571][  0]LogTemp:Display: Loaded TP MacClientTargetPlatform
[2017.04.25-15.14.30:667][  0]LogTemp:Display: Loaded TP MacNoEditorTargetPlatform
[2017.04.25-15.14.30:761][  0]LogTemp:Display: Loaded TP MacServerTargetPlatform
[2017.04.25-15.14.30:855][  0]LogTemp:Display: Loaded TP MacTargetPlatform
[2017.04.25-15.14.30:949][  0]LogTemp:Display: Loaded TP WindowsClientTargetPlatform
[2017.04.25-15.14.31:043][  0]LogTemp:Display: Loaded TP WindowsNoEditorTargetPlatform
[2017.04.25-15.14.31:135][  0]LogTemp:Display: Loaded TP WindowsServerTargetPlatform
[2017.04.25-15.14.31:215][  0]LogTemp:Display: Loaded TP WindowsTargetPlatform
[2017.04.25-15.14.31:307][  0]LogTemp:Display: Loaded TP AndroidTargetPlatform
[2017.04.25-15.14.31:398][  0]LogTemp:Display: Loaded TP Android_ASTCTargetPlatform
[2017.04.25-15.14.31:488][  0]LogTemp:Display: Loaded TP Android_ATCTargetPlatform
[2017.04.25-15.14.31:581][  0]LogTemp:Display: Loaded TP Android_DXTTargetPlatform
[2017.04.25-15.14.31:681][  0]LogTemp:Display: Loaded TP Android_ETC1TargetPlatform
[2017.04.25-15.14.31:772][  0]LogTemp:Display: Loaded TP Android_ETC2TargetPlatform
[2017.04.25-15.14.31:955][  0]LogTemp:Display: Loaded TP Android_MultiTargetPlatform
[2017.04.25-15.14.31:955][  0]LogTemp:Display: Loaded TP Android_PVRTCTargetPlatform
[2017.04.25-15.14.32:025][  0]LogTemp:Display: Loaded TP HTML5TargetPlatform
[2017.04.25-15.14.32:173][  0]LogTemp:Display: Loaded TP IOSTargetPlatform
[2017.04.25-15.14.32:222][  0]LogTemp:Display: Loaded TP TVOSTargetPlatform
[2017.04.25-15.14.32:312][  0]LogTemp:Display: Loaded TP LinuxClientTargetPlatform
[2017.04.25-15.14.32:403][  0]LogTemp:Display: Loaded TP LinuxNoEditorTargetPlatform
[2017.04.25-15.14.32:494][  0]LogTemp:Display: Loaded TP LinuxServerTargetPlatform
[2017.04.25-15.14.32:585][  0]LogTemp:Display: Loaded TP LinuxTargetPlatform
[2017.04.25-15.14.32:585][  0]LogTargetPlatformManager:Display: Building Assets For Windows
[2017.04.25-15.14.33:295][  0]LogDerivedDataCache:Display: Max Cache Size: 512 MB
[2017.04.25-15.14.33:357][  0]LogDerivedDataCache: Loaded boot cache 0.06s 50MB C:/Users/Thobias/AppData/Local/UnrealEngine/4.15/DerivedDataCache/Boot.ddc.
[2017.04.25-15.14.33:357][  0]LogDerivedDataCache:Display: Loaded Boot cache: C:/Users/Thobias/AppData/Local/UnrealEngine/4.15/DerivedDataCache/Boot.ddc
[2017.04.25-15.14.33:357][  0]LogDerivedDataCache: FDerivedDataBackendGraph:  Pak pak cache file ../../../../../../Users/Thobias/Documents/Unreal Projects/project1.3/MyProject 1.2/DerivedDataCache/DDC.ddp not found, will not use a pak cache.
[2017.04.25-15.14.33:357][  0]LogDerivedDataCache: Unable to find inner node Pak for hierarchical cache Hierarchy.
[2017.04.25-15.14.33:357][  0]LogDerivedDataCache: FDerivedDataBackendGraph:  CompressedPak pak cache file ../../../../../../Users/Thobias/Documents/Unreal Projects/project1.3/MyProject 1.2/DerivedDataCache/Compressed.ddp not found, will not use a pak cache.
[2017.04.25-15.14.33:357][  0]LogDerivedDataCache: Unable to find inner node CompressedPak for hierarchical cache Hierarchy.
[2017.04.25-15.14.33:378][  0]LogDerivedDataCache:Display: Pak cache opened for reading ../../../Engine/DerivedDataCache/Compressed.ddp.
[2017.04.25-15.14.33:391][  0]LogDerivedDataCache: Using Local data cache path C:/Users/Thobias/AppData/Local/UnrealEngine/Common/DerivedDataCache: Writable
[2017.04.25-15.14.33:400][  0]LogSlate: Using Freetype 2.6.0
[2017.04.25-15.14.33:401][  0]LogSlate: SlateFontCache - WITH_FREETYPE: 1, WITH_HARFBUZZ: 1
[2017.04.25-15.14.33:401][  0]LogSlate: SlateFontCache - WITH_FREETYPE: 1, WITH_HARFBUZZ: 1
[2017.04.25-15.14.33:766][  0]LogInit: Selected Device Profile: [Windows]
[2017.04.25-15.14.33:769][  0]LogContentStreaming: Texture pool size is 0.00 MB
[2017.04.25-15.14.34:072][  0]LogMeshUtilities: Using QuadricMeshReduction for automatic static mesh reduction
[2017.04.25-15.14.34:151][  0]LogSimplygon: Simplygon DLL not present - disabling.
[2017.04.25-15.14.34:238][  0]LogMeshUtilities: Using SimplygonSwarm for distributed automatic mesh merging
[2017.04.25-15.14.34:238][  0]LogMeshUtilities: No automatic skeletal mesh reduction module available
[2017.04.25-15.14.34:238][  0]LogMeshUtilities: No automatic mesh merging module available
[2017.04.25-15.14.34:934][  0]LogNetVersion: GetLocalNetworkVersion: CL: 3299760, ProjectName: myproject, ProjectVersion: , EngineNetworkVersion: 2, GameNetworkVersion: 0, NetworkChecksum: 4136520461
[2017.04.25-15.14.34:991][  0]LogAssetRegistry: FAssetRegistry took 0.0225 seconds to start up
[2017.04.25-15.14.35:037][  0]LogPackageLocalizationCache: Processed 3 localized package path(s) for 1 prioritized culture(s) in 0.015048 seconds
[2017.04.25-15.14.35:043][  0]LogUObjectArray: 32475 objects as part of root set at end of initial load.
[2017.04.25-15.14.35:043][  0]LogUObjectAllocator: 7073360 out of 0 bytes used by permanent object pool.
[2017.04.25-15.14.35:043][  0]LogUObjectArray: CloseDisregardForGC: 0/0 objects in disregard for GC pool
[2017.04.25-15.14.35:138][  0]LogInit: WinSock: version 1.1 (2.2), MaxSocks=32767, MaxUdp=65467
[2017.04.25-15.14.37:751][  0]LogTcpMessaging: Initializing TcpMessaging bridge
[2017.04.25-15.14.37:811][  0]LogUdpMessaging: Initializing bridge on interface 0.0.0.0:0 to multicast group 230.0.0.1:6666.
[2017.04.25-15.14.38:609][  0]LogMaterial: Uniform references updated for custom material expression Custom.
[2017.04.25-15.14.39:271][  0]SourceControl: Info Source control is disabled
[2017.04.25-15.14.39:272][  0]SourceControl: Info Source control is disabled
[2017.04.25-15.14.39:361][  0]SourceControl: Info Source control is disabled
[2017.04.25-15.14.39:449][  0]SourceControl: Info Source control is disabled
[2017.04.25-15.14.41:724][  0]LogEngine: Initializing Engine...
[2017.04.25-15.14.41:735][  0]LogHMD: Failed to initialize OpenVR with code 108
[2017.04.25-15.14.42:080][  0]LogAIModule: Creating AISystem for world Untitled
[2017.04.25-15.14.42:093][  0]LogInit: XAudio2 using 'Speakers (Realtek High Definition Audio)' : 2 channels at 48 kHz using 32 bits per sample (channel mask 0x3)
[2017.04.25-15.14.42:111][  0]LogInit: FAudioDevice initialized.
[2017.04.25-15.14.42:137][  0]LogDerivedDataCache: Saved boot cache 0.03s 50MB C:/Users/Thobias/AppData/Local/UnrealEngine/4.15/DerivedDataCache/Boot.ddc.
[2017.04.25-15.14.42:147][  0]LogInit: Texture streaming: Enabled
[2017.04.25-15.14.42:290][  0]LogEngineSessionManager: EngineSessionManager initialized
[2017.04.25-15.14.42:448][  0]LogInit: Transaction tracking system initialized
[2017.04.25-15.14.43:090][  0]BlueprintLog: New page: Editor Load
[2017.04.25-15.14.44:660][  0]LocalizationService: Info Localization service is disabled
[2017.04.25-15.14.45:856][  0]LogConsoleResponse:Display: 
[2017.04.25-15.14.46:019][  0]LogCook:Display: Max memory allowance for cook 16384mb min free memory 0mb
[2017.04.25-15.14.46:019][  0]LogCook:Display: Mobile HDR setting 1
[2017.04.25-15.14.46:850][  0]LogFileCache: Scanning file cache for directory 'C:/Users/Thobias/Documents/Unreal Projects/project1.3/MyProject 1.2/Content/' took 0.02s
[2017.04.25-15.14.47:871][  0]SourceControl: Info Source control is disabled
[2017.04.25-15.14.47:871][  0]Cmd: MAP LOAD FILE="../../../../../../Users/Thobias/Documents/Unreal Projects/project1.3/MyProject 1.2/Content/FirstPersonBP/Maps/FirstPersonExampleMap.umap" TEMPLATE=0 SHOWPROGRESS=1 FEATURELEVEL=3
[2017.04.25-15.14.47:872][  0]LightingResults: New page: Lighting Build
[2017.04.25-15.14.47:946][  0]MapCheck: New page: Map Check
[2017.04.25-15.14.47:946][  0]LightingResults: New page: Lighting Build
[2017.04.25-15.14.48:602][  0]LogAIModule: Creating AISystem for world FirstPersonExampleMap
[2017.04.25-15.14.48:614][  0]LogEditorServer: Finished looking for orphan Actors (0.000 secs)
[2017.04.25-15.14.48:615][  0]Cmd: MAP CHECKDEP NOCLEARLOG
[2017.04.25-15.14.48:752][  0]MapCheck: Info Map check complete: 0 Error(s), 0 Warning(s), took 136.573ms to complete.
[2017.04.25-15.14.48:752][  0]LogFileHelpers: Loading map 'FirstPersonExampleMap' took 0.880
[2017.04.25-15.14.48:811][  0]LogWindowsTextInputMethodSystem:Display: IME system now deactivated.
[2017.04.25-15.14.48:811][  0]LogWindowsTextInputMethodSystem:Display: IME system now deactivated.
[2017.04.25-15.14.48:957][  0]LogCollectionManager: Loaded 0 collections in 0.002806 seconds
[2017.04.25-15.14.49:072][  0]LogFileCache: Scanning file cache for directory 'C:/Users/Thobias/Documents/Unreal Projects/project1.3/MyProject 1.2/Saved/Collections/' took 0.01s
[2017.04.25-15.14.49:072][  0]LogFileCache: Scanning file cache for directory 'C:/Users/Thobias/Documents/Unreal Projects/project1.3/MyProject 1.2/Content/Developers/Thobias/Collections/' took 0.01s
[2017.04.25-15.14.49:072][  0]LogFileCache: Scanning file cache for directory 'C:/Users/Thobias/Documents/Unreal Projects/project1.3/MyProject 1.2/Content/Collections/' took 0.01s
[2017.04.25-15.14.49:072][  0]LogCollectionManager: Rebuilt the GUID cache for 0 collections in 0.000002 seconds
[2017.04.25-15.14.49:082][  0]LogContentBrowser: Native class hierarchy populated in 0.0095 seconds. Added 2244 classes and 450 folders.
[2017.04.25-15.14.49:085][  0]LogStats: UGameplayTagsManager::ConstructGameplayTagTree: Construct from data asset -  0.000 s
[2017.04.25-15.14.49:085][  0]LogStats: UGameplayTagsManager::ConstructGameplayTagTree: GameplayTagTreeChangedEvent.Broadcast -  0.000 s
[2017.04.25-15.14.49:194][  0]LogContentBrowser: Native class hierarchy updated for 'WidgetCarousel' in 0.0006 seconds. Added 0 classes and 0 folders.
[2017.04.25-15.14.49:276][  0]LogContentBrowser: Native class hierarchy updated for 'AddContentDialog' in 0.0005 seconds. Added 0 classes and 0 folders.
[2017.04.25-15.14.49:354][  0]LogContentBrowser: Native class hierarchy updated for 'SceneOutliner' in 0.0006 seconds. Added 1 classes and 2 folders.
[2017.04.25-15.14.49:417][  0]LogCrashTracker: Crashtracker disabled due to settings.
[2017.04.25-15.14.49:424][  0]LogUObjectGlobals:Warning: Failed to find object 'Class None.'
[2017.04.25-15.14.49:526][  0]LogContentBrowser: Native class hierarchy updated for 'HierarchicalLODOutliner' in 0.0006 seconds. Added 1 classes and 2 folders.
[2017.04.25-15.14.49:526][  0]LogLoad: (Engine Initialization) Total time: 26.88 seconds
[2017.04.25-15.14.49:526][  0]LogLoad: (Engine Initialization) Total Blueprint compile time: 0.27 seconds
[2017.04.25-15.14.49:526][  0]LogExternalProfiler: Found external profiler: VSPerf
[2017.04.25-15.14.49:526][  0]LogExternalProfiler: Using external profiler: VSPerf
[2017.04.25-15.14.49:536][  0]LogOcInput: OculusInput pre-init called
[2017.04.25-15.14.49:566][  0]LogContentStreaming: Texture pool size now 1000 MB
[2017.04.25-15.14.49:568][  0]LogSlate: Took 0.000343 seconds to synchronously load lazily loaded font '../../../Engine/Content/Slate/Fonts/Roboto-Regular.ttf' (155K)
[2017.04.25-15.14.49:572][  0]LogSlate: Took 0.000305 seconds to synchronously load lazily loaded font '../../../Engine/Content/Slate/Fonts/Roboto-Bold.ttf' (160K)
[2017.04.25-15.14.49:579][  0]LogSlate: Took 0.000329 seconds to synchronously load lazily loaded font '../../../Engine/Content/Editor/Slate/Fonts/FontAwesome.ttf' (139K)
[2017.04.25-15.14.49:728][  0]LogRenderer: Reallocating scene render targets to support 1232x612 NumSamples 1 (Frame:2).
[2017.04.25-15.14.49:785][  0]LogSlate: Took 0.000371 seconds to synchronously load lazily loaded font '../../../Engine/Content/Slate/Fonts/Roboto-Light.ttf' (159K)
[2017.04.25-15.14.49:845][  1]LogFileCache: Retrieving MD5 hashes for directory 'C:/Users/Thobias/Documents/Unreal Projects/project1.3/MyProject 1.2/Content/' took 0.30s
[2017.04.25-15.14.49:856][  1]LogAssetRegistry: Asset discovery search completed in 14.8879 seconds
[2017.04.25-15.14.49:856][  1]LogCollectionManager: Rebuilt the object cache for 0 collections in 0.000006 seconds (found 0 objects)
[2017.04.25-15.14.49:856][  1]LogCollectionManager: Fixed up redirectors for 0 collections in 0.000022 seconds (updated 0 objects)
[2017.04.25-15.15.18:246][375]LogSlate: Took 0.000250 seconds to synchronously load lazily loaded font '../../../Engine/Content/Slate/Fonts/Roboto-Light.ttf' (159K)
[2017.04.25-15.15.18:922][375]LogAIModule: Creating AISystem for world korridor
[2017.04.25-15.15.18:968][375]Cmd: MAP LOAD FILE="../../../../../../Users/Thobias/Documents/Unreal Projects/project1.3/MyProject 1.2/Content/korridor.umap" TEMPLATE=0 SHOWPROGRESS=1 FEATURELEVEL=3
[2017.04.25-15.15.18:968][375]LightingResults: New page: Lighting Build
[2017.04.25-15.15.18:970][375]LoadErrors: New page: Loading map: korridor.umap
[2017.04.25-15.15.18:971][375]MapCheck: New page: Map Check
[2017.04.25-15.15.18:971][375]LightingResults: New page: Lighting Build
[2017.04.25-15.15.19:003][375]LogEditorServer: Finished looking for orphan Actors (0.000 secs)
[2017.04.25-15.15.19:026][375]Cmd: MAP CHECKDEP NOCLEARLOG
[2017.04.25-15.15.19:214][375]MapCheck: Info Map check complete: 0 Error(s), 0 Warning(s), took 187.678ms to complete.
[2017.04.25-15.15.19:215][375]LogFileHelpers: Loading map 'korridor' took 0.248
[2017.04.25-15.15.28:174][144]Cmd: OBJ SAVEPACKAGE PACKAGE="/Game/korridor" FILE="../../../../../../Users/Thobias/Documents/Unreal Projects/project1.3/MyProject 1.2/Content/korridor.umap" SILENT=true AUTOSAVING=false KEEPDIRTY=false
[2017.04.25-15.15.28:600][144]LogSavePackage: Save=358.82ms
[2017.04.25-15.15.28:600][144]LogSavePackage: Moving '../../../../../../Users/Thobias/Documents/Unreal Projects/project1.3/MyProject 1.2/Saved/korridor7B2E55264C3FDEE5756252AB22DC134F.tmp' to '../../../../../../Users/Thobias/Documents/Unreal Projects/project1.3/MyProject 1.2/Content/korridor.umap'
[2017.04.25-15.15.28:602][144]LogSavePackage:Display: Finished SavePackage ../../../../../../Users/Thobias/Documents/Unreal Projects/project1.3/MyProject 1.2/Content/korridor.umap
[2017.04.25-15.15.28:642][144]Cmd: OBJ SAVEPACKAGE PACKAGE="/Game/korridor_BuiltData" FILE="../../../../../../Users/Thobias/Documents/Unreal Projects/project1.3/MyProject 1.2/Content/korridor_BuiltData.uasset" SILENT=true
[2017.04.25-15.15.28:688][144]LogSavePackage: Save=1.75ms
[2017.04.25-15.15.28:688][144]LogSavePackage: Moving '../../../../../../Users/Thobias/Documents/Unreal Projects/project1.3/MyProject 1.2/Saved/korridor_BuiltDataBEE3CD5247BE63479E59B6B67D15F741.tmp' to '../../../../../../Users/Thobias/Documents/Unreal Projects/project1.3/MyProject 1.2/Content/korridor_BuiltData.uasset'
[2017.04.25-15.15.28:690][144]LogSavePackage:Display: Finished SavePackage ../../../../../../Users/Thobias/Documents/Unreal Projects/project1.3/MyProject 1.2/Content/korridor_BuiltData.uasset
[2017.04.25-15.15.32:813][565]LogTemp: Repeting last play command: Selected Viewport
[2017.04.25-15.15.32:826][565]LogPlayLevel: PlayLevel: No blueprints needed recompiling
[2017.04.25-15.15.32:827][565]PIE: New page: PIE session: korridor (Apr 25, 2017, 7:15:32 PM)
[2017.04.25-15.15.32:827][565]LogPlayLevel: Creating play world package: /Game/UEDPIE_0_korridor
[2017.04.25-15.15.32:874][565]LogPlayLevel: PIE: StaticDuplicateObject took: (0.047211s)
[2017.04.25-15.15.32:875][565]LogAIModule: Creating AISystem for world korridor
[2017.04.25-15.15.32:875][565]LogPlayLevel: PIE: World Init took: (0.000850s)
[2017.04.25-15.15.32:875][565]LogPlayLevel: PIE: Created PIE world by copying editor world from /Game/korridor.korridor to /Game/UEDPIE_0_korridor.korridor (0.048375s)
[2017.04.25-15.15.32:891][565]LogInit: XAudio2 using 'Speakers (Realtek High Definition Audio)' : 2 channels at 48 kHz using 32 bits per sample (channel mask 0x3)
[2017.04.25-15.15.32:904][565]LogInit: FAudioDevice initialized.
[2017.04.25-15.15.32:951][565]LogLoad: Game class is 'FirstPersonGameMode_C'
[2017.04.25-15.15.32:959][565]LogWorld: Bringing World /Game/UEDPIE_0_korridor.korridor up for play (max tick rate 0) at 2017.04.25-17.15.32
[2017.04.25-15.15.32:960][565]LogWorld: Bringing up level for play took: 0.007277
[2017.04.25-15.15.33:041][565]LogContentBrowser: Native class hierarchy updated for 'MovieSceneCapture' in 0.0007 seconds. Added 11 classes and 0 folders.
[2017.04.25-15.15.33:044][565]PIE: Info Play in editor start time for /Game/UEDPIE_0_korridor 1.091
[2017.04.25-15.17.40:116][650]LogEditorViewport: Clicking on Actor (LMB): StaticMeshActor (Cone)
[2017.04.25-15.17.40:745][654]LogD3D11RHI: Timed out while waiting for GPU to catch up. (0.5 s)
[2017.04.25-15.17.43:697][654]LogD3D11RHI:Error: Direct3DDeviceIMContext->Map(TempTexture2D,0,D3D11_MAP_READ,0,&LockedRect) failed 
 at D:\Build\++UE4+Release-4.15+Compile\Sync\Engine\Source\Runtime\Windows\D3D11RHI\Private\D3D11RenderTarget.cpp:599 
 with error DXGI_ERROR_DEVICE_REMOVED DXGI_ERROR_DEVICE_HUNG
[2017.04.25-15.17.43:835][654]LogWindows: Windows GetLastError: The operation completed successfully. (0)
