Log file open, 04/25/17 16:59:55
LogInit:Display: Running engine for game: MyProject
LogPlatformFile: Not using cached read wrapper
LogInit:Display: RandInit(-1076523587) SRandInit(-1076523587).
LogTaskGraph: Started task graph with 5 named threads and 8 total threads with 1 sets of task threads.
LogStats: Stats thread started at 0.094138
LogInit: Using libcurl 7.47.1
LogInit:  - built for x86_64-pc-win32
LogInit:  - supports SSL with OpenSSL/1.0.2g
LogInit:  - supports HTTP deflate (compression) using libz 1.2.8
LogInit:  - other features:
LogInit:      CURL_VERSION_SSL
LogInit:      CURL_VERSION_LIBZ
LogInit:      CURL_VERSION_IPV6
LogInit:      CURL_VERSION_ASYNCHDNS
LogInit:      CURL_VERSION_LARGEFILE
LogInit:      CURL_VERSION_IDN
LogInit:  CurlRequestOptions (configurable via config and command line):
LogInit:  - bVerifyPeer = false  - Libcurl will NOT verify peer certificate
LogInit:  - bUseHttpProxy = false  - Libcurl will NOT use HTTP proxy
LogInit:  - bDontReuseConnections = false  - Libcurl will reuse connections
LogInit:  - CertBundlePath = nullptr  - Libcurl will use whatever was configured at build time.
LogInit: Build: ++UE4+Release-4.15-CL-3299760
LogInit: Engine Version: 4.15.0-3299760+++UE4+Release-4.15
LogInit: Compatible Engine Version: 4.15.0-3299760+++UE4+Release-4.15
LogInit: Net CL: 3299760
LogDevObjectVersion: Number of dev versions registered: 14
LogDevObjectVersion:   Dev-Blueprints (B0D832E4-1F89-4F0D-ACCF-7EB736FD4AA2): 8
LogDevObjectVersion:   Dev-Build (E1C64328-A22C-4D53-A36C-8E866417BD8C): 0
LogDevObjectVersion:   Dev-Core (375EC13C-06E4-48FB-B500-84F0262A717E): 2
LogDevObjectVersion:   Dev-Editor (E4B068ED-F494-42E9-A231-DA0B2E46BB41): 14
LogDevObjectVersion:   Dev-Framework (CFFC743F-43B0-4480-9391-14DF171D2073): 22
LogDevObjectVersion:   Dev-Mobile (B02B49B5-BB20-44E9-A304-32B752E40360): 0
LogDevObjectVersion:   Dev-Networking (A4E4105C-59A1-49B5-A7C5-40C4547EDFEE): 0
LogDevObjectVersion:   Dev-Online (39C831C9-5AE6-47DC-9A44-9C173E1C8E7C): 0
LogDevObjectVersion:   Dev-Physics (78F01B33-EBEA-4F98-B9B4-84EACCB95AA2): 0
LogDevObjectVersion:   Dev-Platform (6631380F-2D4D-43E0-8009-CF276956A95A): 0
LogDevObjectVersion:   Dev-Rendering (12F88B9F-8875-4AFC-A67C-D90C383ABD29): 12
LogDevObjectVersion:   Dev-Sequencer (7B5AE74C-D270-4C10-A958-57980B212A5A): 3
LogDevObjectVersion:   Dev-VR (D7296918-1DD6-4BDD-9DE2-64A83CC13884): 0
LogDevObjectVersion:   Dev-LoadTimes (C2A15278-BFE7-4AFE-6C17-90FF531DF755): 1
LogInit: Compiled (64-bit): Feb 14 2017 02:04:14
LogInit: Compiled with Visual C++: 19.00.23026.00
LogInit: Build Configuration: Development
LogInit: Branch Name: ++UE4+Release-4.15
LogInit: Command line: -EpicPortal 
LogInit: Base directory: C:/Program Files/Epic Games/UE_4.15/Engine/Binaries/Win64/
LogInit: Installed Engine Build: 1
LogInit: Presizing for max 8388607 objects, including 0 objects not considered by GC, pre-allocating 0 bytes for permanent pool.
LogInit: Object subsystem initialized
[2017.04.25-14.59.56:707][  0]LogInit: Selected Device Profile: [Windows]
[2017.04.25-14.59.56:707][  0]LogInit: Applying CVar settings loaded from the selected device profile: [Windows]
[2017.04.25-14.59.56:736][  0]LogInit: Computer: THOBIAS
[2017.04.25-14.59.56:736][  0]LogInit: User: Thobias
[2017.04.25-14.59.56:736][  0]LogInit: CPU Page size=65536, Cores=4
[2017.04.25-14.59.56:736][  0]LogInit: High frequency timer resolution =3.215356 MHz
[2017.04.25-14.59.56:736][  0]LogMemory: Memory total: Physical=7.9GB (8GB approx)
[2017.04.25-14.59.56:736][  0]LogMemory: Platform Memory Stats for Windows
[2017.04.25-14.59.56:736][  0]LogMemory: Process Physical Memory: 263.73 MB used, 263.73 MB peak
[2017.04.25-14.59.56:736][  0]LogMemory: Process Virtual Memory: 262.55 MB used, 262.55 MB peak
[2017.04.25-14.59.56:736][  0]LogMemory: Physical Memory: 5147.13 MB used,  2961.99 MB free, 8109.11 MB total
[2017.04.25-14.59.56:736][  0]LogMemory: Virtual Memory: 629.43 MB used,  2961.99 MB free, 134217728.00 MB total
[2017.04.25-14.59.56:852][  0]LogTextLocalizationManager: No translations for ('sv-SE') exist, falling back to 'en' for localization and internationalization data.
[2017.04.25-14.59.57:632][  0]LogD3D11RHI: D3D11 adapters:
[2017.04.25-14.59.57:654][  0]LogD3D11RHI:    0. 'NVIDIA GeForce GTX 560 Ti' (Feature Level 11_0)
[2017.04.25-14.59.57:654][  0]LogD3D11RHI:       978/0/4054 MB DedicatedVideo/DedicatedSystem/SharedSystem, Outputs:2, VendorId:0x10de
[2017.04.25-14.59.57:657][  0]LogD3D11RHI:    1. 'Intel(R) HD Graphics' (Feature Level 10_0)
[2017.04.25-14.59.57:657][  0]LogD3D11RHI:       32/0/1632 MB DedicatedVideo/DedicatedSystem/SharedSystem, Outputs:0, VendorId:0x8086
[2017.04.25-14.59.57:659][  0]LogD3D11RHI:    2. 'Microsoft Basic Render Driver' (Feature Level 11_0)
[2017.04.25-14.59.57:659][  0]LogD3D11RHI:       0/0/4054 MB DedicatedVideo/DedicatedSystem/SharedSystem, Outputs:0, VendorId:0x1414
[2017.04.25-14.59.57:659][  0]LogD3D11RHI: Chosen D3D11 Adapter: 0
[2017.04.25-14.59.57:663][  0]LogD3D11RHI: Creating new Direct3DDevice
[2017.04.25-14.59.57:663][  0]LogD3D11RHI:     GPU DeviceId: 0x1200 (for the marketing name, search the web for "GPU Device Id")
[2017.04.25-14.59.57:663][  0]LogWindows: EnumDisplayDevices:
[2017.04.25-14.59.57:664][  0]LogWindows:    0. 'NVIDIA GeForce GTX 560 Ti' (P:0 D:1)
[2017.04.25-14.59.57:664][  0]LogWindows:    1. 'NVIDIA GeForce GTX 560 Ti' (P:1 D:1)
[2017.04.25-14.59.57:664][  0]LogWindows:    2. 'Intel(R) HD Graphics' (P:0 D:0)
[2017.04.25-14.59.57:664][  0]LogWindows:    3. 'Intel(R) HD Graphics' (P:0 D:0)
[2017.04.25-14.59.57:664][  0]LogWindows: DebugString: PrimaryIsNotTheChoosenAdapter PrimaryIsNotTheChoosenAdapter FoundDriverCount:2 
[2017.04.25-14.59.57:664][  0]LogD3D11RHI:     Adapter Name: NVIDIA GeForce GTX 560 Ti
[2017.04.25-14.59.57:664][  0]LogD3D11RHI:   Driver Version: 376.53 (internal:21.21.13.7653, unified:376.53)
[2017.04.25-14.59.57:664][  0]LogD3D11RHI:      Driver Date: 12-29-2016
[2017.04.25-14.59.57:664][  0]LogRHI: Texture pool is 684 MB (70% of 978 MB)
[2017.04.25-14.59.57:679][  0]LogD3D11RHI:Warning: Timestamp queries are currently disabled on this hardware due to instability. Realtime GPU stats will not be available. You can override this behaviour by setting r.NVIDIATimestampWorkaround to 0
[2017.04.25-14.59.57:680][  0]LogD3D11RHI: Async texture creation enabled
[2017.04.25-14.59.57:690][  0]LogD3D11RHI: GPU Timing Frequency: 1000.000000 (Debug: 2 1)
[2017.04.25-14.59.57:788][  0]LogShaderCompilers: Guid format shader working directory is -34 characters bigger than the processId version (../../../../../../Users/Thobias/Documents/Unreal Projects/project1.3/MyProject 1.2/Intermediate/Shaders/WorkingDirectory/2144/).
[2017.04.25-14.59.57:788][  0]LogShaderCompilers: Cleaned the shader compiler working directory 'C:/Users/Thobias/AppData/Local/Temp/UnrealShaderWorkingDir/07A9CCD24EBEFC3DDE2E598B7A60116A/'.
[2017.04.25-14.59.57:788][  0]LogShaderCompilers:Display: Using Local Shader Compiler.
[2017.04.25-15.00.02:027][  0]LogTemp:Display: Loaded TP AllDesktopTargetPlatform
[2017.04.25-15.00.02:126][  0]LogTemp:Display: Loaded TP MacClientTargetPlatform
[2017.04.25-15.00.02:226][  0]LogTemp:Display: Loaded TP MacNoEditorTargetPlatform
[2017.04.25-15.00.02:324][  0]LogTemp:Display: Loaded TP MacServerTargetPlatform
[2017.04.25-15.00.02:423][  0]LogTemp:Display: Loaded TP MacTargetPlatform
[2017.04.25-15.00.02:521][  0]LogTemp:Display: Loaded TP WindowsClientTargetPlatform
[2017.04.25-15.00.02:620][  0]LogTemp:Display: Loaded TP WindowsNoEditorTargetPlatform
[2017.04.25-15.00.02:717][  0]LogTemp:Display: Loaded TP WindowsServerTargetPlatform
[2017.04.25-15.00.02:805][  0]LogTemp:Display: Loaded TP WindowsTargetPlatform
[2017.04.25-15.00.02:904][  0]LogTemp:Display: Loaded TP AndroidTargetPlatform
[2017.04.25-15.00.02:999][  0]LogTemp:Display: Loaded TP Android_ASTCTargetPlatform
[2017.04.25-15.00.03:097][  0]LogTemp:Display: Loaded TP Android_ATCTargetPlatform
[2017.04.25-15.00.03:191][  0]LogTemp:Display: Loaded TP Android_DXTTargetPlatform
[2017.04.25-15.00.03:290][  0]LogTemp:Display: Loaded TP Android_ETC1TargetPlatform
[2017.04.25-15.00.03:386][  0]LogTemp:Display: Loaded TP Android_ETC2TargetPlatform
[2017.04.25-15.00.03:580][  0]LogTemp:Display: Loaded TP Android_MultiTargetPlatform
[2017.04.25-15.00.03:580][  0]LogTemp:Display: Loaded TP Android_PVRTCTargetPlatform
[2017.04.25-15.00.03:656][  0]LogTemp:Display: Loaded TP HTML5TargetPlatform
[2017.04.25-15.00.03:809][  0]LogTemp:Display: Loaded TP IOSTargetPlatform
[2017.04.25-15.00.03:860][  0]LogTemp:Display: Loaded TP TVOSTargetPlatform
[2017.04.25-15.00.03:955][  0]LogTemp:Display: Loaded TP LinuxClientTargetPlatform
[2017.04.25-15.00.04:053][  0]LogTemp:Display: Loaded TP LinuxNoEditorTargetPlatform
[2017.04.25-15.00.04:149][  0]LogTemp:Display: Loaded TP LinuxServerTargetPlatform
[2017.04.25-15.00.04:246][  0]LogTemp:Display: Loaded TP LinuxTargetPlatform
[2017.04.25-15.00.04:246][  0]LogTargetPlatformManager:Display: Building Assets For Windows
[2017.04.25-15.00.05:003][  0]LogDerivedDataCache:Display: Max Cache Size: 512 MB
[2017.04.25-15.00.05:063][  0]LogDerivedDataCache: Loaded boot cache 0.06s 50MB C:/Users/Thobias/AppData/Local/UnrealEngine/4.15/DerivedDataCache/Boot.ddc.
[2017.04.25-15.00.05:063][  0]LogDerivedDataCache:Display: Loaded Boot cache: C:/Users/Thobias/AppData/Local/UnrealEngine/4.15/DerivedDataCache/Boot.ddc
[2017.04.25-15.00.05:063][  0]LogDerivedDataCache: FDerivedDataBackendGraph:  Pak pak cache file ../../../../../../Users/Thobias/Documents/Unreal Projects/project1.3/MyProject 1.2/DerivedDataCache/DDC.ddp not found, will not use a pak cache.
[2017.04.25-15.00.05:064][  0]LogDerivedDataCache: Unable to find inner node Pak for hierarchical cache Hierarchy.
[2017.04.25-15.00.05:064][  0]LogDerivedDataCache: FDerivedDataBackendGraph:  CompressedPak pak cache file ../../../../../../Users/Thobias/Documents/Unreal Projects/project1.3/MyProject 1.2/DerivedDataCache/Compressed.ddp not found, will not use a pak cache.
[2017.04.25-15.00.05:064][  0]LogDerivedDataCache: Unable to find inner node CompressedPak for hierarchical cache Hierarchy.
[2017.04.25-15.00.05:085][  0]LogDerivedDataCache:Display: Pak cache opened for reading ../../../Engine/DerivedDataCache/Compressed.ddp.
[2017.04.25-15.00.05:097][  0]LogDerivedDataCache: Using Local data cache path C:/Users/Thobias/AppData/Local/UnrealEngine/Common/DerivedDataCache: Writable
[2017.04.25-15.00.05:106][  0]LogSlate: Using Freetype 2.6.0
[2017.04.25-15.00.05:107][  0]LogSlate: SlateFontCache - WITH_FREETYPE: 1, WITH_HARFBUZZ: 1
[2017.04.25-15.00.05:107][  0]LogSlate: SlateFontCache - WITH_FREETYPE: 1, WITH_HARFBUZZ: 1
[2017.04.25-15.00.05:499][  0]LogInit: Selected Device Profile: [Windows]
[2017.04.25-15.00.05:502][  0]LogContentStreaming: Texture pool size is 0.00 MB
[2017.04.25-15.00.05:832][  0]LogMeshUtilities: Using QuadricMeshReduction for automatic static mesh reduction
[2017.04.25-15.00.05:914][  0]LogSimplygon: Simplygon DLL not present - disabling.
[2017.04.25-15.00.06:011][  0]LogMeshUtilities: Using SimplygonSwarm for distributed automatic mesh merging
[2017.04.25-15.00.06:011][  0]LogMeshUtilities: No automatic skeletal mesh reduction module available
[2017.04.25-15.00.06:011][  0]LogMeshUtilities: No automatic mesh merging module available
[2017.04.25-15.00.06:748][  0]LogNetVersion: GetLocalNetworkVersion: CL: 3299760, ProjectName: myproject, ProjectVersion: , EngineNetworkVersion: 2, GameNetworkVersion: 0, NetworkChecksum: 4136520461
[2017.04.25-15.00.06:806][  0]LogAssetRegistry: FAssetRegistry took 0.0214 seconds to start up
[2017.04.25-15.00.06:855][  0]LogPackageLocalizationCache: Processed 3 localized package path(s) for 1 prioritized culture(s) in 0.016108 seconds
[2017.04.25-15.00.06:861][  0]LogUObjectArray: 32475 objects as part of root set at end of initial load.
[2017.04.25-15.00.06:861][  0]LogUObjectAllocator: 7073368 out of 0 bytes used by permanent object pool.
[2017.04.25-15.00.06:861][  0]LogUObjectArray: CloseDisregardForGC: 0/0 objects in disregard for GC pool
[2017.04.25-15.00.06:960][  0]LogInit: WinSock: version 1.1 (2.2), MaxSocks=32767, MaxUdp=65467
[2017.04.25-15.00.09:913][  0]LogTcpMessaging: Initializing TcpMessaging bridge
[2017.04.25-15.00.09:977][  0]LogUdpMessaging: Initializing bridge on interface 0.0.0.0:0 to multicast group 230.0.0.1:6666.
[2017.04.25-15.00.10:792][  0]LogMaterial: Uniform references updated for custom material expression Custom.
[2017.04.25-15.00.11:493][  0]SourceControl: Info Source control is disabled
[2017.04.25-15.00.11:495][  0]SourceControl: Info Source control is disabled
[2017.04.25-15.00.11:588][  0]SourceControl: Info Source control is disabled
[2017.04.25-15.00.11:682][  0]SourceControl: Info Source control is disabled
[2017.04.25-15.00.14:094][  0]LogEngine: Initializing Engine...
[2017.04.25-15.00.14:109][  0]LogHMD: Failed to initialize OpenVR with code 108
[2017.04.25-15.00.14:512][  0]LogAIModule: Creating AISystem for world Untitled
[2017.04.25-15.00.14:527][  0]LogInit: XAudio2 using 'Speakers (Realtek High Definition Audio)' : 2 channels at 48 kHz using 32 bits per sample (channel mask 0x3)
[2017.04.25-15.00.14:548][  0]LogInit: FAudioDevice initialized.
[2017.04.25-15.00.14:577][  0]LogDerivedDataCache: Saved boot cache 0.03s 50MB C:/Users/Thobias/AppData/Local/UnrealEngine/4.15/DerivedDataCache/Boot.ddc.
[2017.04.25-15.00.14:588][  0]LogInit: Texture streaming: Enabled
[2017.04.25-15.00.14:743][  0]LogEngineSessionManager: EngineSessionManager initialized
[2017.04.25-15.00.14:930][  0]LogInit: Transaction tracking system initialized
[2017.04.25-15.00.15:665][  0]BlueprintLog: New page: Editor Load
[2017.04.25-15.00.17:352][  0]LocalizationService: Info Localization service is disabled
[2017.04.25-15.00.18:640][  0]LogConsoleResponse:Display: 
[2017.04.25-15.00.18:809][  0]LogCook:Display: Max memory allowance for cook 16384mb min free memory 0mb
[2017.04.25-15.00.18:809][  0]LogCook:Display: Mobile HDR setting 1
[2017.04.25-15.00.19:679][  0]LogFileCache: Scanning file cache for directory 'C:/Users/Thobias/Documents/Unreal Projects/project1.3/MyProject 1.2/Content/' took 0.02s
[2017.04.25-15.00.20:764][  0]SourceControl: Info Source control is disabled
[2017.04.25-15.00.20:765][  0]Cmd: MAP LOAD FILE="../../../../../../Users/Thobias/Documents/Unreal Projects/project1.3/MyProject 1.2/Content/FirstPersonBP/Maps/FirstPersonExampleMap.umap" TEMPLATE=0 SHOWPROGRESS=1 FEATURELEVEL=3
[2017.04.25-15.00.20:766][  0]LightingResults: New page: Lighting Build
[2017.04.25-15.00.20:845][  0]MapCheck: New page: Map Check
[2017.04.25-15.00.20:845][  0]LightingResults: New page: Lighting Build
[2017.04.25-15.00.21:539][  0]LogAIModule: Creating AISystem for world FirstPersonExampleMap
[2017.04.25-15.00.21:550][  0]LogEditorServer: Finished looking for orphan Actors (0.000 secs)
[2017.04.25-15.00.21:551][  0]Cmd: MAP CHECKDEP NOCLEARLOG
[2017.04.25-15.00.21:694][  0]MapCheck: Info Map check complete: 0 Error(s), 0 Warning(s), took 143.386ms to complete.
[2017.04.25-15.00.21:694][  0]LogFileHelpers: Loading map 'FirstPersonExampleMap' took 0.930
[2017.04.25-15.00.21:758][  0]LogWindowsTextInputMethodSystem:Display: IME system now deactivated.
[2017.04.25-15.00.21:758][  0]LogWindowsTextInputMethodSystem:Display: IME system now deactivated.
[2017.04.25-15.00.21:905][  0]LogCollectionManager: Loaded 0 collections in 0.002551 seconds
[2017.04.25-15.00.22:023][  0]LogFileCache: Scanning file cache for directory 'C:/Users/Thobias/Documents/Unreal Projects/project1.3/MyProject 1.2/Saved/Collections/' took 0.01s
[2017.04.25-15.00.22:023][  0]LogFileCache: Scanning file cache for directory 'C:/Users/Thobias/Documents/Unreal Projects/project1.3/MyProject 1.2/Content/Developers/Thobias/Collections/' took 0.01s
[2017.04.25-15.00.22:023][  0]LogFileCache: Scanning file cache for directory 'C:/Users/Thobias/Documents/Unreal Projects/project1.3/MyProject 1.2/Content/Collections/' took 0.01s
[2017.04.25-15.00.22:023][  0]LogCollectionManager: Rebuilt the GUID cache for 0 collections in 0.000002 seconds
[2017.04.25-15.00.22:034][  0]LogContentBrowser: Native class hierarchy populated in 0.0103 seconds. Added 2244 classes and 450 folders.
[2017.04.25-15.00.22:038][  0]LogStats: UGameplayTagsManager::ConstructGameplayTagTree: Construct from data asset -  0.000 s
[2017.04.25-15.00.22:038][  0]LogStats: UGameplayTagsManager::ConstructGameplayTagTree: GameplayTagTreeChangedEvent.Broadcast -  0.000 s
[2017.04.25-15.00.22:149][  0]LogContentBrowser: Native class hierarchy updated for 'WidgetCarousel' in 0.0007 seconds. Added 0 classes and 0 folders.
[2017.04.25-15.00.22:231][  0]LogContentBrowser: Native class hierarchy updated for 'AddContentDialog' in 0.0006 seconds. Added 0 classes and 0 folders.
[2017.04.25-15.00.22:313][  0]LogContentBrowser: Native class hierarchy updated for 'SceneOutliner' in 0.0006 seconds. Added 1 classes and 2 folders.
[2017.04.25-15.00.22:378][  0]LogCrashTracker: Crashtracker disabled due to settings.
[2017.04.25-15.00.22:386][  0]LogUObjectGlobals:Warning: Failed to find object 'Class None.'
[2017.04.25-15.00.22:488][  0]LogContentBrowser: Native class hierarchy updated for 'HierarchicalLODOutliner' in 0.0006 seconds. Added 1 classes and 2 folders.
[2017.04.25-15.00.22:488][  0]LogLoad: (Engine Initialization) Total time: 28.86 seconds
[2017.04.25-15.00.22:488][  0]LogLoad: (Engine Initialization) Total Blueprint compile time: 0.29 seconds
[2017.04.25-15.00.22:488][  0]LogExternalProfiler: Found external profiler: VSPerf
[2017.04.25-15.00.22:488][  0]LogExternalProfiler: Using external profiler: VSPerf
[2017.04.25-15.00.22:497][  0]LogOcInput: OculusInput pre-init called
[2017.04.25-15.00.22:528][  0]LogContentStreaming: Texture pool size now 1000 MB
[2017.04.25-15.00.22:529][  0]LogSlate: Took 0.000305 seconds to synchronously load lazily loaded font '../../../Engine/Content/Slate/Fonts/Roboto-Regular.ttf' (155K)
[2017.04.25-15.00.22:534][  0]LogSlate: Took 0.000432 seconds to synchronously load lazily loaded font '../../../Engine/Content/Slate/Fonts/Roboto-Bold.ttf' (160K)
[2017.04.25-15.00.22:541][  0]LogSlate: Took 0.000375 seconds to synchronously load lazily loaded font '../../../Engine/Content/Editor/Slate/Fonts/FontAwesome.ttf' (139K)
[2017.04.25-15.00.22:698][  0]LogRenderer: Reallocating scene render targets to support 1232x612 NumSamples 1 (Frame:2).
[2017.04.25-15.00.22:760][  0]LogSlate: Took 0.000423 seconds to synchronously load lazily loaded font '../../../Engine/Content/Slate/Fonts/Roboto-Light.ttf' (159K)
[2017.04.25-15.00.22:825][  1]LogFileCache: Retrieving MD5 hashes for directory 'C:/Users/Thobias/Documents/Unreal Projects/project1.3/MyProject 1.2/Content/' took 0.32s
[2017.04.25-15.00.22:836][  1]LogAssetRegistry: Asset discovery search completed in 16.0510 seconds
[2017.04.25-15.00.22:836][  1]LogCollectionManager: Rebuilt the object cache for 0 collections in 0.000007 seconds (found 0 objects)
[2017.04.25-15.00.22:836][  1]LogCollectionManager: Fixed up redirectors for 0 collections in 0.000024 seconds (updated 0 objects)
[2017.04.25-15.00.25:924][349]LogSlate: Took 0.000280 seconds to synchronously load lazily loaded font '../../../Engine/Content/Slate/Fonts/Roboto-Light.ttf' (159K)
[2017.04.25-15.00.26:653][349]LogAIModule: Creating AISystem for world korridor
[2017.04.25-15.00.26:708][349]Cmd: MAP LOAD FILE="../../../../../../Users/Thobias/Documents/Unreal Projects/project1.3/MyProject 1.2/Content/korridor.umap" TEMPLATE=0 SHOWPROGRESS=1 FEATURELEVEL=3
[2017.04.25-15.00.26:708][349]LightingResults: New page: Lighting Build
[2017.04.25-15.00.26:710][349]LoadErrors: New page: Loading map: korridor.umap
[2017.04.25-15.00.26:711][349]MapCheck: New page: Map Check
[2017.04.25-15.00.26:711][349]LightingResults: New page: Lighting Build
[2017.04.25-15.00.26:745][349]LogEditorServer: Finished looking for orphan Actors (0.000 secs)
[2017.04.25-15.00.26:771][349]Cmd: MAP CHECKDEP NOCLEARLOG
[2017.04.25-15.00.26:955][349]MapCheck: Info Map check complete: 0 Error(s), 0 Warning(s), took 183.502ms to complete.
[2017.04.25-15.00.26:956][349]LogFileHelpers: Loading map 'korridor' took 0.249
[2017.04.25-15.00.37:369][393]LogActorFactory: Actor Factory created Cone
[2017.04.25-15.00.38:252][437]LogActorFactory: Actor Factory created Cone
[2017.04.25-15.02.13:104][783]LogTemp: Repeting last play command: Selected Viewport
[2017.04.25-15.02.13:118][783]LogPlayLevel: PlayLevel: No blueprints needed recompiling
[2017.04.25-15.02.13:118][783]PIE: New page: PIE session: korridor (Apr 25, 2017, 7:02:13 PM)
[2017.04.25-15.02.13:118][783]LogPlayLevel: Creating play world package: /Game/UEDPIE_0_korridor
[2017.04.25-15.02.13:167][783]LogPlayLevel: PIE: StaticDuplicateObject took: (0.048662s)
[2017.04.25-15.02.13:168][783]LogAIModule: Creating AISystem for world korridor
[2017.04.25-15.02.13:168][783]LogPlayLevel: PIE: World Init took: (0.001018s)
[2017.04.25-15.02.13:168][783]LogPlayLevel: PIE: Created PIE world by copying editor world from /Game/korridor.korridor to /Game/UEDPIE_0_korridor.korridor (0.050017s)
[2017.04.25-15.02.13:186][783]LogInit: XAudio2 using 'Speakers (Realtek High Definition Audio)' : 2 channels at 48 kHz using 32 bits per sample (channel mask 0x3)
[2017.04.25-15.02.13:201][783]LogInit: FAudioDevice initialized.
[2017.04.25-15.02.13:244][783]LogLoad: Game class is 'FirstPersonGameMode_C'
[2017.04.25-15.02.13:253][783]LogWorld: Bringing World /Game/UEDPIE_0_korridor.korridor up for play (max tick rate 0) at 2017.04.25-17.02.13
[2017.04.25-15.02.13:253][783]LogWorld: Bringing up level for play took: 0.007658
[2017.04.25-15.02.13:338][783]LogContentBrowser: Native class hierarchy updated for 'MovieSceneCapture' in 0.0007 seconds. Added 11 classes and 0 folders.
[2017.04.25-15.02.13:341][783]PIE: Info Play in editor start time for /Game/UEDPIE_0_korridor -0.612
[2017.04.25-15.02.57:705][181]LogEditorViewport: Clicking on Actor (LMB): StaticMeshActor (Cone)
[2017.04.25-15.03.11:236][717]LogTemp: Repeting last play command: Selected Viewport
[2017.04.25-15.03.11:250][717]LogPlayLevel: PlayLevel: No blueprints needed recompiling
[2017.04.25-15.03.11:250][717]PIE: New page: PIE session: korridor (Apr 25, 2017, 7:03:11 PM)
[2017.04.25-15.03.11:250][717]LogPlayLevel: Creating play world package: /Game/UEDPIE_0_korridor
[2017.04.25-15.03.11:298][717]LogPlayLevel: PIE: StaticDuplicateObject took: (0.047948s)
[2017.04.25-15.03.11:299][717]LogAIModule: Creating AISystem for world korridor
[2017.04.25-15.03.11:299][717]LogPlayLevel: PIE: World Init took: (0.000839s)
[2017.04.25-15.03.11:299][717]LogPlayLevel: PIE: Created PIE world by copying editor world from /Game/korridor.korridor to /Game/UEDPIE_0_korridor.korridor (0.049071s)
[2017.04.25-15.03.11:316][717]LogInit: XAudio2 using 'Speakers (Realtek High Definition Audio)' : 2 channels at 48 kHz using 32 bits per sample (channel mask 0x3)
[2017.04.25-15.03.11:332][717]LogInit: FAudioDevice initialized.
[2017.04.25-15.03.11:365][717]LogLoad: Game class is 'FirstPersonGameMode_C'
[2017.04.25-15.03.11:373][717]LogWorld: Bringing World /Game/UEDPIE_0_korridor.korridor up for play (max tick rate 0) at 2017.04.25-17.03.11
[2017.04.25-15.03.11:374][717]LogWorld: Bringing up level for play took: 0.007536
[2017.04.25-15.03.11:377][717]PIE: Info Play in editor start time for /Game/UEDPIE_0_korridor -0.576
[2017.04.25-15.03.16:462][ 88]LogTemp: Repeting last play command: Selected Viewport
[2017.04.25-15.03.16:476][ 88]LogPlayLevel: PlayLevel: No blueprints needed recompiling
[2017.04.25-15.03.16:476][ 88]PIE: New page: PIE session: korridor (Apr 25, 2017, 7:03:16 PM)
[2017.04.25-15.03.16:476][ 88]LogPlayLevel: Creating play world package: /Game/UEDPIE_0_korridor
[2017.04.25-15.03.16:525][ 88]LogPlayLevel: PIE: StaticDuplicateObject took: (0.048826s)
[2017.04.25-15.03.16:526][ 88]LogAIModule: Creating AISystem for world korridor
[2017.04.25-15.03.16:526][ 88]LogPlayLevel: PIE: World Init took: (0.000809s)
[2017.04.25-15.03.16:526][ 88]LogPlayLevel: PIE: Created PIE world by copying editor world from /Game/korridor.korridor to /Game/UEDPIE_0_korridor.korridor (0.049897s)
[2017.04.25-15.03.16:543][ 88]LogInit: XAudio2 using 'Speakers (Realtek High Definition Audio)' : 2 channels at 48 kHz using 32 bits per sample (channel mask 0x3)
[2017.04.25-15.03.16:556][ 88]LogInit: FAudioDevice initialized.
[2017.04.25-15.03.16:584][ 88]LogLoad: Game class is 'FirstPersonGameMode_C'
[2017.04.25-15.03.16:592][ 88]LogWorld: Bringing World /Game/UEDPIE_0_korridor.korridor up for play (max tick rate 0) at 2017.04.25-17.03.16
[2017.04.25-15.03.16:593][ 88]LogWorld: Bringing up level for play took: 0.007026
[2017.04.25-15.03.16:596][ 88]PIE: Info Play in editor start time for /Game/UEDPIE_0_korridor 0.643
[2017.04.25-15.03.53:724][231]LogEditorViewport: Clicking on Actor (LMB): StaticMeshActor (Cone)
[2017.04.25-15.04.36:979][993]Cmd: SELECT NONE
[2017.04.25-15.04.41:329][299]LogEditorViewport: Clicking on Actor (LMB): StaticMeshActor (Cone)
[2017.04.25-15.04.55:826][444]Cmd: SELECT NONE
[2017.04.25-15.05.08:415][461]LogTemp: Repeting last play command: Selected Viewport
[2017.04.25-15.05.08:429][461]LogPlayLevel: PlayLevel: No blueprints needed recompiling
[2017.04.25-15.05.08:429][461]PIE: New page: PIE session: korridor (Apr 25, 2017, 7:05:08 PM)
[2017.04.25-15.05.08:429][461]LogPlayLevel: Creating play world package: /Game/UEDPIE_0_korridor
[2017.04.25-15.05.08:478][461]LogPlayLevel: PIE: StaticDuplicateObject took: (0.048842s)
[2017.04.25-15.05.08:479][461]LogAIModule: Creating AISystem for world korridor
[2017.04.25-15.05.08:479][461]LogPlayLevel: PIE: World Init took: (0.000911s)
[2017.04.25-15.05.08:479][461]LogPlayLevel: PIE: Created PIE world by copying editor world from /Game/korridor.korridor to /Game/UEDPIE_0_korridor.korridor (0.050063s)
[2017.04.25-15.05.08:496][461]LogInit: XAudio2 using 'Speakers (Realtek High Definition Audio)' : 2 channels at 48 kHz using 32 bits per sample (channel mask 0x3)
[2017.04.25-15.05.08:510][461]LogInit: FAudioDevice initialized.
[2017.04.25-15.05.08:541][461]LogLoad: Game class is 'FirstPersonGameMode_C'
[2017.04.25-15.05.08:549][461]LogWorld: Bringing World /Game/UEDPIE_0_korridor.korridor up for play (max tick rate 0) at 2017.04.25-17.05.08
[2017.04.25-15.05.08:550][461]LogWorld: Bringing up level for play took: 0.007207
[2017.04.25-15.05.08:553][461]PIE: Info Play in editor start time for /Game/UEDPIE_0_korridor 0.6
[2017.04.25-15.05.29:572][973]LogEditorViewport: Clicking on Actor (LMB): StaticMeshActor (Cone)
[2017.04.25-15.05.31:676][193]LogMaterial: Missing cached shader map for material lightBeam, compiling. 
[2017.04.25-15.05.31:707][193]LogTemp:Display: Added material ShaderMap 0x00000274C1D2A080 with Material 0x00000274B6432700 to ShaderMapsBeingCompiled
[2017.04.25-15.05.31:732][193]LogTemp:Display: Kicking off shader compilation for lightBeam, GameThreadShaderMap 0x00000274C1D2A080
[2017.04.25-15.05.32:378][193]LogMaterial: Missing cached shader map for material lightBeam, compiling. 
[2017.04.25-15.05.32:379][193]LogTemp:Display: Added material ShaderMap 0x00000274D0E46400 with Material 0x00000274B6432700 to ShaderMapsBeingCompiled
[2017.04.25-15.05.32:385][193]LogTemp:Display: Kicking off shader compilation for lightBeam, GameThreadShaderMap 0x00000274D0E46400
[2017.04.25-15.05.32:385][193]LogMaterial: 0.00 seconds spent updating 1 materials, 1 interfaces, 0 instances, 0 with static permutations.
[2017.04.25-15.05.32:422][193]LogMaterial: Missing cached shader map for material FMatExpressionPreview MaterialExpressionTextureSample_0, compiling. 
[2017.04.25-15.05.32:423][193]LogTemp:Display: Added material ShaderMap 0x00000274D0E06400 with Material 0x00000274B45C4100 to ShaderMapsBeingCompiled
[2017.04.25-15.05.32:425][193]LogTemp:Display: Kicking off shader compilation for FMatExpressionPreview MaterialExpressionTextureSample_0, GameThreadShaderMap 0x00000274D0E06400
[2017.04.25-15.05.32:439][193]LogMaterial: Missing cached shader map for material FMatExpressionPreview MaterialExpressionTextureSample_1, compiling. 
[2017.04.25-15.05.32:440][193]LogTemp:Display: Added material ShaderMap 0x00000274D0E04B80 with Material 0x00000274B45C6B00 to ShaderMapsBeingCompiled
[2017.04.25-15.05.32:442][193]LogTemp:Display: Kicking off shader compilation for FMatExpressionPreview MaterialExpressionTextureSample_1, GameThreadShaderMap 0x00000274D0E04B80
[2017.04.25-15.05.32:444][193]LogMaterial: Missing cached shader map for material FMatExpressionPreview MaterialExpressionDepthFade_0, compiling. 
[2017.04.25-15.05.32:462][193]LogSlate: Took 0.011485 seconds to synchronously load lazily loaded font '../../../Engine/Content/Editor/Slate/Fonts/Roboto-BoldCondensed.ttf' (158K)
[2017.04.25-15.05.35:323][364]LogSlate: Took 0.015111 seconds to synchronously load lazily loaded font '../../../Engine/Content/Editor/Slate/Fonts/Roboto-Italic.ttf' (157K)
[2017.04.25-15.05.41:575][816]LogTemp:Display: Finished compile of shader map 0x00000274C1D2A080
[2017.04.25-15.05.41:575][816]LogTemp:Display: Shader map lightBeam complete, GameThreadShaderMap 0x00000274C1D2A080, marking material lightBeam as finished
[2017.04.25-15.05.41:575][816]LogTemp:Display: Marking material as finished 0x00000274B6432700
[2017.04.25-15.05.42:370][872]LogTemp:Display: Finished compile of shader map 0x00000274D0E46400
[2017.04.25-15.05.42:370][872]LogTemp:Display: Shader map lightBeam complete, GameThreadShaderMap 0x00000274D0E46400, marking material lightBeam as finished
[2017.04.25-15.05.42:370][872]LogTemp:Display: Marking material as finished 0x00000274B6432700
[2017.04.25-15.05.42:448][877]LogTemp:Display: Finished compile of shader map 0x00000274D0E06400
[2017.04.25-15.05.42:448][877]LogTemp:Display: Shader map FMatExpressionPreview MaterialExpressionTextureSample_0 complete, GameThreadShaderMap 0x00000274D0E06400, marking material FMatExpressionPreview MaterialExpressionTextureSample_0 as finished
[2017.04.25-15.05.42:448][877]LogTemp:Display: Marking material as finished 0x00000274B45C4100
[2017.04.25-15.05.42:614][888]LogTemp:Display: Finished compile of shader map 0x00000274D0E04B80
[2017.04.25-15.05.42:614][888]LogTemp:Display: Shader map FMatExpressionPreview MaterialExpressionTextureSample_1 complete, GameThreadShaderMap 0x00000274D0E04B80, marking material FMatExpressionPreview MaterialExpressionTextureSample_1 as finished
[2017.04.25-15.05.42:614][888]LogTemp:Display: Marking material as finished 0x00000274B45C6B00
[2017.04.25-15.07.55:403][947]LogMaterial: Missing cached shader map for material lightBeam, compiling. 
[2017.04.25-15.07.55:404][947]LogTemp:Display: Added material ShaderMap 0x00000274AA44A780 with Material 0x00000274B6432700 to ShaderMapsBeingCompiled
[2017.04.25-15.07.55:409][947]LogTemp:Display: Kicking off shader compilation for lightBeam, GameThreadShaderMap 0x00000274AA44A780
[2017.04.25-15.07.55:410][947]LogMaterial: 0.00 seconds spent updating 1 materials, 1 interfaces, 0 instances, 0 with static permutations.
[2017.04.25-15.08.05:183][323]LogTemp:Display: Finished compile of shader map 0x00000274AA44A780
[2017.04.25-15.08.05:183][323]LogTemp:Display: Shader map lightBeam complete, GameThreadShaderMap 0x00000274AA44A780, marking material lightBeam as finished
[2017.04.25-15.08.05:183][323]LogTemp:Display: Marking material as finished 0x00000274B6432700
[2017.04.25-15.08.06:525][429]LogMaterial: Missing cached shader map for material lightBeam, compiling. 
[2017.04.25-15.08.06:526][429]LogTemp:Display: Added material ShaderMap 0x00000274AA448100 with Material 0x00000274B6432700 to ShaderMapsBeingCompiled
[2017.04.25-15.08.06:531][429]LogTemp:Display: Kicking off shader compilation for lightBeam, GameThreadShaderMap 0x00000274AA448100
[2017.04.25-15.08.06:531][429]LogMaterial: 0.00 seconds spent updating 1 materials, 1 interfaces, 0 instances, 0 with static permutations.
[2017.04.25-15.08.07:758][517]LogTemp:Display: Finished compile of shader map 0x00000274AA448100
[2017.04.25-15.08.07:758][517]LogTemp:Display: Shader map lightBeam complete, GameThreadShaderMap 0x00000274AA448100, marking material lightBeam as finished
[2017.04.25-15.08.07:758][517]LogTemp:Display: Marking material as finished 0x00000274B6432700
[2017.04.25-15.08.10:871][764]LogMaterial: Missing cached shader map for material lightBeam, compiling. 
[2017.04.25-15.08.10:872][764]LogTemp:Display: Added material ShaderMap 0x00000274AA449280 with Material 0x00000274B6432700 to ShaderMapsBeingCompiled
[2017.04.25-15.08.10:878][764]LogTemp:Display: Kicking off shader compilation for lightBeam, GameThreadShaderMap 0x00000274AA449280
[2017.04.25-15.08.10:878][764]LogMaterial: 0.00 seconds spent updating 1 materials, 1 interfaces, 0 instances, 0 with static permutations.
[2017.04.25-15.08.12:071][848]LogTemp:Display: Finished compile of shader map 0x00000274AA449280
[2017.04.25-15.08.12:071][848]LogTemp:Display: Shader map lightBeam complete, GameThreadShaderMap 0x00000274AA449280, marking material lightBeam as finished
[2017.04.25-15.08.12:071][848]LogTemp:Display: Marking material as finished 0x00000274B6432700
[2017.04.25-15.08.16:797][214]LogMaterial: Missing cached shader map for material lightBeam, compiling. 
[2017.04.25-15.08.16:798][214]LogTemp:Display: Added material ShaderMap 0x00000274B596C100 with Material 0x00000274B6432700 to ShaderMapsBeingCompiled
[2017.04.25-15.08.16:804][214]LogTemp:Display: Kicking off shader compilation for lightBeam, GameThreadShaderMap 0x00000274B596C100
[2017.04.25-15.08.16:804][214]LogMaterial: 0.00 seconds spent updating 1 materials, 1 interfaces, 0 instances, 0 with static permutations.
[2017.04.25-15.08.18:393][326]LogTemp:Display: Finished compile of shader map 0x00000274B596C100
[2017.04.25-15.08.18:393][326]LogTemp:Display: Shader map lightBeam complete, GameThreadShaderMap 0x00000274B596C100, marking material lightBeam as finished
[2017.04.25-15.08.18:393][326]LogTemp:Display: Marking material as finished 0x00000274B6432700
[2017.04.25-15.08.24:611][818]LogMaterial: Missing cached shader map for material lightBeam, compiling. 
[2017.04.25-15.08.24:612][818]LogTemp:Display: Added material ShaderMap 0x00000274B596C800 with Material 0x00000274B6432700 to ShaderMapsBeingCompiled
[2017.04.25-15.08.24:618][818]LogTemp:Display: Kicking off shader compilation for lightBeam, GameThreadShaderMap 0x00000274B596C800
[2017.04.25-15.08.24:618][818]LogMaterial: 0.00 seconds spent updating 1 materials, 1 interfaces, 0 instances, 0 with static permutations.
[2017.04.25-15.08.25:933][909]LogTemp:Display: Finished compile of shader map 0x00000274B596C800
[2017.04.25-15.08.25:933][909]LogTemp:Display: Shader map lightBeam complete, GameThreadShaderMap 0x00000274B596C800, marking material lightBeam as finished
[2017.04.25-15.08.25:933][909]LogTemp:Display: Marking material as finished 0x00000274B6432700
[2017.04.25-15.08.33:169][426]LogMaterialEditor: Applying material lightBeam
[2017.04.25-15.08.33:851][426]LogMaterial: Missing cached shader map for material lightBeam, compiling. 
[2017.04.25-15.08.33:852][426]LogTemp:Display: Added material ShaderMap 0x00000274A696EE80 with Material 0x00000274B6432700 to ShaderMapsBeingCompiled
[2017.04.25-15.08.33:864][426]LogTemp:Display: Kicking off shader compilation for lightBeam, GameThreadShaderMap 0x00000274A696EE80
[2017.04.25-15.08.33:864][426]LogMaterial: 0.00 seconds spent updating 1 materials, 1 interfaces, 0 instances, 0 with static permutations.
[2017.04.25-15.08.33:892][426]LogMaterial: Missing cached shader map for material lightBeam, compiling. 
[2017.04.25-15.08.33:893][426]LogTemp:Display: Added material ShaderMap 0x00000274B66E6400 with Material 0x0000027492348400 to ShaderMapsBeingCompiled
[2017.04.25-15.08.33:903][426]LogTemp:Display: Kicking off shader compilation for lightBeam, GameThreadShaderMap 0x00000274B66E6400
[2017.04.25-15.08.33:907][426]LogMaterial: Missing cached shader map for material lightBeam, compiling. 
[2017.04.25-15.08.33:908][426]LogTemp:Display: Added material ShaderMap 0x000002749B8AE780 with Material 0x0000027492348400 to ShaderMapsBeingCompiled
[2017.04.25-15.08.33:916][426]LogTemp:Display: Kicking off shader compilation for lightBeam, GameThreadShaderMap 0x000002749B8AE780
[2017.04.25-15.08.33:919][426]LogMaterial: 0.00 seconds spent updating 1 materials, 1 interfaces, 0 instances, 0 with static permutations.
[2017.04.25-15.08.33:954][426]LogMaterial: Missing cached shader map for material FDebugViewModeMaterialProxy lightBeam, compiling. 
[2017.04.25-15.08.33:955][426]LogTemp:Display: Added material ShaderMap 0x0000027497358B80 with Material 0x00000274AA52B100 to ShaderMapsBeingCompiled
[2017.04.25-15.08.34:549][426]LogTemp:Display: Finished compile of shader map 0x0000027497358B80
[2017.04.25-15.08.34:549][426]LogTemp:Display: Shader map FDebugViewModeMaterialProxy lightBeam complete, GameThreadShaderMap 0x0000027497358B80, marking material FDebugViewModeMaterialProxy lightBeam as finished
[2017.04.25-15.08.34:549][426]LogTemp:Display: Marking material as finished 0x00000274AA52B100
[2017.04.25-15.08.34:561][426]TextureStreamingBuild:Display: Compiling optional shaders took 0.627 seconds.
[2017.04.25-15.08.34:746][427]LogTemp:Display: Finished compile of shader map 0x00000274A696EE80
[2017.04.25-15.08.34:747][427]LogTemp:Display: Shader map lightBeam complete, GameThreadShaderMap 0x00000274A696EE80, marking material lightBeam as finished
[2017.04.25-15.08.34:747][427]LogTemp:Display: Marking material as finished 0x00000274B6432700
[2017.04.25-15.08.36:383][574]LogTemp:Display: Finished compile of shader map 0x000002749B8AE780
[2017.04.25-15.08.36:383][574]LogTemp:Display: Shader map lightBeam complete, GameThreadShaderMap 0x000002749B8AE780, marking material lightBeam as finished
[2017.04.25-15.08.36:383][574]LogTemp:Display: Marking material as finished 0x0000027492348400
[2017.04.25-15.09.07:063][752]LogEditorViewport: Clicking on Actor (LMB): StaticMeshActor (Cone)
[2017.04.25-15.09.18:015][691]LogMaterial: Missing cached shader map for material lightBeam, compiling. 
[2017.04.25-15.09.18:016][691]LogTemp:Display: Added material ShaderMap 0x00000274B596F580 with Material 0x00000274B6432700 to ShaderMapsBeingCompiled
[2017.04.25-15.09.18:021][691]LogTemp:Display: Kicking off shader compilation for lightBeam, GameThreadShaderMap 0x00000274B596F580
[2017.04.25-15.09.18:022][691]LogMaterial: 0.00 seconds spent updating 1 materials, 1 interfaces, 0 instances, 0 with static permutations.
[2017.04.25-15.09.23:743][129]LogMaterial: Missing cached shader map for material lightBeam, compiling. 
[2017.04.25-15.09.23:744][129]LogTemp:Display: Added material ShaderMap 0x00000274C1E58B80 with Material 0x00000274B6432700 to ShaderMapsBeingCompiled
[2017.04.25-15.09.23:750][129]LogTemp:Display: Kicking off shader compilation for lightBeam, GameThreadShaderMap 0x00000274C1E58B80
[2017.04.25-15.09.23:750][129]LogMaterial: 0.00 seconds spent updating 1 materials, 1 interfaces, 0 instances, 0 with static permutations.
[2017.04.25-15.09.27:593][429]LogTemp:Display: Finished compile of shader map 0x00000274B596F580
[2017.04.25-15.09.27:593][429]LogTemp:Display: Shader map lightBeam complete, GameThreadShaderMap 0x00000274B596F580, marking material lightBeam as finished
[2017.04.25-15.09.27:593][429]LogTemp:Display: Marking material as finished 0x00000274B6432700
[2017.04.25-15.09.28:056][462]LogMaterial: Missing cached shader map for material lightBeam, compiling. 
[2017.04.25-15.09.28:057][462]LogTemp:Display: Added material ShaderMap 0x00000274AB7DAB00 with Material 0x00000274B6432700 to ShaderMapsBeingCompiled
[2017.04.25-15.09.28:062][462]LogTemp:Display: Kicking off shader compilation for lightBeam, GameThreadShaderMap 0x00000274AB7DAB00
[2017.04.25-15.09.28:063][462]LogMaterial: 0.00 seconds spent updating 1 materials, 1 interfaces, 0 instances, 0 with static permutations.
[2017.04.25-15.09.28:441][489]LogTemp:Display: Finished compile of shader map 0x00000274C1E58B80
[2017.04.25-15.09.28:441][489]LogTemp:Display: Shader map lightBeam complete, GameThreadShaderMap 0x00000274C1E58B80, marking material lightBeam as finished
[2017.04.25-15.09.28:441][489]LogTemp:Display: Marking material as finished 0x00000274B6432700
[2017.04.25-15.09.29:412][561]LogTemp:Display: Finished compile of shader map 0x00000274AB7DAB00
[2017.04.25-15.09.29:412][561]LogTemp:Display: Shader map lightBeam complete, GameThreadShaderMap 0x00000274AB7DAB00, marking material lightBeam as finished
[2017.04.25-15.09.29:412][561]LogTemp:Display: Marking material as finished 0x00000274B6432700
[2017.04.25-15.09.32:906][839]LogMaterial: Missing cached shader map for material lightBeam, compiling. 
[2017.04.25-15.09.32:908][839]LogTemp:Display: Added material ShaderMap 0x0000027496F5A400 with Material 0x00000274B6432700 to ShaderMapsBeingCompiled
[2017.04.25-15.09.32:913][839]LogTemp:Display: Kicking off shader compilation for lightBeam, GameThreadShaderMap 0x0000027496F5A400
[2017.04.25-15.09.32:913][839]LogMaterial: 0.00 seconds spent updating 1 materials, 1 interfaces, 0 instances, 0 with static permutations.
[2017.04.25-15.09.34:226][929]LogTemp:Display: Finished compile of shader map 0x0000027496F5A400
[2017.04.25-15.09.34:226][929]LogTemp:Display: Shader map lightBeam complete, GameThreadShaderMap 0x0000027496F5A400, marking material lightBeam as finished
[2017.04.25-15.09.34:226][929]LogTemp:Display: Marking material as finished 0x00000274B6432700
[2017.04.25-15.09.41:676][521]LogMaterial: Missing cached shader map for material lightBeam, compiling. 
[2017.04.25-15.09.41:677][521]LogTemp:Display: Added material ShaderMap 0x00000274B596F200 with Material 0x00000274B6432700 to ShaderMapsBeingCompiled
[2017.04.25-15.09.41:682][521]LogTemp:Display: Kicking off shader compilation for lightBeam, GameThreadShaderMap 0x00000274B596F200
[2017.04.25-15.09.41:683][521]LogMaterial: 0.00 seconds spent updating 1 materials, 1 interfaces, 0 instances, 0 with static permutations.
[2017.04.25-15.09.42:893][609]LogTemp:Display: Finished compile of shader map 0x00000274B596F200
[2017.04.25-15.09.42:893][609]LogTemp:Display: Shader map lightBeam complete, GameThreadShaderMap 0x00000274B596F200, marking material lightBeam as finished
[2017.04.25-15.09.42:893][609]LogTemp:Display: Marking material as finished 0x00000274B6432700
[2017.04.25-15.09.45:672][833]LogMaterial: Missing cached shader map for material lightBeam, compiling. 
[2017.04.25-15.09.45:673][833]LogTemp:Display: Added material ShaderMap 0x00000274B5D7E400 with Material 0x00000274B6432700 to ShaderMapsBeingCompiled
[2017.04.25-15.09.45:678][833]LogTemp:Display: Kicking off shader compilation for lightBeam, GameThreadShaderMap 0x00000274B5D7E400
[2017.04.25-15.09.45:679][833]LogMaterial: 0.00 seconds spent updating 1 materials, 1 interfaces, 0 instances, 0 with static permutations.
[2017.04.25-15.09.46:933][922]LogTemp:Display: Finished compile of shader map 0x00000274B5D7E400
[2017.04.25-15.09.46:933][922]LogTemp:Display: Shader map lightBeam complete, GameThreadShaderMap 0x00000274B5D7E400, marking material lightBeam as finished
[2017.04.25-15.09.46:933][922]LogTemp:Display: Marking material as finished 0x00000274B6432700
[2017.04.25-15.09.47:130][937]LogMaterialEditor: Applying material lightBeam
[2017.04.25-15.09.47:813][937]LogMaterial: Missing cached shader map for material lightBeam, compiling. 
[2017.04.25-15.09.47:814][937]LogTemp:Display: Added material ShaderMap 0x00000274B596CB80 with Material 0x00000274B6432700 to ShaderMapsBeingCompiled
[2017.04.25-15.09.47:825][937]LogTemp:Display: Kicking off shader compilation for lightBeam, GameThreadShaderMap 0x00000274B596CB80
[2017.04.25-15.09.47:826][937]LogMaterial: 0.00 seconds spent updating 1 materials, 1 interfaces, 0 instances, 0 with static permutations.
[2017.04.25-15.09.47:838][937]LogTemp:Display: Removed shader map 0x00000274B66E6400 from material 0x0000027492348400
[2017.04.25-15.09.47:845][937]LogMaterial: Missing cached shader map for material lightBeam, compiling. 
[2017.04.25-15.09.47:846][937]LogTemp:Display: Added material ShaderMap 0x00000274B5D7CB80 with Material 0x000002749234B580 to ShaderMapsBeingCompiled
[2017.04.25-15.09.47:856][937]LogTemp:Display: Kicking off shader compilation for lightBeam, GameThreadShaderMap 0x00000274B5D7CB80
[2017.04.25-15.09.47:857][937]LogMaterial: Missing cached shader map for material lightBeam, compiling. 
[2017.04.25-15.09.47:858][937]LogTemp:Display: Added material ShaderMap 0x00000274CAE4D600 with Material 0x000002749234B580 to ShaderMapsBeingCompiled
[2017.04.25-15.09.47:866][937]LogTemp:Display: Kicking off shader compilation for lightBeam, GameThreadShaderMap 0x00000274CAE4D600
[2017.04.25-15.09.47:869][937]LogMaterial: 0.00 seconds spent updating 1 materials, 1 interfaces, 0 instances, 0 with static permutations.
[2017.04.25-15.09.47:890][937]LogMaterial: Missing cached shader map for material FDebugViewModeMaterialProxy lightBeam, compiling. 
[2017.04.25-15.09.47:891][937]LogTemp:Display: Added material ShaderMap 0x00000274B5900480 with Material 0x00000274B546C700 to ShaderMapsBeingCompiled
[2017.04.25-15.09.48:484][937]LogTemp:Display: Finished compile of shader map 0x00000274B5900480
[2017.04.25-15.09.48:484][937]LogTemp:Display: Shader map FDebugViewModeMaterialProxy lightBeam complete, GameThreadShaderMap 0x00000274B5900480, marking material FDebugViewModeMaterialProxy lightBeam as finished
[2017.04.25-15.09.48:484][937]LogTemp:Display: Marking material as finished 0x00000274B546C700
[2017.04.25-15.09.48:487][937]TextureStreamingBuild:Display: Compiling optional shaders took 0.602 seconds.
[2017.04.25-15.09.48:676][940]LogTemp:Display: Finished compile of shader map 0x00000274B596CB80
[2017.04.25-15.09.48:676][940]LogTemp:Display: Shader map lightBeam complete, GameThreadShaderMap 0x00000274B596CB80, marking material lightBeam as finished
[2017.04.25-15.09.48:676][940]LogTemp:Display: Marking material as finished 0x00000274B6432700
[2017.04.25-15.09.50:591][ 98]LogTemp:Display: Finished compile of shader map 0x00000274CAE4D600
[2017.04.25-15.09.50:591][ 98]LogTemp:Display: Shader map lightBeam complete, GameThreadShaderMap 0x00000274CAE4D600, marking material lightBeam as finished
[2017.04.25-15.09.50:591][ 98]LogTemp:Display: Marking material as finished 0x000002749234B580
[2017.04.25-15.10.06:845][871]Cmd: OBJ SAVEPACKAGE PACKAGE="/Game/korridor" FILE="../../../../../../Users/Thobias/Documents/Unreal Projects/project1.3/MyProject 1.2/Content/korridor.umap" SILENT=true AUTOSAVING=false KEEPDIRTY=false
[2017.04.25-15.10.07:280][871]LogSavePackage: Save=365.18ms
[2017.04.25-15.10.07:280][871]LogSavePackage: Moving '../../../../../../Users/Thobias/Documents/Unreal Projects/project1.3/MyProject 1.2/Saved/korridor5401FA7C4A197B0443CE3EB99348501B.tmp' to '../../../../../../Users/Thobias/Documents/Unreal Projects/project1.3/MyProject 1.2/Content/korridor.umap'
[2017.04.25-15.10.07:285][871]LogSavePackage:Display: Finished SavePackage ../../../../../../Users/Thobias/Documents/Unreal Projects/project1.3/MyProject 1.2/Content/korridor.umap
[2017.04.25-15.10.07:316][871]Cmd: OBJ SAVEPACKAGE PACKAGE="/Game/korridor_BuiltData" FILE="../../../../../../Users/Thobias/Documents/Unreal Projects/project1.3/MyProject 1.2/Content/korridor_BuiltData.uasset" SILENT=true
[2017.04.25-15.10.07:364][871]LogSavePackage: Save=1.65ms
[2017.04.25-15.10.07:364][871]LogSavePackage: Moving '../../../../../../Users/Thobias/Documents/Unreal Projects/project1.3/MyProject 1.2/Saved/korridor_BuiltData0CC642614D071DBD303A8BB067EDDDB0.tmp' to '../../../../../../Users/Thobias/Documents/Unreal Projects/project1.3/MyProject 1.2/Content/korridor_BuiltData.uasset'
[2017.04.25-15.10.07:366][871]LogSavePackage:Display: Finished SavePackage ../../../../../../Users/Thobias/Documents/Unreal Projects/project1.3/MyProject 1.2/Content/korridor_BuiltData.uasset
[2017.04.25-15.10.10:990][ 15]Cmd: OBJ SAVEPACKAGE PACKAGE="/Game/mitt/lightBeam" FILE="../../../../../../Users/Thobias/Documents/Unreal Projects/project1.3/MyProject 1.2/Content/mitt/lightBeam.uasset" SILENT=true
[2017.04.25-15.10.11:059][ 15]LogSavePackage: Save=16.24ms
[2017.04.25-15.10.11:059][ 15]LogSavePackage: Moving '../../../../../../Users/Thobias/Documents/Unreal Projects/project1.3/MyProject 1.2/Saved/lightBeam26139E4F47261096A4813387E297173A.tmp' to '../../../../../../Users/Thobias/Documents/Unreal Projects/project1.3/MyProject 1.2/Content/mitt/lightBeam.uasset'
[2017.04.25-15.10.11:063][ 15]LogSavePackage:Display: Finished SavePackage ../../../../../../Users/Thobias/Documents/Unreal Projects/project1.3/MyProject 1.2/Content/mitt/lightBeam.uasset
[2017.04.25-15.10.11:132][ 15]LogWindowsTextInputMethodSystem:Display: IME system now deactivated.
[2017.04.25-15.10.11:132][ 15]LogWindowsTextInputMethodSystem:Display: IME system now deactivated.
[2017.04.25-15.10.11:318][ 16]Cmd: QUIT_EDITOR
[2017.04.25-15.10.11:718][ 16]LogExit: Preparing to exit.
[2017.04.25-15.10.12:300][ 16]LogDirectoryWatcher: A directory notification for 'C:/Users/Thobias/Documents/Unreal Projects/project1.3/MyProject 1.2/Content/' was aborted.
[2017.04.25-15.10.12:341][ 16]LogExit: Editor shut down
[2017.04.25-15.10.12:342][ 16]LogExit: Transaction tracking system shut down
[2017.04.25-15.10.12:342][ 16]LogTemp:Display: Removed shader map 0x00000274B5D7CB80 from material 0x000002749234B580
[2017.04.25-15.10.12:417][ 16]LogObj: Freed 0b from 0 cluster array pools.
[2017.04.25-15.10.12:418][ 16]LogExit: Object subsystem successfully closed.
[2017.04.25-15.10.12:429][ 16]LogD3D11RHI: Shutdown
[2017.04.25-15.10.12:429][ 16]LogD3D11RHI: CleanupD3DDevice
[2017.04.25-15.10.12:528][ 16]LogD3D11RHI: ~FD3D11DynamicRHI
[2017.04.25-15.10.12:588][ 16]LogModuleManager: Shutting down and abandoning module MaterialEditor (500)
[2017.04.25-15.10.12:588][ 16]LogModuleManager: Shutting down and abandoning module MovieSceneCapture (498)
[2017.04.25-15.10.12:588][ 16]LogModuleManager: Shutting down and abandoning module HierarchicalLODOutliner (496)
[2017.04.25-15.10.12:588][ 16]LogModuleManager: Shutting down and abandoning module CrashTracker (494)
[2017.04.25-15.10.12:588][ 16]LogModuleManager: Shutting down and abandoning module SceneOutliner (492)
[2017.04.25-15.10.12:588][ 16]LogModuleManager: Shutting down and abandoning module AddContentDialog (490)
[2017.04.25-15.10.12:588][ 16]LogDirectoryWatcher: A directory notification for 'C:/Program Files/Epic Games/UE_4.15/FeaturePacks/' was aborted.
[2017.04.25-15.10.12:590][ 16]LogModuleManager: Shutting down and abandoning module WidgetCarousel (489)
[2017.04.25-15.10.12:590][ 16]LogModuleManager: Shutting down and abandoning module EditorWidgets (486)
[2017.04.25-15.10.12:590][ 16]LogModuleManager: Shutting down and abandoning module CollectionManager (484)
[2017.04.25-15.10.12:590][ 16]LogDirectoryWatcher: A directory notification for 'C:/Users/Thobias/Documents/Unreal Projects/project1.3/MyProject 1.2/Content/Collections/' was aborted.
[2017.04.25-15.10.12:590][ 16]LogDirectoryWatcher: A directory notification for 'C:/Users/Thobias/Documents/Unreal Projects/project1.3/MyProject 1.2/Content/Developers/Thobias/Collections/' was aborted.
[2017.04.25-15.10.12:591][ 16]LogDirectoryWatcher: A directory notification for 'C:/Users/Thobias/Documents/Unreal Projects/project1.3/MyProject 1.2/Saved/Collections/' was aborted.
[2017.04.25-15.10.12:591][ 16]LogModuleManager: Shutting down and abandoning module StatsViewer (482)
[2017.04.25-15.10.12:591][ 16]LogModuleManager: Shutting down and abandoning module FoliageEdit (480)
[2017.04.25-15.10.12:591][ 16]LogModuleManager: Shutting down and abandoning module LandscapeEditor (478)
[2017.04.25-15.10.12:591][ 16]LogModuleManager: Shutting down and abandoning module SceneDepthPickerMode (476)
[2017.04.25-15.10.12:591][ 16]LogModuleManager: Shutting down and abandoning module ActorPickerMode (474)
[2017.04.25-15.10.12:591][ 16]LogModuleManager: Shutting down and abandoning module GeometryMode (472)
[2017.04.25-15.10.12:591][ 16]LogModuleManager: Shutting down and abandoning module TextureAlignMode (470)
[2017.04.25-15.10.12:591][ 16]LogModuleManager: Shutting down and abandoning module BspMode (468)
[2017.04.25-15.10.12:591][ 16]LogModuleManager: Shutting down and abandoning module HardwareSurvey (466)
[2017.04.25-15.10.12:591][ 16]LogModuleManager: Shutting down and abandoning module SequenceRecorderSections (464)
[2017.04.25-15.10.12:591][ 16]LogModuleManager: Shutting down and abandoning module AutomationWorker (462)
[2017.04.25-15.10.12:591][ 16]LogModuleManager: Shutting down and abandoning module MatineeToLevelSequence (460)
[2017.04.25-15.10.12:591][ 16]LogModuleManager: Shutting down and abandoning module LevelSequenceEditor (458)
[2017.04.25-15.10.12:591][ 16]LogModuleManager: Shutting down and abandoning module PlacementMode (457)
[2017.04.25-15.10.12:591][ 16]LogModuleManager: Shutting down and abandoning module WmfMediaFactory (454)
[2017.04.25-15.10.12:591][ 16]LogModuleManager: Shutting down and abandoning module WmfMediaEditor (452)
[2017.04.25-15.10.12:591][ 16]LogModuleManager: Shutting down and abandoning module MfMediaFactory (450)
[2017.04.25-15.10.12:591][ 16]LogModuleManager: Shutting down and abandoning module MfMediaEditor (448)
[2017.04.25-15.10.12:591][ 16]LogModuleManager: Shutting down and abandoning module AvfMediaFactory (446)
[2017.04.25-15.10.12:591][ 16]LogModuleManager: Shutting down and abandoning module AvfMediaEditor (444)
[2017.04.25-15.10.12:591][ 16]LogModuleManager: Shutting down and abandoning module AndroidMediaFactory (442)
[2017.04.25-15.10.12:591][ 16]LogModuleManager: Shutting down and abandoning module Media (441)
[2017.04.25-15.10.12:591][ 16]LogModuleManager: Shutting down and abandoning module AndroidMediaEditor (438)
[2017.04.25-15.10.12:591][ 16]LogModuleManager: Shutting down and abandoning module CharacterAI (436)
[2017.04.25-15.10.12:591][ 16]LogModuleManager: Shutting down and abandoning module AudioCapture (434)
[2017.04.25-15.10.12:592][ 16]LogModuleManager: Shutting down and abandoning module SequenceRecorder (433)
[2017.04.25-15.10.12:592][ 16]LogModuleManager: Shutting down and abandoning module SmartSnapping (430)
[2017.04.25-15.10.12:592][ 16]LogModuleManager: Shutting down and abandoning module SessionServices (428)
[2017.04.25-15.10.12:592][ 16]LogModuleManager: Shutting down and abandoning module ViewportSnapping (426)
[2017.04.25-15.10.12:592][ 16]LogModuleManager: Shutting down and abandoning module ViewportInteraction (424)
[2017.04.25-15.10.12:592][ 16]LogModuleManager: Shutting down and abandoning module LogVisualizer (422)
[2017.04.25-15.10.12:592][ 16]LogModuleManager: Shutting down and abandoning module IntroTutorials (420)
[2017.04.25-15.10.12:592][ 16]LogModuleManager: Shutting down and abandoning module GameProjectGeneration (419)
[2017.04.25-15.10.12:592][ 16]LogModuleManager: Shutting down and abandoning module EditorLiveStreaming (416)
[2017.04.25-15.10.12:592][ 16]LogModuleManager: Shutting down and abandoning module IOSPlatformEditor (414)
[2017.04.25-15.10.12:592][ 16]LogModuleManager: Shutting down and abandoning module HTML5PlatformEditor (412)
[2017.04.25-15.10.12:592][ 16]LogModuleManager: Shutting down and abandoning module AndroidPlatformEditor (410)
[2017.04.25-15.10.12:592][ 16]LogModuleManager: Shutting down and abandoning module AndroidDeviceDetection (409)
[2017.04.25-15.10.13:266][ 16]LogModuleManager: Shutting down and abandoning module IOSRuntimeSettings (406)
[2017.04.25-15.10.13:266][ 16]LogModuleManager: Shutting down and abandoning module AndroidRuntimeSettings (404)
[2017.04.25-15.10.13:266][ 16]LogModuleManager: Shutting down and abandoning module InputBindingEditor (402)
[2017.04.25-15.10.13:266][ 16]LogModuleManager: Shutting down and abandoning module NiagaraEditor (400)
[2017.04.25-15.10.13:266][ 16]LogModuleManager: Shutting down and abandoning module MergeActors (398)
[2017.04.25-15.10.13:266][ 16]LogModuleManager: Shutting down and abandoning module SizeMap (396)
[2017.04.25-15.10.13:266][ 16]LogModuleManager: Shutting down and abandoning module TreeMap (394)
[2017.04.25-15.10.13:266][ 16]LogModuleManager: Shutting down and abandoning module ReferenceViewer (392)
[2017.04.25-15.10.13:266][ 16]LogModuleManager: Shutting down and abandoning module LocalizationDashboard (390)
[2017.04.25-15.10.13:266][ 16]LogModuleManager: Shutting down and abandoning module LocalizationService (389)
[2017.04.25-15.10.13:266][ 16]LogModuleManager: Shutting down and abandoning module HardwareTargeting (386)
[2017.04.25-15.10.13:266][ 16]LogModuleManager: Shutting down and abandoning module DeviceProfileEditor (384)
[2017.04.25-15.10.13:266][ 16]LogModuleManager: Shutting down and abandoning module UndoHistory (382)
[2017.04.25-15.10.13:266][ 16]LogModuleManager: Shutting down and abandoning module UserFeedback (380)
[2017.04.25-15.10.13:266][ 16]LogModuleManager: Shutting down and abandoning module XmlParser (378)
[2017.04.25-15.10.13:267][ 16]LogModuleManager: Shutting down and abandoning module Blutility (376)
[2017.04.25-15.10.13:267][ 16]LogModuleManager: Shutting down and abandoning module ProjectSettingsViewer (374)
[2017.04.25-15.10.13:267][ 16]LogModuleManager: Shutting down and abandoning module ProjectTargetPlatformEditor (373)
[2017.04.25-15.10.13:267][ 16]LogModuleManager: Shutting down and abandoning module EditorSettingsViewer (370)
[2017.04.25-15.10.13:267][ 16]LogModuleManager: Shutting down and abandoning module SettingsEditor (368)
[2017.04.25-15.10.13:267][ 16]LogModuleManager: Shutting down and abandoning module ProjectLauncher (366)
[2017.04.25-15.10.13:267][ 16]LogModuleManager: Shutting down and abandoning module SessionFrontend (364)
[2017.04.25-15.10.13:267][ 16]LogModuleManager: Shutting down and abandoning module ProfilerClient (362)
[2017.04.25-15.10.13:267][ 16]LogModuleManager: Shutting down and abandoning module DeviceManager (360)
[2017.04.25-15.10.13:267][ 16]LogModuleManager: Shutting down and abandoning module TargetDeviceServices (359)
[2017.04.25-15.10.13:309][ 16]LogModuleManager: Shutting down and abandoning module AutomationController (356)
[2017.04.25-15.10.13:309][ 16]LogModuleManager: Shutting down and abandoning module AutomationWindow (354)
[2017.04.25-15.10.13:309][ 16]LogModuleManager: Shutting down and abandoning module Layers (352)
[2017.04.25-15.10.13:309][ 16]LogModuleManager: Shutting down and abandoning module ComponentVisualizers (350)
[2017.04.25-15.10.13:309][ 16]LogModuleManager: Shutting down and abandoning module DetailCustomizations (348)
[2017.04.25-15.10.13:309][ 16]LogModuleManager: Shutting down and abandoning module PackagesDialog (346)
[2017.04.25-15.10.13:309][ 16]LogModuleManager: Shutting down and abandoning module Persona (344)
[2017.04.25-15.10.13:309][ 16]LogModuleManager: Shutting down and abandoning module AnimGraph (343)
[2017.04.25-15.10.13:309][ 16]LogModuleManager: Shutting down and abandoning module Kismet (340)
[2017.04.25-15.10.13:310][ 16]LogModuleManager: Shutting down and abandoning module GraphEditor (338)
[2017.04.25-15.10.13:310][ 16]LogModuleManager: Shutting down and abandoning module ClassViewer (336)
[2017.04.25-15.10.13:310][ 16]LogModuleManager: Shutting down and abandoning module Toolbox (334)
[2017.04.25-15.10.13:310][ 16]LogModuleManager: Shutting down and abandoning module ModuleUI (332)
[2017.04.25-15.10.13:310][ 16]LogModuleManager: Shutting down and abandoning module MovieSceneTools (330)
[2017.04.25-15.10.13:310][ 16]LogModuleManager: Shutting down and abandoning module OutputLog (328)
[2017.04.25-15.10.13:310][ 16]LogModuleManager: Shutting down and abandoning module GammaUI (326)
[2017.04.25-15.10.13:310][ 16]LogModuleManager: Shutting down and abandoning module Documentation (324)
[2017.04.25-15.10.13:310][ 16]LogModuleManager: Shutting down and abandoning module Niagara (322)
[2017.04.25-15.10.13:310][ 16]LogModuleManager: Shutting down and abandoning module StreamingPauseRendering (320)
[2017.04.25-15.10.13:310][ 16]LogModuleManager: Shutting down and abandoning module AnalyticsET (318)
[2017.04.25-15.10.13:310][ 16]LogModuleManager: Shutting down and abandoning module PortalServices (316)
[2017.04.25-15.10.13:310][ 16]LogModuleManager: Shutting down and abandoning module PortalRpc (314)
[2017.04.25-15.10.13:310][ 16]LogModuleManager: Shutting down and abandoning module MessagingRpc (312)
[2017.04.25-15.10.13:310][ 16]LogModuleManager: Shutting down and abandoning module AIModule (310)
[2017.04.25-15.10.13:310][ 16]LogModuleManager: Shutting down and abandoning module GameplayDebugger (309)
[2017.04.25-15.10.13:310][ 16]LogModuleManager: Shutting down and abandoning module AITestSuite (307)
[2017.04.25-15.10.13:310][ 16]LogModuleManager: Shutting down and abandoning module ProfilerService (304)
[2017.04.25-15.10.13:323][ 16]LogModuleManager: Shutting down and abandoning module TaskGraph (302)
[2017.04.25-15.10.13:323][ 16]LogModuleManager: Shutting down and abandoning module SteamVRController (300)
[2017.04.25-15.10.13:323][ 16]LogModuleManager: Shutting down and abandoning module SteamVR (298)
[2017.04.25-15.10.13:323][ 16]LogModuleManager: Shutting down and abandoning module ProceduralMeshComponentEditor (296)
[2017.04.25-15.10.13:323][ 16]LogModuleManager: Shutting down and abandoning module ProceduralMeshComponent (294)
[2017.04.25-15.10.13:323][ 16]LogModuleManager: Shutting down and abandoning module OculusLibrary (292)
[2017.04.25-15.10.13:323][ 16]LogModuleManager: Shutting down and abandoning module OculusInput (290)
[2017.04.25-15.10.13:323][ 16]LogModuleManager: Shutting down and abandoning module MobilePatchingUtils (288)
[2017.04.25-15.10.13:323][ 16]LogModuleManager: Shutting down and abandoning module CustomMeshComponent (286)
[2017.04.25-15.10.13:323][ 16]LogModuleManager: Shutting down and abandoning module CableComponent (284)
[2017.04.25-15.10.13:323][ 16]LogModuleManager: Shutting down and abandoning module ArchVisCharacter (282)
[2017.04.25-15.10.13:323][ 16]LogModuleManager: Shutting down and abandoning module MediaPlayerEditor (278)
[2017.04.25-15.10.13:323][ 16]LogModuleManager: Shutting down and abandoning module HTML5Networking (276)
[2017.04.25-15.10.13:323][ 16]LogModuleManager: Shutting down and abandoning module AlembicImporter (274)
[2017.04.25-15.10.13:323][ 16]LogModuleManager: Shutting down and abandoning module AlembicLibrary (273)
[2017.04.25-15.10.13:323][ 16]LogModuleManager: Shutting down and abandoning module GeometryCache (272)
[2017.04.25-15.10.13:323][ 16]LogModuleManager: Shutting down and abandoning module GeometryCacheEd (271)
[2017.04.25-15.10.13:323][ 16]LogModuleManager: Shutting down and abandoning module SuperSearchEditor (266)
[2017.04.25-15.10.13:323][ 16]LogModuleManager: Shutting down and abandoning module SuperSearch (265)
[2017.04.25-15.10.13:323][ 16]LogModuleManager: Shutting down and abandoning module SpeedTreeImporter (262)
[2017.04.25-15.10.13:323][ 16]LogModuleManager: Shutting down and abandoning module PluginBrowser (260)
[2017.04.25-15.10.13:323][ 16]LogModuleManager: Shutting down and abandoning module MobileLauncherProfileWizard (258)
[2017.04.25-15.10.13:323][ 16]LogModuleManager: Shutting down and abandoning module EpicSurvey (256)
[2017.04.25-15.10.13:323][ 16]LogModuleManager: Shutting down and abandoning module VisualStudioSourceCodeAccess (254)
[2017.04.25-15.10.13:323][ 16]LogModuleManager: Shutting down and abandoning module DesktopPlatform (253)
[2017.04.25-15.10.13:323][ 16]LogModuleManager: Shutting down and abandoning module UObjectPlugin (250)
[2017.04.25-15.10.13:323][ 16]LogModuleManager: Shutting down and abandoning module SubversionSourceControl (248)
[2017.04.25-15.10.13:323][ 16]LogModuleManager: Shutting down and abandoning module PerforceSourceControl (246)
[2017.04.25-15.10.13:323][ 16]LogModuleManager: Shutting down and abandoning module GitSourceControl (244)
[2017.04.25-15.10.13:323][ 16]LogModuleManager: Shutting down and abandoning module SourceControl (243)
[2017.04.25-15.10.13:323][ 16]LogModuleManager: Shutting down and abandoning module LightPropagationVolumeEditor (240)
[2017.04.25-15.10.13:324][ 16]LogModuleManager: Shutting down and abandoning module PaperTiledImporter (238)
[2017.04.25-15.10.13:324][ 16]LogModuleManager: Shutting down and abandoning module PaperSpriteSheetImporter (236)
[2017.04.25-15.10.13:324][ 16]LogModuleManager: Shutting down and abandoning module Paper2DEditor (234)
[2017.04.25-15.10.13:325][ 16]LogModuleManager: Shutting down and abandoning module MeshPaint (233)
[2017.04.25-15.10.13:325][ 16]LogModuleManager: Shutting down and abandoning module LevelEditor (231)
[2017.04.25-15.10.13:326][ 16]LogModuleManager: Shutting down and abandoning module PixelInspectorModule (230)
[2017.04.25-15.10.13:326][ 16]LogModuleManager: Shutting down and abandoning module MainFrame (228)
[2017.04.25-15.10.13:326][ 16]LogModuleManager: Shutting down and abandoning module HotReload (227)
[2017.04.25-15.10.13:327][ 16]LogModuleManager: Shutting down and abandoning module ContentBrowser (223)
[2017.04.25-15.10.13:328][ 16]LogModuleManager: Shutting down and abandoning module PhysXVehiclesEditor (220)
[2017.04.25-15.10.13:328][ 16]LogModuleManager: Shutting down and abandoning module PhysXVehicles (218)
[2017.04.25-15.10.13:328][ 16]LogModuleManager: Shutting down and abandoning module LocationServicesBPLibrary (216)
[2017.04.25-15.10.13:328][ 16]LogModuleManager: Shutting down and abandoning module UdpMessaging (214)
[2017.04.25-15.10.13:428][ 16]LogModuleManager: Shutting down and abandoning module TcpMessaging (212)
[2017.04.25-15.10.13:529][ 16]LogModuleManager: Shutting down and abandoning module GameplayTagsEditor (210)
[2017.04.25-15.10.13:529][ 16]LogModuleManager: Shutting down and abandoning module FacialAnimationEditor (208)
[2017.04.25-15.10.13:529][ 16]LogModuleManager: Shutting down and abandoning module FacialAnimation (206)
[2017.04.25-15.10.13:529][ 16]LogModuleManager: Shutting down and abandoning module LightPropagationVolumeRuntime (204)
[2017.04.25-15.10.13:529][ 16]LogModuleManager: Shutting down and abandoning module Paper2D (202)
[2017.04.25-15.10.13:529][ 16]LogModuleManager: Shutting down and abandoning module WindowsMoviePlayer (200)
[2017.04.25-15.10.13:529][ 16]LogModuleManager: Shutting down and abandoning module WmfMedia (198)
[2017.04.25-15.10.13:529][ 16]LogModuleManager: Shutting down and abandoning module MfMedia (196)
[2017.04.25-15.10.13:529][ 16]LogModuleManager: Shutting down and abandoning module MediaAssets (194)
[2017.04.25-15.10.13:529][ 16]LogModuleManager: Shutting down and abandoning module GameLiveStreaming (192)
[2017.04.25-15.10.13:529][ 16]LogModuleManager: Shutting down and abandoning module VREditor (190)
[2017.04.25-15.10.13:529][ 16]LogModuleManager: Shutting down and abandoning module GameplayTasksEditor (188)
[2017.04.25-15.10.13:529][ 16]LogModuleManager: Shutting down and abandoning module BehaviorTreeEditor (186)
[2017.04.25-15.10.13:529][ 16]LogModuleManager: Shutting down and abandoning module FunctionalTesting (184)
[2017.04.25-15.10.13:529][ 16]LogModuleManager: Shutting down and abandoning module CollisionAnalyzer (182)
[2017.04.25-15.10.13:529][ 16]LogModuleManager: Shutting down and abandoning module UMG (180)
[2017.04.25-15.10.13:529][ 16]LogModuleManager: Shutting down and abandoning module UMGEditor (179)
[2017.04.25-15.10.13:529][ 16]LogModuleManager: Shutting down and abandoning module Sequencer (178)
[2017.04.25-15.10.13:529][ 16]LogModuleManager: Shutting down and abandoning module AssetTools (176)
[2017.04.25-15.10.13:529][ 16]LogModuleManager: Shutting down and abandoning module MessageLog (175)
[2017.04.25-15.10.13:529][ 16]LogModuleManager: Shutting down and abandoning module WorkspaceMenuStructure (174)
[2017.04.25-15.10.13:529][ 16]LogModuleManager: Shutting down and abandoning module SlateReflector (168)
[2017.04.25-15.10.13:529][ 16]LogModuleManager: Shutting down and abandoning module Slate (166)
[2017.04.25-15.10.13:529][ 16]LogModuleManager: Shutting down and abandoning module EditorStyle (164)
[2017.04.25-15.10.13:534][ 16]LogModuleManager: Shutting down and abandoning module SourceCodeAccess (162)
[2017.04.25-15.10.13:534][ 16]LogModuleManager: Shutting down and abandoning module HeadMountedDisplay (160)
[2017.04.25-15.10.13:534][ 16]LogModuleManager: Shutting down and abandoning module XAudio2 (158)
[2017.04.25-15.10.13:535][ 16]LogModuleManager: Shutting down and abandoning module Networking (156)
[2017.04.25-15.10.13:535][ 16]LogModuleManager: Shutting down and abandoning module Core (152)
[2017.04.25-15.10.13:535][ 16]LogModuleManager: Shutting down and abandoning module AssetRegistry (150)
[2017.04.25-15.10.13:641][ 16]LogDirectoryWatcher: A directory notification for '../../../Engine/Content/' was aborted.
[2017.04.25-15.10.13:641][ 16]LogDirectoryWatcher: A directory notification for '../../../../../../Users/Thobias/Documents/Unreal Projects/project1.3/MyProject 1.2/Content/' was aborted.
[2017.04.25-15.10.13:641][ 16]LogDirectoryWatcher: A directory notification for '../../../Engine/Plugins/2D/Paper2D/Content/' was aborted.
[2017.04.25-15.10.13:641][ 16]LogModuleManager: Shutting down and abandoning module DirectoryWatcher (149)
[2017.04.25-15.10.13:642][ 16]LogModuleManager: Shutting down and abandoning module KismetCompiler (146)
[2017.04.25-15.10.13:642][ 16]LogModuleManager: Shutting down and abandoning module PhysXFormats (144)
[2017.04.25-15.10.13:642][ 16]LogModuleManager: Shutting down and abandoning module MeshUtilities (142)
[2017.04.25-15.10.13:642][ 16]LogModuleManager: Shutting down and abandoning module SimplygonSwarm (141)
[2017.04.25-15.10.13:642][ 16]LogModuleManager: Shutting down and abandoning module SimplygonMeshReduction (139)
[2017.04.25-15.10.13:642][ 16]LogModuleManager: Shutting down and abandoning module QuadricMeshReduction (137)
[2017.04.25-15.10.13:642][ 16]LogModuleManager: Shutting down and abandoning module PropertyEditor (135)
[2017.04.25-15.10.13:642][ 16]LogModuleManager: Shutting down and abandoning module DerivedDataCache (132)
[2017.04.25-15.10.13:735][ 16]LogDerivedDataCache: Shutdown
[2017.04.25-15.10.13:735][ 16]LogModuleManager: Shutting down and abandoning module TargetPlatform (130)
[2017.04.25-15.10.13:735][ 16]LogModuleManager: Shutting down and abandoning module VulkanShaderFormat (129)
[2017.04.25-15.10.13:735][ 16]LogModuleManager: Shutting down and abandoning module ShaderFormatOpenGL (127)
[2017.04.25-15.10.13:735][ 16]LogModuleManager: Shutting down and abandoning module ShaderFormatD3D (125)
[2017.04.25-15.10.13:735][ 16]LogModuleManager: Shutting down and abandoning module MetalShaderFormat (123)
[2017.04.25-15.10.13:735][ 16]LogModuleManager: Shutting down and abandoning module TextureFormatUncompressed (121)
[2017.04.25-15.10.13:735][ 16]LogModuleManager: Shutting down and abandoning module TextureFormatPVR (119)
[2017.04.25-15.10.13:735][ 16]LogModuleManager: Shutting down and abandoning module TextureFormatDXT (117)
[2017.04.25-15.10.13:735][ 16]LogModuleManager: Shutting down and abandoning module TextureFormatIntelISPCTexComp (115)
[2017.04.25-15.10.13:735][ 16]LogModuleManager: Shutting down and abandoning module TextureFormatASTC (113)
[2017.04.25-15.10.13:735][ 16]LogModuleManager: Shutting down and abandoning module ImageWrapper (112)
[2017.04.25-15.10.13:735][ 16]LogModuleManager: Shutting down and abandoning module TextureFormatAndroid (109)
[2017.04.25-15.10.13:736][ 16]LogModuleManager: Shutting down and abandoning module AudioFormatOpus (107)
[2017.04.25-15.10.13:736][ 16]LogModuleManager: Shutting down and abandoning module AudioFormatOgg (105)
[2017.04.25-15.10.13:736][ 16]LogModuleManager: Shutting down and abandoning module AudioFormatADPCM (103)
[2017.04.25-15.10.13:736][ 16]LogModuleManager: Shutting down and abandoning module LinuxTargetPlatform (101)
[2017.04.25-15.10.13:736][ 16]LogModuleManager: Shutting down and abandoning module LinuxServerTargetPlatform (99)
[2017.04.25-15.10.13:736][ 16]LogModuleManager: Shutting down and abandoning module LinuxNoEditorTargetPlatform (97)
[2017.04.25-15.10.13:736][ 16]LogModuleManager: Shutting down and abandoning module LinuxClientTargetPlatform (95)
[2017.04.25-15.10.13:736][ 16]LogModuleManager: Shutting down and abandoning module TVOSTargetPlatform (93)
[2017.04.25-15.10.13:736][ 16]LogModuleManager: Shutting down and abandoning module Messaging (91)
[2017.04.25-15.10.13:736][ 16]LogModuleManager: Shutting down and abandoning module IOSTargetPlatform (89)
[2017.04.25-15.10.13:736][ 16]LogModuleManager: Shutting down and abandoning module HTML5TargetPlatform (87)
[2017.04.25-15.10.13:736][ 16]LogModuleManager: Shutting down and abandoning module Android_PVRTCTargetPlatform (85)
[2017.04.25-15.10.13:736][ 16]LogModuleManager: Shutting down and abandoning module Android_MultiTargetPlatform (83)
[2017.04.25-15.10.13:736][ 16]LogModuleManager: Shutting down and abandoning module Android_ETC2TargetPlatform (81)
[2017.04.25-15.10.13:736][ 16]LogModuleManager: Shutting down and abandoning module Android_ETC1TargetPlatform (79)
[2017.04.25-15.10.13:736][ 16]LogModuleManager: Shutting down and abandoning module Android_DXTTargetPlatform (77)
[2017.04.25-15.10.13:736][ 16]LogModuleManager: Shutting down and abandoning module Android_ATCTargetPlatform (75)
[2017.04.25-15.10.13:736][ 16]LogModuleManager: Shutting down and abandoning module Android_ASTCTargetPlatform (73)
[2017.04.25-15.10.13:736][ 16]LogModuleManager: Shutting down and abandoning module AndroidTargetPlatform (71)
[2017.04.25-15.10.13:736][ 16]LogModuleManager: Shutting down and abandoning module WindowsTargetPlatform (69)
[2017.04.25-15.10.13:736][ 16]LogModuleManager: Shutting down and abandoning module WindowsServerTargetPlatform (67)
[2017.04.25-15.10.13:736][ 16]LogModuleManager: Shutting down and abandoning module WindowsNoEditorTargetPlatform (65)
[2017.04.25-15.10.13:736][ 16]LogModuleManager: Shutting down and abandoning module WindowsClientTargetPlatform (63)
[2017.04.25-15.10.13:737][ 16]LogModuleManager: Shutting down and abandoning module MacTargetPlatform (61)
[2017.04.25-15.10.13:737][ 16]LogModuleManager: Shutting down and abandoning module MacServerTargetPlatform (59)
[2017.04.25-15.10.13:737][ 16]LogModuleManager: Shutting down and abandoning module MacNoEditorTargetPlatform (57)
[2017.04.25-15.10.13:737][ 16]LogModuleManager: Shutting down and abandoning module MacClientTargetPlatform (55)
[2017.04.25-15.10.13:737][ 16]LogModuleManager: Shutting down and abandoning module AllDesktopTargetPlatform (53)
[2017.04.25-15.10.13:737][ 16]LogModuleManager: Shutting down and abandoning module InputCore (50)
[2017.04.25-15.10.13:737][ 16]LogModuleManager: Shutting down and abandoning module Settings (48)
[2017.04.25-15.10.13:737][ 16]LogModuleManager: Shutting down and abandoning module OculusRift (46)
[2017.04.25-15.10.13:737][ 16]LogModuleManager: Shutting down and abandoning module ExampleDeviceProfileSelector (44)
[2017.04.25-15.10.13:737][ 16]LogModuleManager: Shutting down and abandoning module OnlineBlueprintSupport (42)
[2017.04.25-15.10.13:737][ 16]LogModuleManager: Shutting down and abandoning module OnlineSubsystem (38)
[2017.04.25-15.10.13:737][ 16]LogOnline:Display: Unloading online subsystem: NULL
[2017.04.25-15.10.13:737][ 16]LogModuleManager: Shutting down and abandoning module XMPP (37)
[2017.04.25-15.10.13:737][ 16]LogModuleManager: Shutting down and abandoning module HTTP (35)
[2017.04.25-15.10.13:737][ 16]LogHttp:Display: Http module shutting down, but needs to wait on 1 outstanding Http requests:
[2017.04.25-15.10.13:737][ 16]LogHttp:Display: 	verb=[POST] url=[https://datarouter.ol.epicgames.com/datarouter/api/v1/public/data?SessionID=%7B87A576C3-4E97-8658-FF9A-A1B3DD131AD2%7D&AppID=UEEditor.Rocket.Release&AppVersion=4.15.0-3299760%2B%2B%2BUE4%2BRelease-4.15&UserID=818e0bff47ec8895cf5c2fa74c94cc3f%7C34260977452e452897a67d6b49193a1b%7Cec9cc05f-24b1-4926-8731-15e4944ba103&AppEnvironment=datacollector-binary&UploadType=eteventstream] status=Processing
[2017.04.25-15.10.13:742][ 16]LogModuleManager: Shutting down and abandoning module SSL (34)
[2017.04.25-15.10.13:744][ 16]LogModuleManager: Shutting down and abandoning module AudioEditor (30)
[2017.04.25-15.10.13:744][ 16]LogModuleManager: Shutting down and abandoning module TextureCompressor (28)
[2017.04.25-15.10.13:744][ 16]LogModuleManager: Shutting down and abandoning module ShaderCore (26)
[2017.04.25-15.10.13:744][ 16]LogModuleManager: Shutting down and abandoning module Landscape (24)
[2017.04.25-15.10.13:744][ 16]LogModuleManager: Shutting down and abandoning module SlateRHIRenderer (22)
[2017.04.25-15.10.13:746][ 16]LogModuleManager: Shutting down and abandoning module OpenGLDrv (20)
[2017.04.25-15.10.13:746][ 16]LogModuleManager: Shutting down and abandoning module D3D11RHI (18)
[2017.04.25-15.10.13:746][ 16]LogModuleManager: Shutting down and abandoning module AnimGraphRuntime (16)
[2017.04.25-15.10.13:746][ 16]LogModuleManager: Shutting down and abandoning module Renderer (14)
[2017.04.25-15.10.13:746][ 16]LogModuleManager: Shutting down and abandoning module Engine (12)
[2017.04.25-15.10.13:746][ 16]LogModuleManager: Shutting down and abandoning module CoreUObject (10)
[2017.04.25-15.10.13:746][ 16]LogModuleManager: Shutting down and abandoning module NetworkFile (8)
[2017.04.25-15.10.13:746][ 16]LogModuleManager: Shutting down and abandoning module StreamingFile (6)
[2017.04.25-15.10.13:746][ 16]LogModuleManager: Shutting down and abandoning module SandboxFile (4)
[2017.04.25-15.10.13:746][ 16]LogModuleManager: Shutting down and abandoning module PakFile (2)
[2017.04.25-15.10.13:748][ 16]LogExit: Exiting.
[2017.04.25-15.10.13:764][ 16]Log file closed, 04/25/17 17:10:13
