Log file open, 04/26/17 15:59:05
LogInit:Display: Running engine for game: MyProject
LogPlatformFile: Not using cached read wrapper
LogInit:Display: RandInit(-1274128611) SRandInit(-1274128611).
LogTaskGraph: Started task graph with 5 named threads and 8 total threads with 1 sets of task threads.
LogStats: Stats thread started at 0.096530
LogInit: Using libcurl 7.47.1
LogInit:  - built for x86_64-pc-win32
LogInit:  - supports SSL with OpenSSL/1.0.2g
LogInit:  - supports HTTP deflate (compression) using libz 1.2.8
LogInit:  - other features:
LogInit:      CURL_VERSION_SSL
LogInit:      CURL_VERSION_LIBZ
LogInit:      CURL_VERSION_IPV6
LogInit:      CURL_VERSION_ASYNCHDNS
LogInit:      CURL_VERSION_LARGEFILE
LogInit:      CURL_VERSION_IDN
LogInit:  CurlRequestOptions (configurable via config and command line):
LogInit:  - bVerifyPeer = false  - Libcurl will NOT verify peer certificate
LogInit:  - bUseHttpProxy = false  - Libcurl will NOT use HTTP proxy
LogInit:  - bDontReuseConnections = false  - Libcurl will reuse connections
LogInit:  - CertBundlePath = nullptr  - Libcurl will use whatever was configured at build time.
LogInit: Build: ++UE4+Release-4.15-CL-3299760
LogInit: Engine Version: 4.15.0-3299760+++UE4+Release-4.15
LogInit: Compatible Engine Version: 4.15.0-3299760+++UE4+Release-4.15
LogInit: Net CL: 3299760
LogDevObjectVersion: Number of dev versions registered: 14
LogDevObjectVersion:   Dev-Blueprints (B0D832E4-1F89-4F0D-ACCF-7EB736FD4AA2): 8
LogDevObjectVersion:   Dev-Build (E1C64328-A22C-4D53-A36C-8E866417BD8C): 0
LogDevObjectVersion:   Dev-Core (375EC13C-06E4-48FB-B500-84F0262A717E): 2
LogDevObjectVersion:   Dev-Editor (E4B068ED-F494-42E9-A231-DA0B2E46BB41): 14
LogDevObjectVersion:   Dev-Framework (CFFC743F-43B0-4480-9391-14DF171D2073): 22
LogDevObjectVersion:   Dev-Mobile (B02B49B5-BB20-44E9-A304-32B752E40360): 0
LogDevObjectVersion:   Dev-Networking (A4E4105C-59A1-49B5-A7C5-40C4547EDFEE): 0
LogDevObjectVersion:   Dev-Online (39C831C9-5AE6-47DC-9A44-9C173E1C8E7C): 0
LogDevObjectVersion:   Dev-Physics (78F01B33-EBEA-4F98-B9B4-84EACCB95AA2): 0
LogDevObjectVersion:   Dev-Platform (6631380F-2D4D-43E0-8009-CF276956A95A): 0
LogDevObjectVersion:   Dev-Rendering (12F88B9F-8875-4AFC-A67C-D90C383ABD29): 12
LogDevObjectVersion:   Dev-Sequencer (7B5AE74C-D270-4C10-A958-57980B212A5A): 3
LogDevObjectVersion:   Dev-VR (D7296918-1DD6-4BDD-9DE2-64A83CC13884): 0
LogDevObjectVersion:   Dev-LoadTimes (C2A15278-BFE7-4AFE-6C17-90FF531DF755): 1
LogInit: Compiled (64-bit): Feb 14 2017 02:04:14
LogInit: Compiled with Visual C++: 19.00.23026.00
LogInit: Build Configuration: Development
LogInit: Branch Name: ++UE4+Release-4.15
LogInit: Command line: -EpicPortal 
LogInit: Base directory: C:/Program Files/Epic Games/UE_4.15/Engine/Binaries/Win64/
LogInit: Installed Engine Build: 1
LogInit: Presizing for max 8388607 objects, including 0 objects not considered by GC, pre-allocating 0 bytes for permanent pool.
LogInit: Object subsystem initialized
[2017.04.26-13.59.07:118][  0]LogInit: Selected Device Profile: [Windows]
[2017.04.26-13.59.07:118][  0]LogInit: Applying CVar settings loaded from the selected device profile: [Windows]
[2017.04.26-13.59.07:128][  0]LogInit: Computer: THOBIAS
[2017.04.26-13.59.07:128][  0]LogInit: User: Thobias
[2017.04.26-13.59.07:128][  0]LogInit: CPU Page size=65536, Cores=4
[2017.04.26-13.59.07:128][  0]LogInit: High frequency timer resolution =3.215356 MHz
[2017.04.26-13.59.07:128][  0]LogMemory: Memory total: Physical=7.9GB (8GB approx)
[2017.04.26-13.59.07:128][  0]LogMemory: Platform Memory Stats for Windows
[2017.04.26-13.59.07:128][  0]LogMemory: Process Physical Memory: 263.72 MB used, 263.72 MB peak
[2017.04.26-13.59.07:128][  0]LogMemory: Process Virtual Memory: 262.52 MB used, 262.52 MB peak
[2017.04.26-13.59.07:128][  0]LogMemory: Physical Memory: 4222.08 MB used,  3887.04 MB free, 8109.11 MB total
[2017.04.26-13.59.07:128][  0]LogMemory: Virtual Memory: 629.43 MB used,  3887.04 MB free, 134217728.00 MB total
[2017.04.26-13.59.07:242][  0]LogTextLocalizationManager: No translations for ('sv-SE') exist, falling back to 'en' for localization and internationalization data.
[2017.04.26-13.59.08:008][  0]LogD3D11RHI: D3D11 adapters:
[2017.04.26-13.59.08:031][  0]LogD3D11RHI:    0. 'NVIDIA GeForce GTX 560 Ti' (Feature Level 11_0)
[2017.04.26-13.59.08:031][  0]LogD3D11RHI:       978/0/4054 MB DedicatedVideo/DedicatedSystem/SharedSystem, Outputs:2, VendorId:0x10de
[2017.04.26-13.59.08:035][  0]LogD3D11RHI:    1. 'Intel(R) HD Graphics' (Feature Level 10_0)
[2017.04.26-13.59.08:035][  0]LogD3D11RHI:       32/0/1632 MB DedicatedVideo/DedicatedSystem/SharedSystem, Outputs:0, VendorId:0x8086
[2017.04.26-13.59.08:037][  0]LogD3D11RHI:    2. 'Microsoft Basic Render Driver' (Feature Level 11_0)
[2017.04.26-13.59.08:037][  0]LogD3D11RHI:       0/0/4054 MB DedicatedVideo/DedicatedSystem/SharedSystem, Outputs:0, VendorId:0x1414
[2017.04.26-13.59.08:037][  0]LogD3D11RHI: Chosen D3D11 Adapter: 0
[2017.04.26-13.59.08:041][  0]LogD3D11RHI: Creating new Direct3DDevice
[2017.04.26-13.59.08:041][  0]LogD3D11RHI:     GPU DeviceId: 0x1200 (for the marketing name, search the web for "GPU Device Id")
[2017.04.26-13.59.08:041][  0]LogWindows: EnumDisplayDevices:
[2017.04.26-13.59.08:041][  0]LogWindows:    0. 'NVIDIA GeForce GTX 560 Ti' (P:0 D:1)
[2017.04.26-13.59.08:041][  0]LogWindows:    1. 'NVIDIA GeForce GTX 560 Ti' (P:1 D:1)
[2017.04.26-13.59.08:041][  0]LogWindows:    2. 'Intel(R) HD Graphics' (P:0 D:0)
[2017.04.26-13.59.08:041][  0]LogWindows:    3. 'Intel(R) HD Graphics' (P:0 D:0)
[2017.04.26-13.59.08:042][  0]LogWindows: DebugString: PrimaryIsNotTheChoosenAdapter PrimaryIsNotTheChoosenAdapter FoundDriverCount:2 
[2017.04.26-13.59.08:042][  0]LogD3D11RHI:     Adapter Name: NVIDIA GeForce GTX 560 Ti
[2017.04.26-13.59.08:042][  0]LogD3D11RHI:   Driver Version: 376.53 (internal:21.21.13.7653, unified:376.53)
[2017.04.26-13.59.08:042][  0]LogD3D11RHI:      Driver Date: 12-29-2016
[2017.04.26-13.59.08:042][  0]LogRHI: Texture pool is 684 MB (70% of 978 MB)
[2017.04.26-13.59.08:057][  0]LogD3D11RHI:Warning: Timestamp queries are currently disabled on this hardware due to instability. Realtime GPU stats will not be available. You can override this behaviour by setting r.NVIDIATimestampWorkaround to 0
[2017.04.26-13.59.08:058][  0]LogD3D11RHI: Async texture creation enabled
[2017.04.26-13.59.08:069][  0]LogD3D11RHI: GPU Timing Frequency: 1000.000000 (Debug: 2 1)
[2017.04.26-13.59.08:169][  0]LogShaderCompilers: Guid format shader working directory is -34 characters bigger than the processId version (../../../../../../Users/Thobias/Documents/Unreal Projects/project1.3/MyProject 1.2/Intermediate/Shaders/WorkingDirectory/6548/).
[2017.04.26-13.59.08:169][  0]LogShaderCompilers: Cleaned the shader compiler working directory 'C:/Users/Thobias/AppData/Local/Temp/UnrealShaderWorkingDir/7791A5AC4EB76FD63030CDB4C01B525E/'.
[2017.04.26-13.59.08:169][  0]LogShaderCompilers:Display: Using Local Shader Compiler.
[2017.04.26-13.59.12:596][  0]LogTemp:Display: Loaded TP AllDesktopTargetPlatform
[2017.04.26-13.59.12:687][  0]LogTemp:Display: Loaded TP MacClientTargetPlatform
[2017.04.26-13.59.12:777][  0]LogTemp:Display: Loaded TP MacNoEditorTargetPlatform
[2017.04.26-13.59.12:870][  0]LogTemp:Display: Loaded TP MacServerTargetPlatform
[2017.04.26-13.59.12:967][  0]LogTemp:Display: Loaded TP MacTargetPlatform
[2017.04.26-13.59.13:057][  0]LogTemp:Display: Loaded TP WindowsClientTargetPlatform
[2017.04.26-13.59.13:148][  0]LogTemp:Display: Loaded TP WindowsNoEditorTargetPlatform
[2017.04.26-13.59.13:239][  0]LogTemp:Display: Loaded TP WindowsServerTargetPlatform
[2017.04.26-13.59.13:317][  0]LogTemp:Display: Loaded TP WindowsTargetPlatform
[2017.04.26-13.59.13:405][  0]LogTemp:Display: Loaded TP AndroidTargetPlatform
[2017.04.26-13.59.13:493][  0]LogTemp:Display: Loaded TP Android_ASTCTargetPlatform
[2017.04.26-13.59.13:582][  0]LogTemp:Display: Loaded TP Android_ATCTargetPlatform
[2017.04.26-13.59.13:670][  0]LogTemp:Display: Loaded TP Android_DXTTargetPlatform
[2017.04.26-13.59.13:759][  0]LogTemp:Display: Loaded TP Android_ETC1TargetPlatform
[2017.04.26-13.59.13:847][  0]LogTemp:Display: Loaded TP Android_ETC2TargetPlatform
[2017.04.26-13.59.14:026][  0]LogTemp:Display: Loaded TP Android_MultiTargetPlatform
[2017.04.26-13.59.14:026][  0]LogTemp:Display: Loaded TP Android_PVRTCTargetPlatform
[2017.04.26-13.59.14:101][  0]LogTemp:Display: Loaded TP HTML5TargetPlatform
[2017.04.26-13.59.14:245][  0]LogTemp:Display: Loaded TP IOSTargetPlatform
[2017.04.26-13.59.14:292][  0]LogTemp:Display: Loaded TP TVOSTargetPlatform
[2017.04.26-13.59.14:384][  0]LogTemp:Display: Loaded TP LinuxClientTargetPlatform
[2017.04.26-13.59.14:478][  0]LogTemp:Display: Loaded TP LinuxNoEditorTargetPlatform
[2017.04.26-13.59.14:569][  0]LogTemp:Display: Loaded TP LinuxServerTargetPlatform
[2017.04.26-13.59.14:658][  0]LogTemp:Display: Loaded TP LinuxTargetPlatform
[2017.04.26-13.59.14:658][  0]LogTargetPlatformManager:Display: Building Assets For Windows
[2017.04.26-13.59.15:367][  0]LogDerivedDataCache:Display: Max Cache Size: 512 MB
[2017.04.26-13.59.15:424][  0]LogDerivedDataCache: Loaded boot cache 0.06s 50MB C:/Users/Thobias/AppData/Local/UnrealEngine/4.15/DerivedDataCache/Boot.ddc.
[2017.04.26-13.59.15:424][  0]LogDerivedDataCache:Display: Loaded Boot cache: C:/Users/Thobias/AppData/Local/UnrealEngine/4.15/DerivedDataCache/Boot.ddc
[2017.04.26-13.59.15:425][  0]LogDerivedDataCache: FDerivedDataBackendGraph:  Pak pak cache file ../../../../../../Users/Thobias/Documents/Unreal Projects/project1.3/MyProject 1.2/DerivedDataCache/DDC.ddp not found, will not use a pak cache.
[2017.04.26-13.59.15:425][  0]LogDerivedDataCache: Unable to find inner node Pak for hierarchical cache Hierarchy.
[2017.04.26-13.59.15:425][  0]LogDerivedDataCache: FDerivedDataBackendGraph:  CompressedPak pak cache file ../../../../../../Users/Thobias/Documents/Unreal Projects/project1.3/MyProject 1.2/DerivedDataCache/Compressed.ddp not found, will not use a pak cache.
[2017.04.26-13.59.15:425][  0]LogDerivedDataCache: Unable to find inner node CompressedPak for hierarchical cache Hierarchy.
[2017.04.26-13.59.15:445][  0]LogDerivedDataCache:Display: Pak cache opened for reading ../../../Engine/DerivedDataCache/Compressed.ddp.
[2017.04.26-13.59.15:458][  0]LogDerivedDataCache: Using Local data cache path C:/Users/Thobias/AppData/Local/UnrealEngine/Common/DerivedDataCache: Writable
[2017.04.26-13.59.15:467][  0]LogSlate: Using Freetype 2.6.0
[2017.04.26-13.59.15:468][  0]LogSlate: SlateFontCache - WITH_FREETYPE: 1, WITH_HARFBUZZ: 1
[2017.04.26-13.59.15:468][  0]LogSlate: SlateFontCache - WITH_FREETYPE: 1, WITH_HARFBUZZ: 1
[2017.04.26-13.59.15:834][  0]LogInit: Selected Device Profile: [Windows]
[2017.04.26-13.59.15:837][  0]LogContentStreaming: Texture pool size is 0.00 MB
[2017.04.26-13.59.16:135][  0]LogMeshUtilities: Using QuadricMeshReduction for automatic static mesh reduction
[2017.04.26-13.59.16:213][  0]LogSimplygon: Simplygon DLL not present - disabling.
[2017.04.26-13.59.16:314][  0]LogMeshUtilities: Using SimplygonSwarm for distributed automatic mesh merging
[2017.04.26-13.59.16:314][  0]LogMeshUtilities: No automatic skeletal mesh reduction module available
[2017.04.26-13.59.16:314][  0]LogMeshUtilities: No automatic mesh merging module available
[2017.04.26-13.59.17:033][  0]LogNetVersion: GetLocalNetworkVersion: CL: 3299760, ProjectName: myproject, ProjectVersion: , EngineNetworkVersion: 2, GameNetworkVersion: 0, NetworkChecksum: 4136520461
[2017.04.26-13.59.17:090][  0]LogAssetRegistry: FAssetRegistry took 0.0225 seconds to start up
[2017.04.26-13.59.17:136][  0]LogPackageLocalizationCache: Processed 3 localized package path(s) for 1 prioritized culture(s) in 0.014937 seconds
[2017.04.26-13.59.17:143][  0]LogUObjectArray: 32475 objects as part of root set at end of initial load.
[2017.04.26-13.59.17:143][  0]LogUObjectAllocator: 7073368 out of 0 bytes used by permanent object pool.
[2017.04.26-13.59.17:143][  0]LogUObjectArray: CloseDisregardForGC: 0/0 objects in disregard for GC pool
[2017.04.26-13.59.17:237][  0]LogInit: WinSock: version 1.1 (2.2), MaxSocks=32767, MaxUdp=65467
[2017.04.26-13.59.19:844][  0]LogTcpMessaging: Initializing TcpMessaging bridge
[2017.04.26-13.59.19:904][  0]LogUdpMessaging: Initializing bridge on interface 0.0.0.0:0 to multicast group 230.0.0.1:6666.
[2017.04.26-13.59.20:696][  0]LogMaterial: Uniform references updated for custom material expression Custom.
[2017.04.26-13.59.21:354][  0]SourceControl: Info Source control is disabled
[2017.04.26-13.59.21:355][  0]SourceControl: Info Source control is disabled
[2017.04.26-13.59.21:444][  0]SourceControl: Info Source control is disabled
[2017.04.26-13.59.21:533][  0]SourceControl: Info Source control is disabled
[2017.04.26-13.59.23:783][  0]LogEngine: Initializing Engine...
[2017.04.26-13.59.23:795][  0]LogHMD: Failed to initialize OpenVR with code 108
[2017.04.26-13.59.24:135][  0]LogAIModule: Creating AISystem for world Untitled
[2017.04.26-13.59.24:150][  0]LogInit: XAudio2 using 'Speakers (Realtek High Definition Audio)' : 2 channels at 48 kHz using 32 bits per sample (channel mask 0x3)
[2017.04.26-13.59.24:178][  0]LogInit: FAudioDevice initialized.
[2017.04.26-13.59.24:203][  0]LogDerivedDataCache: Saved boot cache 0.02s 50MB C:/Users/Thobias/AppData/Local/UnrealEngine/4.15/DerivedDataCache/Boot.ddc.
[2017.04.26-13.59.24:213][  0]LogInit: Texture streaming: Enabled
[2017.04.26-13.59.24:352][  0]LogEngineSessionManager: EngineSessionManager initialized
[2017.04.26-13.59.24:506][  0]LogInit: Transaction tracking system initialized
[2017.04.26-13.59.25:126][  0]BlueprintLog: New page: Editor Load
[2017.04.26-13.59.26:653][  0]LocalizationService: Info Localization service is disabled
[2017.04.26-13.59.27:847][  0]LogConsoleResponse:Display: 
[2017.04.26-13.59.28:007][  0]LogCook:Display: Max memory allowance for cook 16384mb min free memory 0mb
[2017.04.26-13.59.28:007][  0]LogCook:Display: Mobile HDR setting 1
[2017.04.26-13.59.28:829][  0]LogFileCache: Scanning file cache for directory 'C:/Users/Thobias/Documents/Unreal Projects/project1.3/MyProject 1.2/Content/' took 0.02s
[2017.04.26-13.59.29:839][  0]SourceControl: Info Source control is disabled
[2017.04.26-13.59.29:840][  0]Cmd: MAP LOAD FILE="../../../../../../Users/Thobias/Documents/Unreal Projects/project1.3/MyProject 1.2/Content/FirstPersonBP/Maps/FirstPersonExampleMap.umap" TEMPLATE=0 SHOWPROGRESS=1 FEATURELEVEL=3
[2017.04.26-13.59.29:840][  0]LightingResults: New page: Lighting Build
[2017.04.26-13.59.29:913][  0]MapCheck: New page: Map Check
[2017.04.26-13.59.29:913][  0]LightingResults: New page: Lighting Build
[2017.04.26-13.59.30:552][  0]LogAIModule: Creating AISystem for world FirstPersonExampleMap
[2017.04.26-13.59.30:565][  0]LogEditorServer: Finished looking for orphan Actors (0.000 secs)
[2017.04.26-13.59.30:566][  0]Cmd: MAP CHECKDEP NOCLEARLOG
[2017.04.26-13.59.30:700][  0]MapCheck: Info Map check complete: 0 Error(s), 0 Warning(s), took 134.394ms to complete.
[2017.04.26-13.59.30:700][  0]LogFileHelpers: Loading map 'FirstPersonExampleMap' took 0.861
[2017.04.26-13.59.30:757][  0]LogWindowsTextInputMethodSystem:Display: IME system now deactivated.
[2017.04.26-13.59.30:758][  0]LogWindowsTextInputMethodSystem:Display: IME system now deactivated.
[2017.04.26-13.59.30:898][  0]LogCollectionManager: Loaded 0 collections in 0.002725 seconds
[2017.04.26-13.59.31:011][  0]LogFileCache: Scanning file cache for directory 'C:/Users/Thobias/Documents/Unreal Projects/project1.3/MyProject 1.2/Saved/Collections/' took 0.01s
[2017.04.26-13.59.31:011][  0]LogFileCache: Scanning file cache for directory 'C:/Users/Thobias/Documents/Unreal Projects/project1.3/MyProject 1.2/Content/Developers/Thobias/Collections/' took 0.01s
[2017.04.26-13.59.31:011][  0]LogFileCache: Scanning file cache for directory 'C:/Users/Thobias/Documents/Unreal Projects/project1.3/MyProject 1.2/Content/Collections/' took 0.01s
[2017.04.26-13.59.31:011][  0]LogCollectionManager: Rebuilt the GUID cache for 0 collections in 0.000002 seconds
[2017.04.26-13.59.31:021][  0]LogContentBrowser: Native class hierarchy populated in 0.0098 seconds. Added 2244 classes and 450 folders.
[2017.04.26-13.59.31:025][  0]LogStats: UGameplayTagsManager::ConstructGameplayTagTree: Construct from data asset -  0.000 s
[2017.04.26-13.59.31:025][  0]LogStats: UGameplayTagsManager::ConstructGameplayTagTree: GameplayTagTreeChangedEvent.Broadcast -  0.000 s
[2017.04.26-13.59.31:132][  0]LogContentBrowser: Native class hierarchy updated for 'WidgetCarousel' in 0.0006 seconds. Added 0 classes and 0 folders.
[2017.04.26-13.59.31:218][  0]LogContentBrowser: Native class hierarchy updated for 'AddContentDialog' in 0.0005 seconds. Added 0 classes and 0 folders.
[2017.04.26-13.59.31:296][  0]LogContentBrowser: Native class hierarchy updated for 'SceneOutliner' in 0.0006 seconds. Added 1 classes and 2 folders.
[2017.04.26-13.59.31:361][  0]LogCrashTracker: Crashtracker disabled due to settings.
[2017.04.26-13.59.31:368][  0]LogUObjectGlobals:Warning: Failed to find object 'Class None.'
[2017.04.26-13.59.31:466][  0]LogContentBrowser: Native class hierarchy updated for 'HierarchicalLODOutliner' in 0.0006 seconds. Added 1 classes and 2 folders.
[2017.04.26-13.59.31:466][  0]LogLoad: (Engine Initialization) Total time: 27.22 seconds
[2017.04.26-13.59.31:466][  0]LogLoad: (Engine Initialization) Total Blueprint compile time: 0.27 seconds
[2017.04.26-13.59.31:466][  0]LogExternalProfiler: Found external profiler: VSPerf
[2017.04.26-13.59.31:466][  0]LogExternalProfiler: Using external profiler: VSPerf
[2017.04.26-13.59.31:476][  0]LogOcInput: OculusInput pre-init called
[2017.04.26-13.59.31:506][  0]LogContentStreaming: Texture pool size now 1000 MB
[2017.04.26-13.59.31:507][  0]LogSlate: Took 0.000340 seconds to synchronously load lazily loaded font '../../../Engine/Content/Slate/Fonts/Roboto-Regular.ttf' (155K)
[2017.04.26-13.59.31:512][  0]LogSlate: Took 0.000348 seconds to synchronously load lazily loaded font '../../../Engine/Content/Slate/Fonts/Roboto-Bold.ttf' (160K)
[2017.04.26-13.59.31:518][  0]LogSlate: Took 0.000344 seconds to synchronously load lazily loaded font '../../../Engine/Content/Editor/Slate/Fonts/FontAwesome.ttf' (139K)
[2017.04.26-13.59.31:670][  0]LogRenderer: Reallocating scene render targets to support 1232x612 NumSamples 1 (Frame:2).
[2017.04.26-13.59.31:729][  0]LogSlate: Took 0.000359 seconds to synchronously load lazily loaded font '../../../Engine/Content/Slate/Fonts/Roboto-Light.ttf' (159K)
[2017.04.26-13.59.31:790][  1]LogFileCache: Retrieving MD5 hashes for directory 'C:/Users/Thobias/Documents/Unreal Projects/project1.3/MyProject 1.2/Content/' took 0.30s
[2017.04.26-13.59.31:801][  1]LogAssetRegistry: Asset discovery search completed in 14.7336 seconds
[2017.04.26-13.59.31:801][  1]LogCollectionManager: Rebuilt the object cache for 0 collections in 0.000008 seconds (found 0 objects)
[2017.04.26-13.59.31:801][  1]LogCollectionManager: Fixed up redirectors for 0 collections in 0.000024 seconds (updated 0 objects)
[2017.04.26-13.59.32:495][ 70]LogSlate: Took 0.000403 seconds to synchronously load lazily loaded font '../../../Engine/Content/Slate/Fonts/Roboto-Light.ttf' (159K)
[2017.04.26-13.59.37:048][606]LogSlate: Took 0.000281 seconds to synchronously load lazily loaded font '../../../Engine/Content/Slate/Fonts/Roboto-Light.ttf' (159K)
[2017.04.26-13.59.37:717][606]LogAIModule: Creating AISystem for world korridor
[2017.04.26-13.59.37:764][606]Cmd: MAP LOAD FILE="../../../../../../Users/Thobias/Documents/Unreal Projects/project1.3/MyProject 1.2/Content/korridor.umap" TEMPLATE=0 SHOWPROGRESS=1 FEATURELEVEL=3
[2017.04.26-13.59.37:764][606]LightingResults: New page: Lighting Build
[2017.04.26-13.59.37:766][606]LoadErrors: New page: Loading map: korridor.umap
[2017.04.26-13.59.37:767][606]MapCheck: New page: Map Check
[2017.04.26-13.59.37:767][606]LightingResults: New page: Lighting Build
[2017.04.26-13.59.37:802][606]LogEditorServer: Finished looking for orphan Actors (0.000 secs)
[2017.04.26-13.59.37:825][606]Cmd: MAP CHECKDEP NOCLEARLOG
[2017.04.26-13.59.38:001][606]MapCheck: Info Map check complete: 0 Error(s), 0 Warning(s), took 175.965ms to complete.
[2017.04.26-13.59.38:002][606]LogFileHelpers: Loading map 'korridor' took 0.239
[2017.04.26-14.04.30:451][891]LogRenderer: Reallocating scene render targets to support 1244x612 NumSamples 1 (Frame:996).
[2017.04.26-14.04.30:537][892]LogRenderer: Reallocating scene render targets to support 1284x612 NumSamples 1 (Frame:998).
[2017.04.26-14.04.30:747][893]LogRenderer: Reallocating scene render targets to support 1332x612 NumSamples 1 (Frame:1000).
[2017.04.26-14.04.30:852][894]LogRenderer: Reallocating scene render targets to support 1344x612 NumSamples 1 (Frame:1002).
[2017.04.26-14.04.30:925][895]LogRenderer: Reallocating scene render targets to support 1352x612 NumSamples 1 (Frame:1004).
[2017.04.26-14.04.34:267][270]LogRenderer: Reallocating scene render targets to support 1352x616 NumSamples 1 (Frame:1011).
[2017.04.26-14.04.34:334][271]LogRenderer: Reallocating scene render targets to support 1352x628 NumSamples 1 (Frame:1013).
[2017.04.26-14.04.34:410][272]LogRenderer: Reallocating scene render targets to support 1352x656 NumSamples 1 (Frame:1015).
[2017.04.26-14.04.34:493][273]LogRenderer: Reallocating scene render targets to support 1352x692 NumSamples 1 (Frame:1017).
[2017.04.26-14.04.34:598][274]LogRenderer: Reallocating scene render targets to support 1352x704 NumSamples 1 (Frame:1019).
[2017.04.26-14.04.34:699][275]LogRenderer: Reallocating scene render targets to support 1352x716 NumSamples 1 (Frame:1021).
[2017.04.26-14.04.34:792][276]LogRenderer: Reallocating scene render targets to support 1352x720 NumSamples 1 (Frame:1023).
[2017.04.26-14.04.36:960][486]LogRenderer: Reallocating scene render targets to support 1356x720 NumSamples 1 (Frame:1040).
[2017.04.26-14.04.37:053][487]LogRenderer: Reallocating scene render targets to support 1364x720 NumSamples 1 (Frame:1042).
[2017.04.26-14.04.37:176][488]LogRenderer: Reallocating scene render targets to support 1372x720 NumSamples 1 (Frame:1044).
[2017.04.26-14.04.37:280][489]LogRenderer: Reallocating scene render targets to support 1384x720 NumSamples 1 (Frame:1046).
[2017.04.26-14.04.37:387][490]LogRenderer: Reallocating scene render targets to support 1416x720 NumSamples 1 (Frame:1048).
[2017.04.26-14.04.37:585][491]LogRenderer: Reallocating scene render targets to support 1424x720 NumSamples 1 (Frame:1050).
[2017.04.26-14.04.51:257][467]LogTemp: Repeting last play command: Selected Viewport
[2017.04.26-14.04.51:270][467]LogPlayLevel: PlayLevel: No blueprints needed recompiling
[2017.04.26-14.04.51:271][467]PIE: New page: PIE session: korridor (Apr 26, 2017, 6:04:51 PM)
[2017.04.26-14.04.51:271][467]LogPlayLevel: Creating play world package: /Game/UEDPIE_0_korridor
[2017.04.26-14.04.51:319][467]LogPlayLevel: PIE: StaticDuplicateObject took: (0.048529s)
[2017.04.26-14.04.51:320][467]LogAIModule: Creating AISystem for world korridor
[2017.04.26-14.04.51:320][467]LogPlayLevel: PIE: World Init took: (0.000926s)
[2017.04.26-14.04.51:321][467]LogPlayLevel: PIE: Created PIE world by copying editor world from /Game/korridor.korridor to /Game/UEDPIE_0_korridor.korridor (0.049776s)
[2017.04.26-14.04.51:341][467]LogInit: XAudio2 using 'Speakers (Realtek High Definition Audio)' : 2 channels at 48 kHz using 32 bits per sample (channel mask 0x3)
[2017.04.26-14.04.51:356][467]LogInit: FAudioDevice initialized.
[2017.04.26-14.04.51:405][467]LogLoad: Game class is 'FirstPersonGameMode_C'
[2017.04.26-14.04.51:413][467]LogWorld: Bringing World /Game/UEDPIE_0_korridor.korridor up for play (max tick rate 0) at 2017.04.26-16.04.51
[2017.04.26-14.04.51:413][467]LogWorld: Bringing up level for play took: 0.007085
[2017.04.26-14.04.51:492][467]LogContentBrowser: Native class hierarchy updated for 'MovieSceneCapture' in 0.0007 seconds. Added 11 classes and 0 folders.
[2017.04.26-14.04.51:495][467]PIE: Info Play in editor start time for /Game/UEDPIE_0_korridor 1.042
[2017.04.26-14.08.25:053][306]LogEditorViewport: Clicking on Actor (LMB): StaticMeshActor (Cone)
[2017.04.26-14.08.29:107][728]LogEditorViewport: Clicking on Actor (LMB): StaticMeshActor (Cone)
[2017.04.26-14.08.30:973][860]Cmd: SELECT NONE
[2017.04.26-14.09.01:741][802]LogEditorViewport: Clicking on Actor (LMB): StaticMeshActor (Cone)
[2017.04.26-14.09.04:485][978]LogEditorViewport: Clicking on Actor (LMB): PointLight (PointLight11)
[2017.04.26-14.10.14:353][583]LogTemp: Repeting last play command: Selected Viewport
[2017.04.26-14.10.14:367][583]LogPlayLevel: PlayLevel: No blueprints needed recompiling
[2017.04.26-14.10.14:367][583]PIE: New page: PIE session: korridor (Apr 26, 2017, 6:10:14 PM)
[2017.04.26-14.10.14:367][583]LogPlayLevel: Creating play world package: /Game/UEDPIE_0_korridor
[2017.04.26-14.10.14:416][583]LogPlayLevel: PIE: StaticDuplicateObject took: (0.048425s)
[2017.04.26-14.10.14:417][583]LogAIModule: Creating AISystem for world korridor
[2017.04.26-14.10.14:417][583]LogPlayLevel: PIE: World Init took: (0.000966s)
[2017.04.26-14.10.14:417][583]LogPlayLevel: PIE: Created PIE world by copying editor world from /Game/korridor.korridor to /Game/UEDPIE_0_korridor.korridor (0.049743s)
[2017.04.26-14.10.14:438][583]LogInit: XAudio2 using 'Speakers (Realtek High Definition Audio)' : 2 channels at 48 kHz using 32 bits per sample (channel mask 0x3)
[2017.04.26-14.10.14:451][583]LogInit: FAudioDevice initialized.
[2017.04.26-14.10.14:486][583]LogLoad: Game class is 'FirstPersonGameMode_C'
[2017.04.26-14.10.14:494][583]LogWorld: Bringing World /Game/UEDPIE_0_korridor.korridor up for play (max tick rate 0) at 2017.04.26-16.10.14
[2017.04.26-14.10.14:495][583]LogWorld: Bringing up level for play took: 0.007567
[2017.04.26-14.10.14:498][583]PIE: Info Play in editor start time for /Game/UEDPIE_0_korridor 0.044
[2017.04.26-14.10.38:597][898]LogEditorViewport: Clicking on Actor (LMB): StaticMeshActor (Cone)
[2017.04.26-14.10.42:196][131]LogEditorViewport: Clicking on Actor (LMB): PointLight (PointLight11)
[2017.04.26-14.10.56:702][521]LogEditorViewport: Clicking on Actor (context menu): StaticMeshActor (Cone)
[2017.04.26-14.11.05:530][326]LogSlate: Took 0.000416 seconds to synchronously load lazily loaded font '../../../Engine/Content/Editor/Slate/Fonts/Roboto-Italic.ttf' (157K)
[2017.04.26-14.11.45:123][452]LogEditorViewport: Clicking on Actor (LMB): StaticMeshActor (Lab-elskåp_Box001)
[2017.04.26-14.13.01:097][866]LogEditorViewport: Clicking on Actor (LMB): StaticMeshActor (Cone)
[2017.04.26-14.13.06:035][386]LogMaterial: Missing cached shader map for material lightBeam, compiling. 
[2017.04.26-14.13.06:036][386]LogTemp:Display: Added material ShaderMap 0x000001A425D0D600 with Material 0x000001A457907D80 to ShaderMapsBeingCompiled
[2017.04.26-14.13.06:047][386]LogTemp:Display: Kicking off shader compilation for lightBeam, GameThreadShaderMap 0x000001A425D0D600
[2017.04.26-14.13.06:162][386]LogMaterial: Missing cached shader map for material lightBeam, compiling. 
[2017.04.26-14.13.06:163][386]LogTemp:Display: Added material ShaderMap 0x000001A4295D3200 with Material 0x000001A457907D80 to ShaderMapsBeingCompiled
[2017.04.26-14.13.06:169][386]LogTemp:Display: Kicking off shader compilation for lightBeam, GameThreadShaderMap 0x000001A4295D3200
[2017.04.26-14.13.06:170][386]LogMaterial: 0.00 seconds spent updating 1 materials, 1 interfaces, 0 instances, 0 with static permutations.
[2017.04.26-14.13.06:199][386]LogMaterial: Missing cached shader map for material FMatExpressionPreview MaterialExpressionTextureSample_0, compiling. 
[2017.04.26-14.13.06:200][386]LogTemp:Display: Added material ShaderMap 0x000001A45FAEB580 with Material 0x000001A401DC4700 to ShaderMapsBeingCompiled
[2017.04.26-14.13.06:202][386]LogTemp:Display: Kicking off shader compilation for FMatExpressionPreview MaterialExpressionTextureSample_0, GameThreadShaderMap 0x000001A45FAEB580
[2017.04.26-14.13.06:204][386]LogMaterial: Missing cached shader map for material FMatExpressionPreview MaterialExpressionTextureSample_1, compiling. 
[2017.04.26-14.13.06:204][386]LogTemp:Display: Added material ShaderMap 0x000001A45FAE9D00 with Material 0x000001A427A45600 to ShaderMapsBeingCompiled
[2017.04.26-14.13.06:207][386]LogTemp:Display: Kicking off shader compilation for FMatExpressionPreview MaterialExpressionTextureSample_1, GameThreadShaderMap 0x000001A45FAE9D00
[2017.04.26-14.13.06:208][386]LogMaterial: Missing cached shader map for material FMatExpressionPreview MaterialExpressionDepthFade_0, compiling. 
[2017.04.26-14.13.06:214][386]LogSlate: Took 0.000337 seconds to synchronously load lazily loaded font '../../../Engine/Content/Editor/Slate/Fonts/Roboto-BoldCondensed.ttf' (158K)
[2017.04.26-14.13.16:295][176]LogTemp:Display: Finished compile of shader map 0x000001A4295D3200
[2017.04.26-14.13.16:295][176]LogTemp:Display: Shader map lightBeam complete, GameThreadShaderMap 0x000001A4295D3200, marking material lightBeam as finished
[2017.04.26-14.13.16:295][176]LogTemp:Display: Marking material as finished 0x000001A457907D80
[2017.04.26-14.13.16:515][191]LogTemp:Display: Finished compile of shader map 0x000001A45FAEB580
[2017.04.26-14.13.16:515][191]LogTemp:Display: Shader map FMatExpressionPreview MaterialExpressionTextureSample_0 complete, GameThreadShaderMap 0x000001A45FAEB580, marking material FMatExpressionPreview MaterialExpressionTextureSample_0 as finished
[2017.04.26-14.13.16:515][191]LogTemp:Display: Marking material as finished 0x000001A401DC4700
[2017.04.26-14.13.16:661][201]LogTemp:Display: Finished compile of shader map 0x000001A45FAE9D00
[2017.04.26-14.13.16:661][201]LogTemp:Display: Shader map FMatExpressionPreview MaterialExpressionTextureSample_1 complete, GameThreadShaderMap 0x000001A45FAE9D00, marking material FMatExpressionPreview MaterialExpressionTextureSample_1 as finished
[2017.04.26-14.13.16:661][201]LogTemp:Display: Marking material as finished 0x000001A427A45600
[2017.04.26-14.14.16:370][168]LogMaterial: Missing cached shader map for material lightBeam, compiling. 
[2017.04.26-14.14.16:371][168]LogTemp:Display: Added material ShaderMap 0x000001A4577D4100 with Material 0x000001A457907D80 to ShaderMapsBeingCompiled
[2017.04.26-14.14.16:377][168]LogTemp:Display: Kicking off shader compilation for lightBeam, GameThreadShaderMap 0x000001A4577D4100
[2017.04.26-14.14.16:377][168]LogMaterial: 0.00 seconds spent updating 1 materials, 1 interfaces, 0 instances, 0 with static permutations.
[2017.04.26-14.14.26:177][854]LogTemp:Display: Finished compile of shader map 0x000001A4577D4100
[2017.04.26-14.14.26:177][854]LogTemp:Display: Shader map lightBeam complete, GameThreadShaderMap 0x000001A4577D4100, marking material lightBeam as finished
[2017.04.26-14.14.26:177][854]LogTemp:Display: Marking material as finished 0x000001A457907D80
[2017.04.26-14.14.28:726][ 65]LogMaterial: Missing cached shader map for material lightBeam, compiling. 
[2017.04.26-14.14.28:727][ 65]LogTemp:Display: Added material ShaderMap 0x000001A457788B80 with Material 0x000001A457907D80 to ShaderMapsBeingCompiled
[2017.04.26-14.14.28:732][ 65]LogTemp:Display: Kicking off shader compilation for lightBeam, GameThreadShaderMap 0x000001A457788B80
[2017.04.26-14.14.28:732][ 65]LogMaterial: 0.00 seconds spent updating 1 materials, 1 interfaces, 0 instances, 0 with static permutations.
[2017.04.26-14.14.29:795][152]LogTemp:Display: Finished compile of shader map 0x000001A457788B80
[2017.04.26-14.14.29:795][152]LogTemp:Display: Shader map lightBeam complete, GameThreadShaderMap 0x000001A457788B80, marking material lightBeam as finished
[2017.04.26-14.14.29:795][152]LogTemp:Display: Marking material as finished 0x000001A457907D80
[2017.04.26-14.14.31:951][346]LogEditorTransaction: Undo Edit Constant
[2017.04.26-14.14.31:969][346]LogMaterial: Missing cached shader map for material lightBeam, compiling. 
[2017.04.26-14.14.31:970][346]LogTemp:Display: Added material ShaderMap 0x000001A45FAEA780 with Material 0x000001A457907D80 to ShaderMapsBeingCompiled
[2017.04.26-14.14.31:976][346]LogTemp:Display: Kicking off shader compilation for lightBeam, GameThreadShaderMap 0x000001A45FAEA780
[2017.04.26-14.14.31:986][346]LogMaterial: Missing cached shader map for material lightBeam, compiling. 
[2017.04.26-14.14.31:987][346]LogTemp:Display: Added material ShaderMap 0x000001A46768D980 with Material 0x000001A457907D80 to ShaderMapsBeingCompiled
[2017.04.26-14.14.31:993][346]LogTemp:Display: Kicking off shader compilation for lightBeam, GameThreadShaderMap 0x000001A46768D980
[2017.04.26-14.14.31:993][346]LogMaterial: 0.00 seconds spent updating 1 materials, 1 interfaces, 0 instances, 0 with static permutations.
[2017.04.26-14.14.32:305][358]LogTemp:Display: Finished compile of shader map 0x000001A45FAEA780
[2017.04.26-14.14.32:305][358]LogTemp:Display: Shader map lightBeam complete, GameThreadShaderMap 0x000001A45FAEA780, marking material lightBeam as finished
[2017.04.26-14.14.32:305][358]LogTemp:Display: Marking material as finished 0x000001A457907D80
[2017.04.26-14.14.33:431][441]LogTemp:Display: Finished compile of shader map 0x000001A46768D980
[2017.04.26-14.14.33:431][441]LogTemp:Display: Shader map lightBeam complete, GameThreadShaderMap 0x000001A46768D980, marking material lightBeam as finished
[2017.04.26-14.14.33:431][441]LogTemp:Display: Marking material as finished 0x000001A457907D80
[2017.04.26-14.14.38:405][856]LogMaterialEditor: Applying material lightBeam
[2017.04.26-14.14.39:061][856]LogMaterial: Missing cached shader map for material lightBeam, compiling. 
[2017.04.26-14.14.39:062][856]LogTemp:Display: Added material ShaderMap 0x000001A45B6AB200 with Material 0x000001A457907D80 to ShaderMapsBeingCompiled
[2017.04.26-14.14.39:073][856]LogTemp:Display: Kicking off shader compilation for lightBeam, GameThreadShaderMap 0x000001A45B6AB200
[2017.04.26-14.14.39:073][856]LogMaterial: 0.00 seconds spent updating 1 materials, 1 interfaces, 0 instances, 0 with static permutations.
[2017.04.26-14.14.39:098][856]LogMaterial: Missing cached shader map for material lightBeam, compiling. 
[2017.04.26-14.14.39:099][856]LogTemp:Display: Added material ShaderMap 0x000001A46224AB00 with Material 0x000001A43EA7D780 to ShaderMapsBeingCompiled
[2017.04.26-14.14.39:108][856]LogTemp:Display: Kicking off shader compilation for lightBeam, GameThreadShaderMap 0x000001A46224AB00
[2017.04.26-14.14.39:121][856]LogMaterial: Missing cached shader map for material lightBeam, compiling. 
[2017.04.26-14.14.39:122][856]LogTemp:Display: Added material ShaderMap 0x000001A4577D7200 with Material 0x000001A43EA7D780 to ShaderMapsBeingCompiled
[2017.04.26-14.14.39:129][856]LogTemp:Display: Kicking off shader compilation for lightBeam, GameThreadShaderMap 0x000001A4577D7200
[2017.04.26-14.14.39:132][856]LogMaterial: 0.00 seconds spent updating 1 materials, 1 interfaces, 0 instances, 0 with static permutations.
[2017.04.26-14.14.39:151][856]LogMaterial: Missing cached shader map for material FDebugViewModeMaterialProxy lightBeam, compiling. 
[2017.04.26-14.14.39:152][856]LogTemp:Display: Added material ShaderMap 0x000001A449775D00 with Material 0x000001A401DC5600 to ShaderMapsBeingCompiled
[2017.04.26-14.14.39:681][856]LogTemp:Display: Finished compile of shader map 0x000001A449775D00
[2017.04.26-14.14.39:681][856]LogTemp:Display: Shader map FDebugViewModeMaterialProxy lightBeam complete, GameThreadShaderMap 0x000001A449775D00, marking material FDebugViewModeMaterialProxy lightBeam as finished
[2017.04.26-14.14.39:681][856]LogTemp:Display: Marking material as finished 0x000001A401DC5600
[2017.04.26-14.14.39:685][856]TextureStreamingBuild:Display: Compiling optional shaders took 0.538 seconds.
[2017.04.26-14.14.39:862][860]LogTemp:Display: Finished compile of shader map 0x000001A45B6AB200
[2017.04.26-14.14.39:862][860]LogTemp:Display: Shader map lightBeam complete, GameThreadShaderMap 0x000001A45B6AB200, marking material lightBeam as finished
[2017.04.26-14.14.39:862][860]LogTemp:Display: Marking material as finished 0x000001A457907D80
[2017.04.26-14.14.41:670][  7]LogTemp:Display: Finished compile of shader map 0x000001A4577D7200
[2017.04.26-14.14.41:670][  7]LogTemp:Display: Shader map lightBeam complete, GameThreadShaderMap 0x000001A4577D7200, marking material lightBeam as finished
[2017.04.26-14.14.41:670][  7]LogTemp:Display: Marking material as finished 0x000001A43EA7D780
[2017.04.26-14.15.31:710][  5]LogMaterial: Missing cached shader map for material lightBeam, compiling. 
[2017.04.26-14.15.31:711][  5]LogTemp:Display: Added material ShaderMap 0x000001A41BDD1D00 with Material 0x000001A457907D80 to ShaderMapsBeingCompiled
[2017.04.26-14.15.31:717][  5]LogTemp:Display: Kicking off shader compilation for lightBeam, GameThreadShaderMap 0x000001A41BDD1D00
[2017.04.26-14.15.31:717][  5]LogMaterial: 0.00 seconds spent updating 1 materials, 1 interfaces, 0 instances, 0 with static permutations.
[2017.04.26-14.15.35:410][321]LogMaterialEditor: Applying material lightBeam
[2017.04.26-14.15.36:095][321]LogMaterial: Missing cached shader map for material lightBeam, compiling. 
[2017.04.26-14.15.36:096][321]LogTemp:Display: Added material ShaderMap 0x000001A458E6C100 with Material 0x000001A457907D80 to ShaderMapsBeingCompiled
[2017.04.26-14.15.36:106][321]LogTemp:Display: Kicking off shader compilation for lightBeam, GameThreadShaderMap 0x000001A458E6C100
[2017.04.26-14.15.36:107][321]LogMaterial: 0.00 seconds spent updating 1 materials, 1 interfaces, 0 instances, 0 with static permutations.
[2017.04.26-14.15.36:119][321]LogTemp:Display: Removed shader map 0x000001A46224AB00 from material 0x000001A43EA7D780
[2017.04.26-14.15.36:132][321]LogMaterial: Missing cached shader map for material lightBeam, compiling. 
[2017.04.26-14.15.36:133][321]LogTemp:Display: Added material ShaderMap 0x000001A41BDD3C80 with Material 0x000001A427D8C580 to ShaderMapsBeingCompiled
[2017.04.26-14.15.36:142][321]LogTemp:Display: Kicking off shader compilation for lightBeam, GameThreadShaderMap 0x000001A41BDD3C80
[2017.04.26-14.15.36:143][321]LogMaterial: Missing cached shader map for material lightBeam, compiling. 
[2017.04.26-14.15.36:144][321]LogTemp:Display: Added material ShaderMap 0x000001A45B3F4B80 with Material 0x000001A427D8C580 to ShaderMapsBeingCompiled
[2017.04.26-14.15.36:151][321]LogTemp:Display: Kicking off shader compilation for lightBeam, GameThreadShaderMap 0x000001A45B3F4B80
[2017.04.26-14.15.36:154][321]LogMaterial: 0.00 seconds spent updating 1 materials, 1 interfaces, 0 instances, 0 with static permutations.
[2017.04.26-14.15.36:169][321]LogMaterial: Missing cached shader map for material FDebugViewModeMaterialProxy lightBeam, compiling. 
[2017.04.26-14.15.36:170][321]LogTemp:Display: Added material ShaderMap 0x000001A429226E80 with Material 0x000001A403F7E500 to ShaderMapsBeingCompiled
[2017.04.26-14.15.41:263][321]LogTemp:Display: Finished compile of shader map 0x000001A429226E80
[2017.04.26-14.15.41:263][321]LogTemp:Display: Shader map FDebugViewModeMaterialProxy lightBeam complete, GameThreadShaderMap 0x000001A429226E80, marking material FDebugViewModeMaterialProxy lightBeam as finished
[2017.04.26-14.15.41:263][321]LogTemp:Display: Marking material as finished 0x000001A403F7E500
[2017.04.26-14.15.41:266][321]TextureStreamingBuild:Display: Compiling optional shaders took 5.101 seconds.
[2017.04.26-14.15.41:284][321]LogTemp:Display: Finished compile of shader map 0x000001A41BDD1D00
[2017.04.26-14.15.41:284][321]LogTemp:Display: Shader map lightBeam complete, GameThreadShaderMap 0x000001A41BDD1D00, marking material lightBeam as finished
[2017.04.26-14.15.41:284][321]LogTemp:Display: Marking material as finished 0x000001A457907D80
[2017.04.26-14.15.41:357][322]LogTemp:Display: Finished compile of shader map 0x000001A458E6C100
[2017.04.26-14.15.41:357][322]LogTemp:Display: Shader map lightBeam complete, GameThreadShaderMap 0x000001A458E6C100, marking material lightBeam as finished
[2017.04.26-14.15.41:357][322]LogTemp:Display: Marking material as finished 0x000001A457907D80
[2017.04.26-14.15.42:977][455]LogTemp:Display: Finished compile of shader map 0x000001A45B3F4B80
[2017.04.26-14.15.42:977][455]LogTemp:Display: Shader map lightBeam complete, GameThreadShaderMap 0x000001A45B3F4B80, marking material lightBeam as finished
[2017.04.26-14.15.42:977][455]LogTemp:Display: Marking material as finished 0x000001A427D8C580
[2017.04.26-14.16.16:929][206]LogSavePackage: Save=367.90ms
[2017.04.26-14.16.16:929][206]LogSavePackage: Moving '../../../../../../Users/Thobias/Documents/Unreal Projects/project1.3/MyProject 1.2/Saved/korridor_Auto1DF03D1FA4F61359520429099CAE5C678.tmp' to '../../../../../../Users/Thobias/Documents/Unreal Projects/project1.3/MyProject 1.2/Saved/Autosaves/Game/korridor_Auto1.umap'
[2017.04.26-14.16.16:933][206]LogSavePackage:Display: Finished SavePackage ../../../../../../Users/Thobias/Documents/Unreal Projects/project1.3/MyProject 1.2/Saved/Autosaves/Game/korridor_Auto1.umap
[2017.04.26-14.16.16:934][206]LogFileHelpers: Editor autosave (incl. sublevels) for '/Game/korridor' took 0.443
[2017.04.26-14.16.16:934][206]LogFileHelpers: Editor autosave (incl. sublevels) for all levels took 0.443
[2017.04.26-14.16.16:937][206]OBJ SavePackage: Generating thumbnails for [1] asset(s) in package [/Game/mitt/lightBeam] ([1] browsable assets)...
[2017.04.26-14.16.16:958][206]OBJ SavePackage:     Rendered thumbnail for [Material /Game/mitt/lightBeam.lightBeam]
[2017.04.26-14.16.16:958][206]OBJ SavePackage: Finished generating thumbnails for package [/Game/mitt/lightBeam]
[2017.04.26-14.16.17:022][206]LogSavePackage: Save=16.64ms
[2017.04.26-14.16.17:022][206]LogSavePackage: Moving '../../../../../../Users/Thobias/Documents/Unreal Projects/project1.3/MyProject 1.2/Saved/lightBeam_Auto19B275C1944E539A9C2BDDEB8D6FA0D7F.tmp' to '../../../../../../Users/Thobias/Documents/Unreal Projects/project1.3/MyProject 1.2/Saved/Autosaves/Game/mitt/lightBeam_Auto1.uasset'
[2017.04.26-14.16.17:024][206]LogSavePackage:Display: Finished SavePackage ../../../../../../Users/Thobias/Documents/Unreal Projects/project1.3/MyProject 1.2/Saved/Autosaves/Game/mitt/lightBeam_Auto1.uasset
[2017.04.26-14.16.17:024][206]LogFileHelpers: Auto-saving content packages took 0.089
[2017.04.26-14.17.45:020][616]LogMaterial: Missing cached shader map for material lightBeam, compiling. 
[2017.04.26-14.17.45:021][616]LogTemp:Display: Added material ShaderMap 0x000001A429224100 with Material 0x000001A457907D80 to ShaderMapsBeingCompiled
[2017.04.26-14.17.45:027][616]LogTemp:Display: Kicking off shader compilation for lightBeam, GameThreadShaderMap 0x000001A429224100
[2017.04.26-14.17.45:027][616]LogMaterial: 0.00 seconds spent updating 1 materials, 1 interfaces, 0 instances, 0 with static permutations.
[2017.04.26-14.17.45:053][616]LogMaterial: Missing cached shader map for material FMatExpressionPreview MaterialExpressionTextureSample_0, compiling. 
[2017.04.26-14.17.45:054][616]LogTemp:Display: Added material ShaderMap 0x000001A474867200 with Material 0x000001A4745CA800 to ShaderMapsBeingCompiled
[2017.04.26-14.17.45:057][616]LogTemp:Display: Kicking off shader compilation for FMatExpressionPreview MaterialExpressionTextureSample_0, GameThreadShaderMap 0x000001A474867200
[2017.04.26-14.17.50:718][ 37]LogMaterialEditor: Applying material lightBeam
[2017.04.26-14.17.51:404][ 37]LogMaterial: Missing cached shader map for material lightBeam, compiling. 
[2017.04.26-14.17.51:405][ 37]LogTemp:Display: Added material ShaderMap 0x000001A4577D7900 with Material 0x000001A457907D80 to ShaderMapsBeingCompiled
[2017.04.26-14.17.51:416][ 37]LogTemp:Display: Kicking off shader compilation for lightBeam, GameThreadShaderMap 0x000001A4577D7900
[2017.04.26-14.17.51:416][ 37]LogMaterial: 0.00 seconds spent updating 1 materials, 1 interfaces, 0 instances, 0 with static permutations.
[2017.04.26-14.17.51:429][ 37]LogTemp:Display: Removed shader map 0x000001A41BDD3C80 from material 0x000001A427D8C580
[2017.04.26-14.17.51:436][ 37]LogMaterial: Missing cached shader map for material lightBeam, compiling. 
[2017.04.26-14.17.51:437][ 37]LogTemp:Display: Added material ShaderMap 0x000001A40446E080 with Material 0x000001A427D8CE80 to ShaderMapsBeingCompiled
[2017.04.26-14.17.51:447][ 37]LogTemp:Display: Kicking off shader compilation for lightBeam, GameThreadShaderMap 0x000001A40446E080
[2017.04.26-14.17.51:448][ 37]LogMaterial: Missing cached shader map for material lightBeam, compiling. 
[2017.04.26-14.17.51:449][ 37]LogTemp:Display: Added material ShaderMap 0x000001A401CC6080 with Material 0x000001A427D8CE80 to ShaderMapsBeingCompiled
[2017.04.26-14.17.51:457][ 37]LogTemp:Display: Kicking off shader compilation for lightBeam, GameThreadShaderMap 0x000001A401CC6080
[2017.04.26-14.17.51:460][ 37]LogMaterial: 0.00 seconds spent updating 1 materials, 1 interfaces, 0 instances, 0 with static permutations.
[2017.04.26-14.17.51:474][ 37]LogMaterial: Missing cached shader map for material FDebugViewModeMaterialProxy lightBeam, compiling. 
[2017.04.26-14.17.51:475][ 37]LogTemp:Display: Added material ShaderMap 0x000001A404663580 with Material 0x000001A45767A200 to ShaderMapsBeingCompiled
[2017.04.26-14.17.54:874][ 37]LogTemp:Display: Finished compile of shader map 0x000001A404663580
[2017.04.26-14.17.54:874][ 37]LogTemp:Display: Shader map FDebugViewModeMaterialProxy lightBeam complete, GameThreadShaderMap 0x000001A404663580, marking material FDebugViewModeMaterialProxy lightBeam as finished
[2017.04.26-14.17.54:874][ 37]LogTemp:Display: Marking material as finished 0x000001A45767A200
[2017.04.26-14.17.54:877][ 37]TextureStreamingBuild:Display: Compiling optional shaders took 3.408 seconds.
[2017.04.26-14.17.54:895][ 37]LogTemp:Display: Finished compile of shader map 0x000001A429224100
[2017.04.26-14.17.54:895][ 37]LogTemp:Display: Shader map lightBeam complete, GameThreadShaderMap 0x000001A429224100, marking material lightBeam as finished
[2017.04.26-14.17.54:895][ 37]LogTemp:Display: Marking material as finished 0x000001A457907D80
[2017.04.26-14.17.54:895][ 37]LogTemp:Display: Finished compile of shader map 0x000001A474867200
[2017.04.26-14.17.54:895][ 37]LogTemp:Display: Shader map FMatExpressionPreview MaterialExpressionTextureSample_0 complete, GameThreadShaderMap 0x000001A474867200, marking material FMatExpressionPreview MaterialExpressionTextureSample_0 as finished
[2017.04.26-14.17.54:895][ 37]LogTemp:Display: Marking material as finished 0x000001A4745CA800
[2017.04.26-14.17.55:075][ 44]LogTemp:Display: Finished compile of shader map 0x000001A4577D7900
[2017.04.26-14.17.55:075][ 44]LogTemp:Display: Shader map lightBeam complete, GameThreadShaderMap 0x000001A4577D7900, marking material lightBeam as finished
[2017.04.26-14.17.55:075][ 44]LogTemp:Display: Marking material as finished 0x000001A457907D80
[2017.04.26-14.17.56:545][148]LogTemp:Display: Finished compile of shader map 0x000001A401CC6080
[2017.04.26-14.17.56:545][148]LogTemp:Display: Shader map lightBeam complete, GameThreadShaderMap 0x000001A401CC6080, marking material lightBeam as finished
[2017.04.26-14.17.56:545][148]LogTemp:Display: Marking material as finished 0x000001A427D8CE80
[2017.04.26-14.18.00:676][443]LogMaterial: Missing cached shader map for material lightBeam, compiling. 
[2017.04.26-14.18.00:677][443]LogTemp:Display: Added material ShaderMap 0x000001A404660B80 with Material 0x000001A457907D80 to ShaderMapsBeingCompiled
[2017.04.26-14.18.00:683][443]LogTemp:Display: Kicking off shader compilation for lightBeam, GameThreadShaderMap 0x000001A404660B80
[2017.04.26-14.18.00:683][443]LogMaterial: 0.00 seconds spent updating 1 materials, 1 interfaces, 0 instances, 0 with static permutations.
[2017.04.26-14.18.00:713][443]LogMaterial: Missing cached shader map for material FMatExpressionPreview MaterialExpressionTextureSample_0, compiling. 
[2017.04.26-14.18.00:714][443]LogTemp:Display: Added material ShaderMap 0x000001A4749B7200 with Material 0x000001A4583B2B00 to ShaderMapsBeingCompiled
[2017.04.26-14.18.00:716][443]LogTemp:Display: Kicking off shader compilation for FMatExpressionPreview MaterialExpressionTextureSample_0, GameThreadShaderMap 0x000001A4749B7200
[2017.04.26-14.18.01:928][522]LogTemp:Display: Finished compile of shader map 0x000001A4749B7200
[2017.04.26-14.18.01:928][522]LogTemp:Display: Shader map FMatExpressionPreview MaterialExpressionTextureSample_0 complete, GameThreadShaderMap 0x000001A4749B7200, marking material FMatExpressionPreview MaterialExpressionTextureSample_0 as finished
[2017.04.26-14.18.01:928][522]LogTemp:Display: Marking material as finished 0x000001A4583B2B00
[2017.04.26-14.18.02:047][530]LogTemp:Display: Finished compile of shader map 0x000001A404660B80
[2017.04.26-14.18.02:047][530]LogTemp:Display: Shader map lightBeam complete, GameThreadShaderMap 0x000001A404660B80, marking material lightBeam as finished
[2017.04.26-14.18.02:047][530]LogTemp:Display: Marking material as finished 0x000001A457907D80
[2017.04.26-14.18.03:055][601]LogMaterialEditor: Applying material lightBeam
[2017.04.26-14.18.03:722][601]LogMaterial: Missing cached shader map for material lightBeam, compiling. 
[2017.04.26-14.18.03:723][601]LogTemp:Display: Added material ShaderMap 0x000001A4749B6400 with Material 0x000001A457907D80 to ShaderMapsBeingCompiled
[2017.04.26-14.18.03:734][601]LogTemp:Display: Kicking off shader compilation for lightBeam, GameThreadShaderMap 0x000001A4749B6400
[2017.04.26-14.18.03:734][601]LogMaterial: 0.00 seconds spent updating 1 materials, 1 interfaces, 0 instances, 0 with static permutations.
[2017.04.26-14.18.03:747][601]LogTemp:Display: Removed shader map 0x000001A40446E080 from material 0x000001A427D8CE80
[2017.04.26-14.18.03:764][601]LogMaterial: Missing cached shader map for material lightBeam, compiling. 
[2017.04.26-14.18.03:765][601]LogTemp:Display: Added material ShaderMap 0x000001A404662400 with Material 0x000001A43AF20B80 to ShaderMapsBeingCompiled
[2017.04.26-14.18.03:775][601]LogTemp:Display: Kicking off shader compilation for lightBeam, GameThreadShaderMap 0x000001A404662400
[2017.04.26-14.18.03:776][601]LogMaterial: Missing cached shader map for material lightBeam, compiling. 
[2017.04.26-14.18.03:777][601]LogTemp:Display: Added material ShaderMap 0x000001A4587FE780 with Material 0x000001A43AF20B80 to ShaderMapsBeingCompiled
[2017.04.26-14.18.03:785][601]LogTemp:Display: Kicking off shader compilation for lightBeam, GameThreadShaderMap 0x000001A4587FE780
[2017.04.26-14.18.03:788][601]LogMaterial: 0.00 seconds spent updating 1 materials, 1 interfaces, 0 instances, 0 with static permutations.
[2017.04.26-14.18.03:806][601]LogMaterial: Missing cached shader map for material FDebugViewModeMaterialProxy lightBeam, compiling. 
[2017.04.26-14.18.03:807][601]LogTemp:Display: Added material ShaderMap 0x000001A4749B4800 with Material 0x000001A4745C8D00 to ShaderMapsBeingCompiled
[2017.04.26-14.18.04:334][601]LogTemp:Display: Finished compile of shader map 0x000001A4749B4800
[2017.04.26-14.18.04:334][601]LogTemp:Display: Shader map FDebugViewModeMaterialProxy lightBeam complete, GameThreadShaderMap 0x000001A4749B4800, marking material FDebugViewModeMaterialProxy lightBeam as finished
[2017.04.26-14.18.04:334][601]LogTemp:Display: Marking material as finished 0x000001A4745C8D00
[2017.04.26-14.18.04:338][601]TextureStreamingBuild:Display: Compiling optional shaders took 0.537 seconds.
[2017.04.26-14.18.04:451][603]LogTemp:Display: Finished compile of shader map 0x000001A4749B6400
[2017.04.26-14.18.04:451][603]LogTemp:Display: Shader map lightBeam complete, GameThreadShaderMap 0x000001A4749B6400, marking material lightBeam as finished
[2017.04.26-14.18.04:451][603]LogTemp:Display: Marking material as finished 0x000001A457907D80
[2017.04.26-14.18.06:183][721]LogTemp:Display: Finished compile of shader map 0x000001A4587FE780
[2017.04.26-14.18.06:183][721]LogTemp:Display: Shader map lightBeam complete, GameThreadShaderMap 0x000001A4587FE780, marking material lightBeam as finished
[2017.04.26-14.18.06:183][721]LogTemp:Display: Marking material as finished 0x000001A43AF20B80
[2017.04.26-14.18.21:645][779]LogMaterial: Missing cached shader map for material lightBeam, compiling. 
[2017.04.26-14.18.21:646][779]LogTemp:Display: Added material ShaderMap 0x000001A47484CB80 with Material 0x000001A457907D80 to ShaderMapsBeingCompiled
[2017.04.26-14.18.21:651][779]LogTemp:Display: Kicking off shader compilation for lightBeam, GameThreadShaderMap 0x000001A47484CB80
[2017.04.26-14.18.21:652][779]LogMaterial: 0.00 seconds spent updating 1 materials, 1 interfaces, 0 instances, 0 with static permutations.
[2017.04.26-14.18.22:800][857]LogTemp:Display: Finished compile of shader map 0x000001A47484CB80
[2017.04.26-14.18.22:800][857]LogTemp:Display: Shader map lightBeam complete, GameThreadShaderMap 0x000001A47484CB80, marking material lightBeam as finished
[2017.04.26-14.18.22:800][857]LogTemp:Display: Marking material as finished 0x000001A457907D80
[2017.04.26-14.18.26:966][176]LogMaterialEditor: Applying material lightBeam
[2017.04.26-14.18.27:623][176]LogMaterial: Missing cached shader map for material lightBeam, compiling. 
[2017.04.26-14.18.27:624][176]LogTemp:Display: Added material ShaderMap 0x000001A47F74D280 with Material 0x000001A457907D80 to ShaderMapsBeingCompiled
[2017.04.26-14.18.27:635][176]LogTemp:Display: Kicking off shader compilation for lightBeam, GameThreadShaderMap 0x000001A47F74D280
[2017.04.26-14.18.27:635][176]LogMaterial: 0.00 seconds spent updating 1 materials, 1 interfaces, 0 instances, 0 with static permutations.
[2017.04.26-14.18.27:647][176]LogTemp:Display: Removed shader map 0x000001A404662400 from material 0x000001A43AF20B80
[2017.04.26-14.18.27:654][176]LogMaterial: Missing cached shader map for material lightBeam, compiling. 
[2017.04.26-14.18.27:656][176]LogTemp:Display: Added material ShaderMap 0x000001A404660F00 with Material 0x000001A43AF20400 to ShaderMapsBeingCompiled
[2017.04.26-14.18.27:665][176]LogTemp:Display: Kicking off shader compilation for lightBeam, GameThreadShaderMap 0x000001A404660F00
[2017.04.26-14.18.27:667][176]LogMaterial: Missing cached shader map for material lightBeam, compiling. 
[2017.04.26-14.18.27:668][176]LogTemp:Display: Added material ShaderMap 0x000001A4597FC100 with Material 0x000001A43AF20400 to ShaderMapsBeingCompiled
[2017.04.26-14.18.27:675][176]LogTemp:Display: Kicking off shader compilation for lightBeam, GameThreadShaderMap 0x000001A4597FC100
[2017.04.26-14.18.27:678][176]LogMaterial: 0.00 seconds spent updating 1 materials, 1 interfaces, 0 instances, 0 with static permutations.
[2017.04.26-14.18.27:710][176]LogMaterial: Missing cached shader map for material FDebugViewModeMaterialProxy lightBeam, compiling. 
[2017.04.26-14.18.27:711][176]LogTemp:Display: Added material ShaderMap 0x000001A404526E80 with Material 0x000001A4744CA800 to ShaderMapsBeingCompiled
[2017.04.26-14.18.28:220][176]LogTemp:Display: Finished compile of shader map 0x000001A404526E80
[2017.04.26-14.18.28:220][176]LogTemp:Display: Shader map FDebugViewModeMaterialProxy lightBeam complete, GameThreadShaderMap 0x000001A404526E80, marking material FDebugViewModeMaterialProxy lightBeam as finished
[2017.04.26-14.18.28:220][176]LogTemp:Display: Marking material as finished 0x000001A4744CA800
[2017.04.26-14.18.28:224][176]TextureStreamingBuild:Display: Compiling optional shaders took 0.534 seconds.
[2017.04.26-14.18.28:369][182]LogTemp:Display: Finished compile of shader map 0x000001A47F74D280
[2017.04.26-14.18.28:369][182]LogTemp:Display: Shader map lightBeam complete, GameThreadShaderMap 0x000001A47F74D280, marking material lightBeam as finished
[2017.04.26-14.18.28:369][182]LogTemp:Display: Marking material as finished 0x000001A457907D80
[2017.04.26-14.18.29:992][298]LogTemp:Display: Finished compile of shader map 0x000001A4597FC100
[2017.04.26-14.18.29:992][298]LogTemp:Display: Shader map lightBeam complete, GameThreadShaderMap 0x000001A4597FC100, marking material lightBeam as finished
[2017.04.26-14.18.29:992][298]LogTemp:Display: Marking material as finished 0x000001A43AF20400
[2017.04.26-14.22.19:608][497]LogEditorViewport: Clicking on Actor (LMB): StaticMeshActor (Cone)
[2017.04.26-14.23.15:505][161]LogEditorViewport: Clicking on Actor (LMB): StaticMeshActor (Cone)
[2017.04.26-14.23.27:642][913]LogEditorViewport: Clicking on Actor (LMB): StaticMeshActor (Cone)
[2017.04.26-14.24.01:524][314]Cmd: SELECT NONE
[2017.04.26-14.24.35:923][847]Cmd: SELECT NONE
[2017.04.26-14.24.45:805][473]LogEditorViewport: Clicking on Actor (LMB): StaticMeshActor (Cone)
[2017.04.26-14.25.44:284][345]Cmd: SELECT NONE
[2017.04.26-14.26.23:089][945]Cmd: SELECT NONE
[2017.04.26-14.26.57:650][357]Cmd: SELECT NONE
[2017.04.26-14.27.06:274][902]LogEditorViewport: Clicking on Actor (LMB): StaticMeshActor (Cone)
[2017.04.26-14.27.52:631][919]Cmd: SELECT NONE
[2017.04.26-14.28.39:587][370]Cmd: OBJ SAVEPACKAGE PACKAGE="/Game/korridor" FILE="../../../../../../Users/Thobias/Documents/Unreal Projects/project1.3/MyProject 1.2/Content/korridor.umap" SILENT=true AUTOSAVING=false KEEPDIRTY=false
[2017.04.26-14.28.40:031][370]LogSavePackage: Save=369.75ms
[2017.04.26-14.28.40:031][370]LogSavePackage: Moving '../../../../../../Users/Thobias/Documents/Unreal Projects/project1.3/MyProject 1.2/Saved/korridor56285A3441878F5D04A2EE9BF498DC71.tmp' to '../../../../../../Users/Thobias/Documents/Unreal Projects/project1.3/MyProject 1.2/Content/korridor.umap'
[2017.04.26-14.28.40:036][370]LogSavePackage:Display: Finished SavePackage ../../../../../../Users/Thobias/Documents/Unreal Projects/project1.3/MyProject 1.2/Content/korridor.umap
[2017.04.26-14.28.40:107][370]Cmd: OBJ SAVEPACKAGE PACKAGE="/Game/korridor_BuiltData" FILE="../../../../../../Users/Thobias/Documents/Unreal Projects/project1.3/MyProject 1.2/Content/korridor_BuiltData.uasset" SILENT=true
[2017.04.26-14.28.40:166][370]LogSavePackage: Save=2.15ms
[2017.04.26-14.28.40:166][370]LogSavePackage: Moving '../../../../../../Users/Thobias/Documents/Unreal Projects/project1.3/MyProject 1.2/Saved/korridor_BuiltData790ABEB0473D22B70EFB99821E90FF09.tmp' to '../../../../../../Users/Thobias/Documents/Unreal Projects/project1.3/MyProject 1.2/Content/korridor_BuiltData.uasset'
[2017.04.26-14.28.40:168][370]LogSavePackage:Display: Finished SavePackage ../../../../../../Users/Thobias/Documents/Unreal Projects/project1.3/MyProject 1.2/Content/korridor_BuiltData.uasset
[2017.04.26-14.28.41:854][423]Cmd: OBJ SAVEPACKAGE PACKAGE="/Game/mitt/lightBeam" FILE="../../../../../../Users/Thobias/Documents/Unreal Projects/project1.3/MyProject 1.2/Content/mitt/lightBeam.uasset" SILENT=true
[2017.04.26-14.28.41:928][423]LogSavePackage: Save=17.09ms
[2017.04.26-14.28.41:928][423]LogSavePackage: Moving '../../../../../../Users/Thobias/Documents/Unreal Projects/project1.3/MyProject 1.2/Saved/lightBeam8BD71C1B432D7231B73E1C85750778C2.tmp' to '../../../../../../Users/Thobias/Documents/Unreal Projects/project1.3/MyProject 1.2/Content/mitt/lightBeam.uasset'
[2017.04.26-14.28.41:933][423]LogSavePackage:Display: Finished SavePackage ../../../../../../Users/Thobias/Documents/Unreal Projects/project1.3/MyProject 1.2/Content/mitt/lightBeam.uasset
[2017.04.26-14.28.42:094][423]LogWindowsTextInputMethodSystem:Display: IME system now deactivated.
[2017.04.26-14.28.42:095][423]LogWindowsTextInputMethodSystem:Display: IME system now deactivated.
[2017.04.26-14.28.42:332][424]Cmd: QUIT_EDITOR
[2017.04.26-14.28.43:021][424]LogExit: Preparing to exit.
[2017.04.26-14.28.43:691][424]LogDirectoryWatcher: A directory notification for 'C:/Users/Thobias/Documents/Unreal Projects/project1.3/MyProject 1.2/Content/' was aborted.
[2017.04.26-14.28.43:781][424]LogExit: Editor shut down
[2017.04.26-14.28.43:782][424]LogExit: Transaction tracking system shut down
[2017.04.26-14.28.43:786][424]LogTemp:Display: Removed shader map 0x000001A404660F00 from material 0x000001A43AF20400
[2017.04.26-14.28.43:805][424]LogTemp:Display: Removed shader map 0x000001A425D0D600 from material 0x000001A457907D80
[2017.04.26-14.28.43:907][424]LogObj: Freed 0b from 0 cluster array pools.
[2017.04.26-14.28.43:907][424]LogExit: Object subsystem successfully closed.
[2017.04.26-14.28.43:926][424]LogD3D11RHI: Shutdown
[2017.04.26-14.28.43:926][424]LogD3D11RHI: CleanupD3DDevice
[2017.04.26-14.28.44:082][424]LogD3D11RHI: ~FD3D11DynamicRHI
[2017.04.26-14.28.44:156][424]LogModuleManager: Shutting down and abandoning module MaterialEditor (500)
[2017.04.26-14.28.44:156][424]LogModuleManager: Shutting down and abandoning module MovieSceneCapture (498)
[2017.04.26-14.28.44:156][424]LogModuleManager: Shutting down and abandoning module HierarchicalLODOutliner (496)
[2017.04.26-14.28.44:156][424]LogModuleManager: Shutting down and abandoning module CrashTracker (494)
[2017.04.26-14.28.44:156][424]LogModuleManager: Shutting down and abandoning module SceneOutliner (492)
[2017.04.26-14.28.44:156][424]LogModuleManager: Shutting down and abandoning module AddContentDialog (490)
[2017.04.26-14.28.44:156][424]LogDirectoryWatcher: A directory notification for 'C:/Program Files/Epic Games/UE_4.15/FeaturePacks/' was aborted.
[2017.04.26-14.28.44:163][424]LogModuleManager: Shutting down and abandoning module WidgetCarousel (489)
[2017.04.26-14.28.44:163][424]LogModuleManager: Shutting down and abandoning module EditorWidgets (486)
[2017.04.26-14.28.44:163][424]LogModuleManager: Shutting down and abandoning module CollectionManager (484)
[2017.04.26-14.28.44:163][424]LogDirectoryWatcher: A directory notification for 'C:/Users/Thobias/Documents/Unreal Projects/project1.3/MyProject 1.2/Content/Collections/' was aborted.
[2017.04.26-14.28.44:163][424]LogDirectoryWatcher: A directory notification for 'C:/Users/Thobias/Documents/Unreal Projects/project1.3/MyProject 1.2/Content/Developers/Thobias/Collections/' was aborted.
[2017.04.26-14.28.44:163][424]LogDirectoryWatcher: A directory notification for 'C:/Users/Thobias/Documents/Unreal Projects/project1.3/MyProject 1.2/Saved/Collections/' was aborted.
[2017.04.26-14.28.44:163][424]LogModuleManager: Shutting down and abandoning module StatsViewer (482)
[2017.04.26-14.28.44:163][424]LogModuleManager: Shutting down and abandoning module FoliageEdit (480)
[2017.04.26-14.28.44:164][424]LogModuleManager: Shutting down and abandoning module LandscapeEditor (478)
[2017.04.26-14.28.44:164][424]LogModuleManager: Shutting down and abandoning module SceneDepthPickerMode (476)
[2017.04.26-14.28.44:164][424]LogModuleManager: Shutting down and abandoning module ActorPickerMode (474)
[2017.04.26-14.28.44:164][424]LogModuleManager: Shutting down and abandoning module GeometryMode (472)
[2017.04.26-14.28.44:164][424]LogModuleManager: Shutting down and abandoning module TextureAlignMode (470)
[2017.04.26-14.28.44:164][424]LogModuleManager: Shutting down and abandoning module BspMode (468)
[2017.04.26-14.28.44:164][424]LogModuleManager: Shutting down and abandoning module HardwareSurvey (466)
[2017.04.26-14.28.44:164][424]LogModuleManager: Shutting down and abandoning module SequenceRecorderSections (464)
[2017.04.26-14.28.44:164][424]LogModuleManager: Shutting down and abandoning module AutomationWorker (462)
[2017.04.26-14.28.44:164][424]LogModuleManager: Shutting down and abandoning module MatineeToLevelSequence (460)
[2017.04.26-14.28.44:164][424]LogModuleManager: Shutting down and abandoning module LevelSequenceEditor (458)
[2017.04.26-14.28.44:164][424]LogModuleManager: Shutting down and abandoning module PlacementMode (457)
[2017.04.26-14.28.44:164][424]LogModuleManager: Shutting down and abandoning module WmfMediaFactory (454)
[2017.04.26-14.28.44:164][424]LogModuleManager: Shutting down and abandoning module WmfMediaEditor (452)
[2017.04.26-14.28.44:164][424]LogModuleManager: Shutting down and abandoning module MfMediaFactory (450)
[2017.04.26-14.28.44:164][424]LogModuleManager: Shutting down and abandoning module MfMediaEditor (448)
[2017.04.26-14.28.44:164][424]LogModuleManager: Shutting down and abandoning module AvfMediaFactory (446)
[2017.04.26-14.28.44:164][424]LogModuleManager: Shutting down and abandoning module AvfMediaEditor (444)
[2017.04.26-14.28.44:164][424]LogModuleManager: Shutting down and abandoning module AndroidMediaFactory (442)
[2017.04.26-14.28.44:164][424]LogModuleManager: Shutting down and abandoning module Media (441)
[2017.04.26-14.28.44:164][424]LogModuleManager: Shutting down and abandoning module AndroidMediaEditor (438)
[2017.04.26-14.28.44:164][424]LogModuleManager: Shutting down and abandoning module CharacterAI (436)
[2017.04.26-14.28.44:164][424]LogModuleManager: Shutting down and abandoning module AudioCapture (434)
[2017.04.26-14.28.44:164][424]LogModuleManager: Shutting down and abandoning module SequenceRecorder (433)
[2017.04.26-14.28.44:164][424]LogModuleManager: Shutting down and abandoning module SmartSnapping (430)
[2017.04.26-14.28.44:164][424]LogModuleManager: Shutting down and abandoning module SessionServices (428)
[2017.04.26-14.28.44:164][424]LogModuleManager: Shutting down and abandoning module ViewportSnapping (426)
[2017.04.26-14.28.44:164][424]LogModuleManager: Shutting down and abandoning module ViewportInteraction (424)
[2017.04.26-14.28.44:164][424]LogModuleManager: Shutting down and abandoning module LogVisualizer (422)
[2017.04.26-14.28.44:164][424]LogModuleManager: Shutting down and abandoning module IntroTutorials (420)
[2017.04.26-14.28.44:164][424]LogModuleManager: Shutting down and abandoning module GameProjectGeneration (419)
[2017.04.26-14.28.44:164][424]LogModuleManager: Shutting down and abandoning module EditorLiveStreaming (416)
[2017.04.26-14.28.44:164][424]LogModuleManager: Shutting down and abandoning module IOSPlatformEditor (414)
[2017.04.26-14.28.44:164][424]LogModuleManager: Shutting down and abandoning module HTML5PlatformEditor (412)
[2017.04.26-14.28.44:164][424]LogModuleManager: Shutting down and abandoning module AndroidPlatformEditor (410)
[2017.04.26-14.28.44:164][424]LogModuleManager: Shutting down and abandoning module AndroidDeviceDetection (409)
[2017.04.26-14.28.44:976][424]LogModuleManager: Shutting down and abandoning module IOSRuntimeSettings (406)
[2017.04.26-14.28.44:976][424]LogModuleManager: Shutting down and abandoning module AndroidRuntimeSettings (404)
[2017.04.26-14.28.44:976][424]LogModuleManager: Shutting down and abandoning module InputBindingEditor (402)
[2017.04.26-14.28.44:976][424]LogModuleManager: Shutting down and abandoning module NiagaraEditor (400)
[2017.04.26-14.28.44:976][424]LogModuleManager: Shutting down and abandoning module MergeActors (398)
[2017.04.26-14.28.44:976][424]LogModuleManager: Shutting down and abandoning module SizeMap (396)
[2017.04.26-14.28.44:976][424]LogModuleManager: Shutting down and abandoning module TreeMap (394)
[2017.04.26-14.28.44:976][424]LogModuleManager: Shutting down and abandoning module ReferenceViewer (392)
[2017.04.26-14.28.44:976][424]LogModuleManager: Shutting down and abandoning module LocalizationDashboard (390)
[2017.04.26-14.28.44:977][424]LogModuleManager: Shutting down and abandoning module LocalizationService (389)
[2017.04.26-14.28.44:977][424]LogModuleManager: Shutting down and abandoning module HardwareTargeting (386)
[2017.04.26-14.28.44:977][424]LogModuleManager: Shutting down and abandoning module DeviceProfileEditor (384)
[2017.04.26-14.28.44:977][424]LogModuleManager: Shutting down and abandoning module UndoHistory (382)
[2017.04.26-14.28.44:977][424]LogModuleManager: Shutting down and abandoning module UserFeedback (380)
[2017.04.26-14.28.44:977][424]LogModuleManager: Shutting down and abandoning module XmlParser (378)
[2017.04.26-14.28.44:977][424]LogModuleManager: Shutting down and abandoning module Blutility (376)
[2017.04.26-14.28.44:977][424]LogModuleManager: Shutting down and abandoning module ProjectSettingsViewer (374)
[2017.04.26-14.28.44:977][424]LogModuleManager: Shutting down and abandoning module ProjectTargetPlatformEditor (373)
[2017.04.26-14.28.44:977][424]LogModuleManager: Shutting down and abandoning module EditorSettingsViewer (370)
[2017.04.26-14.28.44:977][424]LogModuleManager: Shutting down and abandoning module SettingsEditor (368)
[2017.04.26-14.28.44:977][424]LogModuleManager: Shutting down and abandoning module ProjectLauncher (366)
[2017.04.26-14.28.44:977][424]LogModuleManager: Shutting down and abandoning module SessionFrontend (364)
[2017.04.26-14.28.44:977][424]LogModuleManager: Shutting down and abandoning module ProfilerClient (362)
[2017.04.26-14.28.44:977][424]LogModuleManager: Shutting down and abandoning module DeviceManager (360)
[2017.04.26-14.28.44:977][424]LogModuleManager: Shutting down and abandoning module TargetDeviceServices (359)
[2017.04.26-14.28.45:022][424]LogModuleManager: Shutting down and abandoning module AutomationController (356)
[2017.04.26-14.28.45:022][424]LogModuleManager: Shutting down and abandoning module AutomationWindow (354)
[2017.04.26-14.28.45:022][424]LogModuleManager: Shutting down and abandoning module Layers (352)
[2017.04.26-14.28.45:022][424]LogModuleManager: Shutting down and abandoning module ComponentVisualizers (350)
[2017.04.26-14.28.45:022][424]LogModuleManager: Shutting down and abandoning module DetailCustomizations (348)
[2017.04.26-14.28.45:022][424]LogModuleManager: Shutting down and abandoning module PackagesDialog (346)
[2017.04.26-14.28.45:022][424]LogModuleManager: Shutting down and abandoning module Persona (344)
[2017.04.26-14.28.45:022][424]LogModuleManager: Shutting down and abandoning module AnimGraph (343)
[2017.04.26-14.28.45:022][424]LogModuleManager: Shutting down and abandoning module Kismet (340)
[2017.04.26-14.28.45:023][424]LogModuleManager: Shutting down and abandoning module GraphEditor (338)
[2017.04.26-14.28.45:023][424]LogModuleManager: Shutting down and abandoning module ClassViewer (336)
[2017.04.26-14.28.45:023][424]LogModuleManager: Shutting down and abandoning module Toolbox (334)
[2017.04.26-14.28.45:023][424]LogModuleManager: Shutting down and abandoning module ModuleUI (332)
[2017.04.26-14.28.45:023][424]LogModuleManager: Shutting down and abandoning module MovieSceneTools (330)
[2017.04.26-14.28.45:023][424]LogModuleManager: Shutting down and abandoning module OutputLog (328)
[2017.04.26-14.28.45:023][424]LogModuleManager: Shutting down and abandoning module GammaUI (326)
[2017.04.26-14.28.45:023][424]LogModuleManager: Shutting down and abandoning module Documentation (324)
[2017.04.26-14.28.45:023][424]LogModuleManager: Shutting down and abandoning module Niagara (322)
[2017.04.26-14.28.45:023][424]LogModuleManager: Shutting down and abandoning module StreamingPauseRendering (320)
[2017.04.26-14.28.45:023][424]LogModuleManager: Shutting down and abandoning module AnalyticsET (318)
[2017.04.26-14.28.45:023][424]LogModuleManager: Shutting down and abandoning module PortalServices (316)
[2017.04.26-14.28.45:023][424]LogModuleManager: Shutting down and abandoning module PortalRpc (314)
[2017.04.26-14.28.45:023][424]LogModuleManager: Shutting down and abandoning module MessagingRpc (312)
[2017.04.26-14.28.45:023][424]LogModuleManager: Shutting down and abandoning module AIModule (310)
[2017.04.26-14.28.45:023][424]LogModuleManager: Shutting down and abandoning module GameplayDebugger (309)
[2017.04.26-14.28.45:023][424]LogModuleManager: Shutting down and abandoning module AITestSuite (307)
[2017.04.26-14.28.45:023][424]LogModuleManager: Shutting down and abandoning module ProfilerService (304)
[2017.04.26-14.28.45:189][424]LogModuleManager: Shutting down and abandoning module TaskGraph (302)
[2017.04.26-14.28.45:189][424]LogModuleManager: Shutting down and abandoning module SteamVRController (300)
[2017.04.26-14.28.45:189][424]LogModuleManager: Shutting down and abandoning module SteamVR (298)
[2017.04.26-14.28.45:189][424]LogModuleManager: Shutting down and abandoning module ProceduralMeshComponentEditor (296)
[2017.04.26-14.28.45:189][424]LogModuleManager: Shutting down and abandoning module ProceduralMeshComponent (294)
[2017.04.26-14.28.45:189][424]LogModuleManager: Shutting down and abandoning module OculusLibrary (292)
[2017.04.26-14.28.45:189][424]LogModuleManager: Shutting down and abandoning module OculusInput (290)
[2017.04.26-14.28.45:189][424]LogModuleManager: Shutting down and abandoning module MobilePatchingUtils (288)
[2017.04.26-14.28.45:189][424]LogModuleManager: Shutting down and abandoning module CustomMeshComponent (286)
[2017.04.26-14.28.45:189][424]LogModuleManager: Shutting down and abandoning module CableComponent (284)
[2017.04.26-14.28.45:189][424]LogModuleManager: Shutting down and abandoning module ArchVisCharacter (282)
[2017.04.26-14.28.45:189][424]LogModuleManager: Shutting down and abandoning module MediaPlayerEditor (278)
[2017.04.26-14.28.45:189][424]LogModuleManager: Shutting down and abandoning module HTML5Networking (276)
[2017.04.26-14.28.45:189][424]LogModuleManager: Shutting down and abandoning module AlembicImporter (274)
[2017.04.26-14.28.45:189][424]LogModuleManager: Shutting down and abandoning module AlembicLibrary (273)
[2017.04.26-14.28.45:189][424]LogModuleManager: Shutting down and abandoning module GeometryCache (272)
[2017.04.26-14.28.45:189][424]LogModuleManager: Shutting down and abandoning module GeometryCacheEd (271)
[2017.04.26-14.28.45:189][424]LogModuleManager: Shutting down and abandoning module SuperSearchEditor (266)
[2017.04.26-14.28.45:189][424]LogModuleManager: Shutting down and abandoning module SuperSearch (265)
[2017.04.26-14.28.45:189][424]LogModuleManager: Shutting down and abandoning module SpeedTreeImporter (262)
[2017.04.26-14.28.45:189][424]LogModuleManager: Shutting down and abandoning module PluginBrowser (260)
[2017.04.26-14.28.45:189][424]LogModuleManager: Shutting down and abandoning module MobileLauncherProfileWizard (258)
[2017.04.26-14.28.45:189][424]LogModuleManager: Shutting down and abandoning module EpicSurvey (256)
[2017.04.26-14.28.45:189][424]LogModuleManager: Shutting down and abandoning module VisualStudioSourceCodeAccess (254)
[2017.04.26-14.28.45:190][424]LogModuleManager: Shutting down and abandoning module DesktopPlatform (253)
[2017.04.26-14.28.45:190][424]LogModuleManager: Shutting down and abandoning module UObjectPlugin (250)
[2017.04.26-14.28.45:190][424]LogModuleManager: Shutting down and abandoning module SubversionSourceControl (248)
[2017.04.26-14.28.45:190][424]LogModuleManager: Shutting down and abandoning module PerforceSourceControl (246)
[2017.04.26-14.28.45:190][424]LogModuleManager: Shutting down and abandoning module GitSourceControl (244)
[2017.04.26-14.28.45:190][424]LogModuleManager: Shutting down and abandoning module SourceControl (243)
[2017.04.26-14.28.45:190][424]LogModuleManager: Shutting down and abandoning module LightPropagationVolumeEditor (240)
[2017.04.26-14.28.45:190][424]LogModuleManager: Shutting down and abandoning module PaperTiledImporter (238)
[2017.04.26-14.28.45:190][424]LogModuleManager: Shutting down and abandoning module PaperSpriteSheetImporter (236)
[2017.04.26-14.28.45:190][424]LogModuleManager: Shutting down and abandoning module Paper2DEditor (234)
[2017.04.26-14.28.45:190][424]LogModuleManager: Shutting down and abandoning module MeshPaint (233)
[2017.04.26-14.28.45:190][424]LogModuleManager: Shutting down and abandoning module LevelEditor (231)
[2017.04.26-14.28.45:192][424]LogModuleManager: Shutting down and abandoning module PixelInspectorModule (230)
[2017.04.26-14.28.45:192][424]LogModuleManager: Shutting down and abandoning module MainFrame (228)
[2017.04.26-14.28.45:192][424]LogModuleManager: Shutting down and abandoning module HotReload (227)
[2017.04.26-14.28.45:193][424]LogModuleManager: Shutting down and abandoning module ContentBrowser (223)
[2017.04.26-14.28.45:197][424]LogModuleManager: Shutting down and abandoning module PhysXVehiclesEditor (220)
[2017.04.26-14.28.45:197][424]LogModuleManager: Shutting down and abandoning module PhysXVehicles (218)
[2017.04.26-14.28.45:197][424]LogModuleManager: Shutting down and abandoning module LocationServicesBPLibrary (216)
[2017.04.26-14.28.45:197][424]LogModuleManager: Shutting down and abandoning module UdpMessaging (214)
[2017.04.26-14.28.45:297][424]LogModuleManager: Shutting down and abandoning module TcpMessaging (212)
[2017.04.26-14.28.45:398][424]LogModuleManager: Shutting down and abandoning module GameplayTagsEditor (210)
[2017.04.26-14.28.45:398][424]LogModuleManager: Shutting down and abandoning module FacialAnimationEditor (208)
[2017.04.26-14.28.45:398][424]LogModuleManager: Shutting down and abandoning module FacialAnimation (206)
[2017.04.26-14.28.45:398][424]LogModuleManager: Shutting down and abandoning module LightPropagationVolumeRuntime (204)
[2017.04.26-14.28.45:398][424]LogModuleManager: Shutting down and abandoning module Paper2D (202)
[2017.04.26-14.28.45:398][424]LogModuleManager: Shutting down and abandoning module WindowsMoviePlayer (200)
[2017.04.26-14.28.45:398][424]LogModuleManager: Shutting down and abandoning module WmfMedia (198)
[2017.04.26-14.28.45:398][424]LogModuleManager: Shutting down and abandoning module MfMedia (196)
[2017.04.26-14.28.45:398][424]LogModuleManager: Shutting down and abandoning module MediaAssets (194)
[2017.04.26-14.28.45:398][424]LogModuleManager: Shutting down and abandoning module GameLiveStreaming (192)
[2017.04.26-14.28.45:398][424]LogModuleManager: Shutting down and abandoning module VREditor (190)
[2017.04.26-14.28.45:398][424]LogModuleManager: Shutting down and abandoning module GameplayTasksEditor (188)
[2017.04.26-14.28.45:398][424]LogModuleManager: Shutting down and abandoning module BehaviorTreeEditor (186)
[2017.04.26-14.28.45:398][424]LogModuleManager: Shutting down and abandoning module FunctionalTesting (184)
[2017.04.26-14.28.45:398][424]LogModuleManager: Shutting down and abandoning module CollisionAnalyzer (182)
[2017.04.26-14.28.45:398][424]LogModuleManager: Shutting down and abandoning module UMG (180)
[2017.04.26-14.28.45:398][424]LogModuleManager: Shutting down and abandoning module UMGEditor (179)
[2017.04.26-14.28.45:398][424]LogModuleManager: Shutting down and abandoning module Sequencer (178)
[2017.04.26-14.28.45:398][424]LogModuleManager: Shutting down and abandoning module AssetTools (176)
[2017.04.26-14.28.45:398][424]LogModuleManager: Shutting down and abandoning module MessageLog (175)
[2017.04.26-14.28.45:398][424]LogModuleManager: Shutting down and abandoning module WorkspaceMenuStructure (174)
[2017.04.26-14.28.45:398][424]LogModuleManager: Shutting down and abandoning module SlateReflector (168)
[2017.04.26-14.28.45:398][424]LogModuleManager: Shutting down and abandoning module Slate (166)
[2017.04.26-14.28.45:398][424]LogModuleManager: Shutting down and abandoning module EditorStyle (164)
[2017.04.26-14.28.45:405][424]LogModuleManager: Shutting down and abandoning module SourceCodeAccess (162)
[2017.04.26-14.28.45:405][424]LogModuleManager: Shutting down and abandoning module HeadMountedDisplay (160)
[2017.04.26-14.28.45:405][424]LogModuleManager: Shutting down and abandoning module XAudio2 (158)
[2017.04.26-14.28.45:405][424]LogModuleManager: Shutting down and abandoning module Networking (156)
[2017.04.26-14.28.45:405][424]LogModuleManager: Shutting down and abandoning module Core (152)
[2017.04.26-14.28.45:405][424]LogModuleManager: Shutting down and abandoning module AssetRegistry (150)
[2017.04.26-14.28.45:605][424]LogDirectoryWatcher: A directory notification for '../../../Engine/Content/' was aborted.
[2017.04.26-14.28.45:606][424]LogDirectoryWatcher: A directory notification for '../../../../../../Users/Thobias/Documents/Unreal Projects/project1.3/MyProject 1.2/Content/' was aborted.
[2017.04.26-14.28.45:606][424]LogDirectoryWatcher: A directory notification for '../../../Engine/Plugins/2D/Paper2D/Content/' was aborted.
[2017.04.26-14.28.45:606][424]LogModuleManager: Shutting down and abandoning module DirectoryWatcher (149)
[2017.04.26-14.28.45:611][424]LogModuleManager: Shutting down and abandoning module KismetCompiler (146)
[2017.04.26-14.28.45:611][424]LogModuleManager: Shutting down and abandoning module PhysXFormats (144)
[2017.04.26-14.28.45:611][424]LogModuleManager: Shutting down and abandoning module MeshUtilities (142)
[2017.04.26-14.28.45:611][424]LogModuleManager: Shutting down and abandoning module SimplygonSwarm (141)
[2017.04.26-14.28.45:611][424]LogModuleManager: Shutting down and abandoning module SimplygonMeshReduction (139)
[2017.04.26-14.28.45:611][424]LogModuleManager: Shutting down and abandoning module QuadricMeshReduction (137)
[2017.04.26-14.28.45:611][424]LogModuleManager: Shutting down and abandoning module PropertyEditor (135)
[2017.04.26-14.28.45:611][424]LogModuleManager: Shutting down and abandoning module DerivedDataCache (132)
[2017.04.26-14.28.45:636][424]LogDerivedDataCache: Shutdown
[2017.04.26-14.28.45:636][424]LogModuleManager: Shutting down and abandoning module TargetPlatform (130)
[2017.04.26-14.28.45:636][424]LogModuleManager: Shutting down and abandoning module VulkanShaderFormat (129)
[2017.04.26-14.28.45:636][424]LogModuleManager: Shutting down and abandoning module ShaderFormatOpenGL (127)
[2017.04.26-14.28.45:636][424]LogModuleManager: Shutting down and abandoning module ShaderFormatD3D (125)
[2017.04.26-14.28.45:636][424]LogModuleManager: Shutting down and abandoning module MetalShaderFormat (123)
[2017.04.26-14.28.45:636][424]LogModuleManager: Shutting down and abandoning module TextureFormatUncompressed (121)
[2017.04.26-14.28.45:636][424]LogModuleManager: Shutting down and abandoning module TextureFormatPVR (119)
[2017.04.26-14.28.45:636][424]LogModuleManager: Shutting down and abandoning module TextureFormatDXT (117)
[2017.04.26-14.28.45:636][424]LogModuleManager: Shutting down and abandoning module TextureFormatIntelISPCTexComp (115)
[2017.04.26-14.28.45:637][424]LogModuleManager: Shutting down and abandoning module TextureFormatASTC (113)
[2017.04.26-14.28.45:637][424]LogModuleManager: Shutting down and abandoning module ImageWrapper (112)
[2017.04.26-14.28.45:637][424]LogModuleManager: Shutting down and abandoning module TextureFormatAndroid (109)
[2017.04.26-14.28.45:637][424]LogModuleManager: Shutting down and abandoning module AudioFormatOpus (107)
[2017.04.26-14.28.45:637][424]LogModuleManager: Shutting down and abandoning module AudioFormatOgg (105)
[2017.04.26-14.28.45:637][424]LogModuleManager: Shutting down and abandoning module AudioFormatADPCM (103)
[2017.04.26-14.28.45:637][424]LogModuleManager: Shutting down and abandoning module LinuxTargetPlatform (101)
[2017.04.26-14.28.45:637][424]LogModuleManager: Shutting down and abandoning module LinuxServerTargetPlatform (99)
[2017.04.26-14.28.45:637][424]LogModuleManager: Shutting down and abandoning module LinuxNoEditorTargetPlatform (97)
[2017.04.26-14.28.45:637][424]LogModuleManager: Shutting down and abandoning module LinuxClientTargetPlatform (95)
[2017.04.26-14.28.45:637][424]LogModuleManager: Shutting down and abandoning module TVOSTargetPlatform (93)
[2017.04.26-14.28.45:637][424]LogModuleManager: Shutting down and abandoning module Messaging (91)
[2017.04.26-14.28.45:637][424]LogModuleManager: Shutting down and abandoning module IOSTargetPlatform (89)
[2017.04.26-14.28.45:637][424]LogModuleManager: Shutting down and abandoning module HTML5TargetPlatform (87)
[2017.04.26-14.28.45:637][424]LogModuleManager: Shutting down and abandoning module Android_PVRTCTargetPlatform (85)
[2017.04.26-14.28.45:637][424]LogModuleManager: Shutting down and abandoning module Android_MultiTargetPlatform (83)
[2017.04.26-14.28.45:637][424]LogModuleManager: Shutting down and abandoning module Android_ETC2TargetPlatform (81)
[2017.04.26-14.28.45:637][424]LogModuleManager: Shutting down and abandoning module Android_ETC1TargetPlatform (79)
[2017.04.26-14.28.45:637][424]LogModuleManager: Shutting down and abandoning module Android_DXTTargetPlatform (77)
[2017.04.26-14.28.45:637][424]LogModuleManager: Shutting down and abandoning module Android_ATCTargetPlatform (75)
[2017.04.26-14.28.45:637][424]LogModuleManager: Shutting down and abandoning module Android_ASTCTargetPlatform (73)
[2017.04.26-14.28.45:637][424]LogModuleManager: Shutting down and abandoning module AndroidTargetPlatform (71)
[2017.04.26-14.28.45:637][424]LogModuleManager: Shutting down and abandoning module WindowsTargetPlatform (69)
[2017.04.26-14.28.45:637][424]LogModuleManager: Shutting down and abandoning module WindowsServerTargetPlatform (67)
[2017.04.26-14.28.45:637][424]LogModuleManager: Shutting down and abandoning module WindowsNoEditorTargetPlatform (65)
[2017.04.26-14.28.45:637][424]LogModuleManager: Shutting down and abandoning module WindowsClientTargetPlatform (63)
[2017.04.26-14.28.45:637][424]LogModuleManager: Shutting down and abandoning module MacTargetPlatform (61)
[2017.04.26-14.28.45:637][424]LogModuleManager: Shutting down and abandoning module MacServerTargetPlatform (59)
[2017.04.26-14.28.45:637][424]LogModuleManager: Shutting down and abandoning module MacNoEditorTargetPlatform (57)
[2017.04.26-14.28.45:637][424]LogModuleManager: Shutting down and abandoning module MacClientTargetPlatform (55)
[2017.04.26-14.28.45:637][424]LogModuleManager: Shutting down and abandoning module AllDesktopTargetPlatform (53)
[2017.04.26-14.28.45:637][424]LogModuleManager: Shutting down and abandoning module InputCore (50)
[2017.04.26-14.28.45:637][424]LogModuleManager: Shutting down and abandoning module Settings (48)
[2017.04.26-14.28.45:638][424]LogModuleManager: Shutting down and abandoning module OculusRift (46)
[2017.04.26-14.28.45:638][424]LogModuleManager: Shutting down and abandoning module ExampleDeviceProfileSelector (44)
[2017.04.26-14.28.45:638][424]LogModuleManager: Shutting down and abandoning module OnlineBlueprintSupport (42)
[2017.04.26-14.28.45:638][424]LogModuleManager: Shutting down and abandoning module OnlineSubsystem (38)
[2017.04.26-14.28.45:638][424]LogOnline:Display: Unloading online subsystem: NULL
[2017.04.26-14.28.45:638][424]LogModuleManager: Shutting down and abandoning module XMPP (37)
[2017.04.26-14.28.45:638][424]LogModuleManager: Shutting down and abandoning module HTTP (35)
[2017.04.26-14.28.45:638][424]LogHttp:Display: Http module shutting down, but needs to wait on 1 outstanding Http requests:
[2017.04.26-14.28.45:638][424]LogHttp:Display: 	verb=[POST] url=[https://datarouter.ol.epicgames.com/datarouter/api/v1/public/data?SessionID=%7B82BC27BF-4CF6-9F3D-ABCC-CE9F92939F88%7D&AppID=UEEditor.Rocket.Release&AppVersion=4.15.0-3299760%2B%2B%2BUE4%2BRelease-4.15&UserID=818e0bff47ec8895cf5c2fa74c94cc3f%7C34260977452e452897a67d6b49193a1b%7Cec9cc05f-24b1-4926-8731-15e4944ba103&AppEnvironment=datacollector-binary&UploadType=eteventstream] status=Processing
[2017.04.26-14.28.45:645][424]LogModuleManager: Shutting down and abandoning module SSL (34)
[2017.04.26-14.28.45:647][424]LogModuleManager: Shutting down and abandoning module AudioEditor (30)
[2017.04.26-14.28.45:647][424]LogModuleManager: Shutting down and abandoning module TextureCompressor (28)
[2017.04.26-14.28.45:647][424]LogModuleManager: Shutting down and abandoning module ShaderCore (26)
[2017.04.26-14.28.45:647][424]LogModuleManager: Shutting down and abandoning module Landscape (24)
[2017.04.26-14.28.45:647][424]LogModuleManager: Shutting down and abandoning module SlateRHIRenderer (22)
[2017.04.26-14.28.45:653][424]LogModuleManager: Shutting down and abandoning module OpenGLDrv (20)
[2017.04.26-14.28.45:653][424]LogModuleManager: Shutting down and abandoning module D3D11RHI (18)
[2017.04.26-14.28.45:653][424]LogModuleManager: Shutting down and abandoning module AnimGraphRuntime (16)
[2017.04.26-14.28.45:653][424]LogModuleManager: Shutting down and abandoning module Renderer (14)
[2017.04.26-14.28.45:653][424]LogModuleManager: Shutting down and abandoning module Engine (12)
[2017.04.26-14.28.45:653][424]LogModuleManager: Shutting down and abandoning module CoreUObject (10)
[2017.04.26-14.28.45:653][424]LogModuleManager: Shutting down and abandoning module NetworkFile (8)
[2017.04.26-14.28.45:653][424]LogModuleManager: Shutting down and abandoning module StreamingFile (6)
[2017.04.26-14.28.45:653][424]LogModuleManager: Shutting down and abandoning module SandboxFile (4)
[2017.04.26-14.28.45:653][424]LogModuleManager: Shutting down and abandoning module PakFile (2)
[2017.04.26-14.28.45:655][424]LogExit: Exiting.
[2017.04.26-14.28.45:660][424]Log file closed, 04/26/17 16:28:45
